Determining if the environ exist failed with the following output:
Change Dir: /home/pi/newBuild/cmake-3.4.1/CMakeFiles/CMakeTmp

Run Build Command:"/usr/bin/make" "cmTC_34195/fast"
make -f CMakeFiles/cmTC_34195.dir/build.make CMakeFiles/cmTC_34195.dir/build
make[1]: Entering directory '/home/pi/newBuild/cmake-3.4.1/CMakeFiles/CMakeTmp'
Building C object CMakeFiles/cmTC_34195.dir/CheckSymbolExists.c.o
/usr/bin/gcc     -o CMakeFiles/cmTC_34195.dir/CheckSymbolExists.c.o   -c /home/pi/newBuild/cmake-3.4.1/CMakeFiles/CMakeTmp/CheckSymbolExists.c
/home/pi/newBuild/cmake-3.4.1/CMakeFiles/CMakeTmp/CheckSymbolExists.c: In function ‘main’:
/home/pi/newBuild/cmake-3.4.1/CMakeFiles/CMakeTmp/CheckSymbolExists.c:8:19: error: ‘environ’ undeclared (first use in this function)
   return ((int*)(&environ))[argc];
                   ^~~~~~~
/home/pi/newBuild/cmake-3.4.1/CMakeFiles/CMakeTmp/CheckSymbolExists.c:8:19: note: each undeclared identifier is reported only once for each function it appears in
CMakeFiles/cmTC_34195.dir/build.make:65: recipe for target 'CMakeFiles/cmTC_34195.dir/CheckSymbolExists.c.o' failed
make[1]: *** [CMakeFiles/cmTC_34195.dir/CheckSymbolExists.c.o] Error 1
make[1]: Leaving directory '/home/pi/newBuild/cmake-3.4.1/CMakeFiles/CMakeTmp'
Makefile:126: recipe for target 'cmTC_34195/fast' failed
make: *** [cmTC_34195/fast] Error 2

File /home/pi/newBuild/cmake-3.4.1/CMakeFiles/CMakeTmp/CheckSymbolExists.c:
/* */
#include <stdlib.h>

int main(int argc, char** argv)
{
  (void)argv;
#ifndef environ
  return ((int*)(&environ))[argc];
#else
  (void)argc;
  return 0;
#endif
}

Checking whether C++ compiler has '__int64' failed to compile with the following output:
Change Dir: /home/pi/newBuild/cmake-3.4.1/Source/kwsys/CMakeFiles/CMakeTmp

Run Build Command:"/usr/bin/make" "cmTC_a6559/fast"
make -f CMakeFiles/cmTC_a6559.dir/build.make CMakeFiles/cmTC_a6559.dir/build
make[1]: Entering directory '/home/pi/newBuild/cmake-3.4.1/Source/kwsys/CMakeFiles/CMakeTmp'
Building CXX object CMakeFiles/cmTC_a6559.dir/kwsysPlatformTestsCXX.cxx.o
/usr/bin/g++   -DTEST_KWSYS_CXX_HAS___INT64   -o CMakeFiles/cmTC_a6559.dir/kwsysPlatformTestsCXX.cxx.o -c /home/pi/newBuild/cmake-3.4.1/Source/kwsys/kwsysPlatformTestsCXX.cxx
/home/pi/newBuild/cmake-3.4.1/Source/kwsys/kwsysPlatformTestsCXX.cxx:27:1: error: ‘__int64’ does not name a type
 __int64 f(__int64 n) { return n; }
 ^~~~~~~
/home/pi/newBuild/cmake-3.4.1/Source/kwsys/kwsysPlatformTestsCXX.cxx: In function ‘int main()’:
/home/pi/newBuild/cmake-3.4.1/Source/kwsys/kwsysPlatformTestsCXX.cxx:30:3: error: ‘__int64’ was not declared in this scope
   __int64 n = 0;
   ^~~~~~~
/home/pi/newBuild/cmake-3.4.1/Source/kwsys/kwsysPlatformTestsCXX.cxx:31:29: error: ‘n’ was not declared in this scope
   return static_cast<int>(f(n));
                             ^
/home/pi/newBuild/cmake-3.4.1/Source/kwsys/kwsysPlatformTestsCXX.cxx:31:30: error: ‘f’ was not declared in this scope
   return static_cast<int>(f(n));
                              ^
CMakeFiles/cmTC_a6559.dir/build.make:65: recipe for target 'CMakeFiles/cmTC_a6559.dir/kwsysPlatformTestsCXX.cxx.o' failed
make[1]: *** [CMakeFiles/cmTC_a6559.dir/kwsysPlatformTestsCXX.cxx.o] Error 1
make[1]: Leaving directory '/home/pi/newBuild/cmake-3.4.1/Source/kwsys/CMakeFiles/CMakeTmp'
Makefile:126: recipe for target 'cmTC_a6559/fast' failed
make: *** [cmTC_a6559/fast] Error 2


Determining size of __int64 failed with the following output:
Change Dir: /home/pi/newBuild/cmake-3.4.1/CMakeFiles/CMakeTmp

Run Build Command:"/usr/bin/make" "cmTC_07b8b/fast"
make -f CMakeFiles/cmTC_07b8b.dir/build.make CMakeFiles/cmTC_07b8b.dir/build
make[1]: Entering directory '/home/pi/newBuild/cmake-3.4.1/CMakeFiles/CMakeTmp'
Building C object CMakeFiles/cmTC_07b8b.dir/KWSYS_SIZEOF___INT64.c.o
/usr/bin/gcc     -o CMakeFiles/cmTC_07b8b.dir/KWSYS_SIZEOF___INT64.c.o   -c /home/pi/newBuild/cmake-3.4.1/CMakeFiles/CheckTypeSize/KWSYS_SIZEOF___INT64.c
/home/pi/newBuild/cmake-3.4.1/CMakeFiles/CheckTypeSize/KWSYS_SIZEOF___INT64.c:17:22: error: ‘__int64’ undeclared here (not in a function)
 #define SIZE (sizeof(__int64))
                      ^
/home/pi/newBuild/cmake-3.4.1/CMakeFiles/CheckTypeSize/KWSYS_SIZEOF___INT64.c:19:12: note: in expansion of macro ‘SIZE’
   ('0' + ((SIZE / 10000)%10)),
            ^~~~
CMakeFiles/cmTC_07b8b.dir/build.make:65: recipe for target 'CMakeFiles/cmTC_07b8b.dir/KWSYS_SIZEOF___INT64.c.o' failed
make[1]: *** [CMakeFiles/cmTC_07b8b.dir/KWSYS_SIZEOF___INT64.c.o] Error 1
make[1]: Leaving directory '/home/pi/newBuild/cmake-3.4.1/CMakeFiles/CMakeTmp'
Makefile:126: recipe for target 'cmTC_07b8b/fast' failed
make: *** [cmTC_07b8b/fast] Error 2

/home/pi/newBuild/cmake-3.4.1/CMakeFiles/CheckTypeSize/KWSYS_SIZEOF___INT64.c:
#include <sys/types.h>
#include <stdint.h>
#include <stddef.h>


#undef KEY
#if defined(__i386)
# define KEY '_','_','i','3','8','6'
#elif defined(__x86_64)
# define KEY '_','_','x','8','6','_','6','4'
#elif defined(__ppc__)
# define KEY '_','_','p','p','c','_','_'
#elif defined(__ppc64__)
# define KEY '_','_','p','p','c','6','4','_','_'
#endif

#define SIZE (sizeof(__int64))
char info_size[] =  {'I', 'N', 'F', 'O', ':', 's','i','z','e','[',
  ('0' + ((SIZE / 10000)%10)),
  ('0' + ((SIZE / 1000)%10)),
  ('0' + ((SIZE / 100)%10)),
  ('0' + ((SIZE / 10)%10)),
  ('0' +  (SIZE    % 10)),
  ']',
#ifdef KEY
  ' ','k','e','y','[', KEY, ']',
#endif
  '\0'};

#ifdef __CLASSIC_C__
int main(argc, argv) int argc; char *argv[];
#else
int main(int argc, char *argv[])
#endif
{
  int require = 0;
  require += info_size[argc];
  (void)argv;
  return require;
}


Checking whether char is signed compiled but failed to run with the following output:
Change Dir: /home/pi/newBuild/cmake-3.4.1/Source/kwsys/CMakeFiles/CMakeTmp

Run Build Command:"/usr/bin/make" "cmTC_658fe/fast"
make -f CMakeFiles/cmTC_658fe.dir/build.make CMakeFiles/cmTC_658fe.dir/build
make[1]: Entering directory '/home/pi/newBuild/cmake-3.4.1/Source/kwsys/CMakeFiles/CMakeTmp'
Building CXX object CMakeFiles/cmTC_658fe.dir/kwsysPlatformTestsCXX.cxx.o
/usr/bin/g++   -DTEST_KWSYS_CHAR_IS_SIGNED   -o CMakeFiles/cmTC_658fe.dir/kwsysPlatformTestsCXX.cxx.o -c /home/pi/newBuild/cmake-3.4.1/Source/kwsys/kwsysPlatformTestsCXX.cxx
Linking CXX executable cmTC_658fe
/home/pi/newBuild/cmake-3.4.1/Bootstrap.cmk/cmake -E cmake_link_script CMakeFiles/cmTC_658fe.dir/link.txt --verbose=1
/usr/bin/g++        CMakeFiles/cmTC_658fe.dir/kwsysPlatformTestsCXX.cxx.o  -o cmTC_658fe -rdynamic 
make[1]: Leaving directory '/home/pi/newBuild/cmake-3.4.1/Source/kwsys/CMakeFiles/CMakeTmp'


Checking whether CXX compiler has environ in stdlib.h failed to compile with the following output:
Change Dir: /home/pi/newBuild/cmake-3.4.1/Source/kwsys/CMakeFiles/CMakeTmp

Run Build Command:"/usr/bin/make" "cmTC_a2cbb/fast"
make -f CMakeFiles/cmTC_a2cbb.dir/build.make CMakeFiles/cmTC_a2cbb.dir/build
make[1]: Entering directory '/home/pi/newBuild/cmake-3.4.1/Source/kwsys/CMakeFiles/CMakeTmp'
Building CXX object CMakeFiles/cmTC_a2cbb.dir/kwsysPlatformTestsCXX.cxx.o
/usr/bin/g++   -DTEST_KWSYS_CXX_HAS_ENVIRON_IN_STDLIB_H   -o CMakeFiles/cmTC_a2cbb.dir/kwsysPlatformTestsCXX.cxx.o -c /home/pi/newBuild/cmake-3.4.1/Source/kwsys/kwsysPlatformTestsCXX.cxx
/home/pi/newBuild/cmake-3.4.1/Source/kwsys/kwsysPlatformTestsCXX.cxx: In function ‘int main()’:
/home/pi/newBuild/cmake-3.4.1/Source/kwsys/kwsysPlatformTestsCXX.cxx:200:13: error: ‘environ’ was not declared in this scope
   char* e = environ[0];
             ^~~~~~~
CMakeFiles/cmTC_a2cbb.dir/build.make:65: recipe for target 'CMakeFiles/cmTC_a2cbb.dir/kwsysPlatformTestsCXX.cxx.o' failed
make[1]: *** [CMakeFiles/cmTC_a2cbb.dir/kwsysPlatformTestsCXX.cxx.o] Error 1
make[1]: Leaving directory '/home/pi/newBuild/cmake-3.4.1/Source/kwsys/CMakeFiles/CMakeTmp'
Makefile:126: recipe for target 'cmTC_a2cbb/fast' failed
make: *** [cmTC_a2cbb/fast] Error 2


Checking whether CXX compiler has _atoi64 failed to compile with the following output:
Change Dir: /home/pi/newBuild/cmake-3.4.1/Source/kwsys/CMakeFiles/CMakeTmp

Run Build Command:"/usr/bin/make" "cmTC_d7887/fast"
make -f CMakeFiles/cmTC_d7887.dir/build.make CMakeFiles/cmTC_d7887.dir/build
make[1]: Entering directory '/home/pi/newBuild/cmake-3.4.1/Source/kwsys/CMakeFiles/CMakeTmp'
Building CXX object CMakeFiles/cmTC_d7887.dir/kwsysPlatformTestsCXX.cxx.o
/usr/bin/g++   -DTEST_KWSYS_CXX_HAS__ATOI64   -o CMakeFiles/cmTC_d7887.dir/kwsysPlatformTestsCXX.cxx.o -c /home/pi/newBuild/cmake-3.4.1/Source/kwsys/kwsysPlatformTestsCXX.cxx
/home/pi/newBuild/cmake-3.4.1/Source/kwsys/kwsysPlatformTestsCXX.cxx: In function ‘int main()’:
/home/pi/newBuild/cmake-3.4.1/Source/kwsys/kwsysPlatformTestsCXX.cxx:256:38: error: ‘_atoi64’ was not declared in this scope
   return static_cast<int>(_atoi64(str));
                                      ^
CMakeFiles/cmTC_d7887.dir/build.make:65: recipe for target 'CMakeFiles/cmTC_d7887.dir/kwsysPlatformTestsCXX.cxx.o' failed
make[1]: *** [CMakeFiles/cmTC_d7887.dir/kwsysPlatformTestsCXX.cxx.o] Error 1
make[1]: Leaving directory '/home/pi/newBuild/cmake-3.4.1/Source/kwsys/CMakeFiles/CMakeTmp'
Makefile:126: recipe for target 'cmTC_d7887/fast' failed
make: *** [cmTC_d7887/fast] Error 2


Determining if the function connect exists in the socket;dl failed with the following output:
Change Dir: /home/pi/newBuild/cmake-3.4.1/CMakeFiles/CMakeTmp

Run Build Command:"/usr/bin/make" "cmTC_9c504/fast"
make -f CMakeFiles/cmTC_9c504.dir/build.make CMakeFiles/cmTC_9c504.dir/build
make[1]: Entering directory '/home/pi/newBuild/cmake-3.4.1/CMakeFiles/CMakeTmp'
Building C object CMakeFiles/cmTC_9c504.dir/CheckFunctionExists.c.o
/usr/bin/gcc    -w -DCHECK_FUNCTION_EXISTS=connect   -o CMakeFiles/cmTC_9c504.dir/CheckFunctionExists.c.o   -c /home/pi/newBuild/cmake-3.4.1/Modules/CheckFunctionExists.c
Linking C executable cmTC_9c504
/home/pi/newBuild/cmake-3.4.1/Bootstrap.cmk/cmake -E cmake_link_script CMakeFiles/cmTC_9c504.dir/link.txt --verbose=1
/usr/bin/gcc    -w -DCHECK_FUNCTION_EXISTS=connect    CMakeFiles/cmTC_9c504.dir/CheckFunctionExists.c.o  -o cmTC_9c504 -rdynamic -lsocket -ldl 
/usr/bin/ld: cannot find -lsocket
collect2: error: ld returned 1 exit status
CMakeFiles/cmTC_9c504.dir/build.make:97: recipe for target 'cmTC_9c504' failed
make[1]: *** [cmTC_9c504] Error 1
make[1]: Leaving directory '/home/pi/newBuild/cmake-3.4.1/CMakeFiles/CMakeTmp'
Makefile:126: recipe for target 'cmTC_9c504/fast' failed
make: *** [cmTC_9c504/fast] Error 2


Determining if the function recv exists in the network;dl failed with the following output:
Change Dir: /home/pi/newBuild/cmake-3.4.1/CMakeFiles/CMakeTmp

Run Build Command:"/usr/bin/make" "cmTC_269b2/fast"
make -f CMakeFiles/cmTC_269b2.dir/build.make CMakeFiles/cmTC_269b2.dir/build
make[1]: Entering directory '/home/pi/newBuild/cmake-3.4.1/CMakeFiles/CMakeTmp'
Building C object CMakeFiles/cmTC_269b2.dir/CheckFunctionExists.c.o
/usr/bin/gcc    -w -DCHECK_FUNCTION_EXISTS=recv   -o CMakeFiles/cmTC_269b2.dir/CheckFunctionExists.c.o   -c /home/pi/newBuild/cmake-3.4.1/Modules/CheckFunctionExists.c
Linking C executable cmTC_269b2
/home/pi/newBuild/cmake-3.4.1/Bootstrap.cmk/cmake -E cmake_link_script CMakeFiles/cmTC_269b2.dir/link.txt --verbose=1
/usr/bin/gcc    -w -DCHECK_FUNCTION_EXISTS=recv    CMakeFiles/cmTC_269b2.dir/CheckFunctionExists.c.o  -o cmTC_269b2 -rdynamic -lnetwork -ldl 
/usr/bin/ld: cannot find -lnetwork
collect2: error: ld returned 1 exit status
CMakeFiles/cmTC_269b2.dir/build.make:97: recipe for target 'cmTC_269b2' failed
make[1]: *** [cmTC_269b2] Error 1
make[1]: Leaving directory '/home/pi/newBuild/cmake-3.4.1/CMakeFiles/CMakeTmp'
Makefile:126: recipe for target 'cmTC_269b2/fast' failed
make: *** [cmTC_269b2/fast] Error 2


Determining if the function idna_to_ascii_lz exists in the idn;dl failed with the following output:
Change Dir: /home/pi/newBuild/cmake-3.4.1/CMakeFiles/CMakeTmp

Run Build Command:"/usr/bin/make" "cmTC_3dc6c/fast"
make -f CMakeFiles/cmTC_3dc6c.dir/build.make CMakeFiles/cmTC_3dc6c.dir/build
make[1]: Entering directory '/home/pi/newBuild/cmake-3.4.1/CMakeFiles/CMakeTmp'
Building C object CMakeFiles/cmTC_3dc6c.dir/CheckFunctionExists.c.o
/usr/bin/gcc    -w -DCHECK_FUNCTION_EXISTS=idna_to_ascii_lz   -o CMakeFiles/cmTC_3dc6c.dir/CheckFunctionExists.c.o   -c /home/pi/newBuild/cmake-3.4.1/Modules/CheckFunctionExists.c
Linking C executable cmTC_3dc6c
/home/pi/newBuild/cmake-3.4.1/Bootstrap.cmk/cmake -E cmake_link_script CMakeFiles/cmTC_3dc6c.dir/link.txt --verbose=1
/usr/bin/gcc    -w -DCHECK_FUNCTION_EXISTS=idna_to_ascii_lz    CMakeFiles/cmTC_3dc6c.dir/CheckFunctionExists.c.o  -o cmTC_3dc6c -rdynamic -lidn -ldl 
/usr/bin/ld: cannot find -lidn
collect2: error: ld returned 1 exit status
CMakeFiles/cmTC_3dc6c.dir/build.make:97: recipe for target 'cmTC_3dc6c' failed
make[1]: *** [cmTC_3dc6c] Error 1
make[1]: Leaving directory '/home/pi/newBuild/cmake-3.4.1/CMakeFiles/CMakeTmp'
Makefile:126: recipe for target 'cmTC_3dc6c/fast' failed
make: *** [cmTC_3dc6c/fast] Error 2


Determining if files stdio.h;inttypes.h;sys/filio.h exist failed with the following output:
Change Dir: /home/pi/newBuild/cmake-3.4.1/CMakeFiles/CMakeTmp

Run Build Command:"/usr/bin/make" "cmTC_9144b/fast"
make -f CMakeFiles/cmTC_9144b.dir/build.make CMakeFiles/cmTC_9144b.dir/build
make[1]: Entering directory '/home/pi/newBuild/cmake-3.4.1/CMakeFiles/CMakeTmp'
Building C object CMakeFiles/cmTC_9144b.dir/CheckIncludeFiles.c.o
/usr/bin/gcc    -w    -o CMakeFiles/cmTC_9144b.dir/CheckIncludeFiles.c.o   -c /home/pi/newBuild/cmake-3.4.1/CMakeFiles/CMakeTmp/CheckIncludeFiles.c
/home/pi/newBuild/cmake-3.4.1/CMakeFiles/CMakeTmp/CheckIncludeFiles.c:4:23: fatal error: sys/filio.h: No such file or directory
 #include <sys/filio.h>
                       ^
compilation terminated.
CMakeFiles/cmTC_9144b.dir/build.make:65: recipe for target 'CMakeFiles/cmTC_9144b.dir/CheckIncludeFiles.c.o' failed
make[1]: *** [CMakeFiles/cmTC_9144b.dir/CheckIncludeFiles.c.o] Error 1
make[1]: Leaving directory '/home/pi/newBuild/cmake-3.4.1/CMakeFiles/CMakeTmp'
Makefile:126: recipe for target 'cmTC_9144b/fast' failed
make: *** [cmTC_9144b/fast] Error 2

Source:
/* */
#include <stdio.h>
#include <inttypes.h>
#include <sys/filio.h>


int main(void){return 0;}

Determining if files stdio.h;inttypes.h;sys/ioctl.h;sys/param.h;sys/poll.h;sys/resource.h;sys/select.h;sys/socket.h;sys/sockio.h exist failed with the following output:
Change Dir: /home/pi/newBuild/cmake-3.4.1/CMakeFiles/CMakeTmp

Run Build Command:"/usr/bin/make" "cmTC_dfab2/fast"
make -f CMakeFiles/cmTC_dfab2.dir/build.make CMakeFiles/cmTC_dfab2.dir/build
make[1]: Entering directory '/home/pi/newBuild/cmake-3.4.1/CMakeFiles/CMakeTmp'
Building C object CMakeFiles/cmTC_dfab2.dir/CheckIncludeFiles.c.o
/usr/bin/gcc    -w    -o CMakeFiles/cmTC_dfab2.dir/CheckIncludeFiles.c.o   -c /home/pi/newBuild/cmake-3.4.1/CMakeFiles/CMakeTmp/CheckIncludeFiles.c
/home/pi/newBuild/cmake-3.4.1/CMakeFiles/CMakeTmp/CheckIncludeFiles.c:10:24: fatal error: sys/sockio.h: No such file or directory
 #include <sys/sockio.h>
                        ^
compilation terminated.
CMakeFiles/cmTC_dfab2.dir/build.make:65: recipe for target 'CMakeFiles/cmTC_dfab2.dir/CheckIncludeFiles.c.o' failed
make[1]: *** [CMakeFiles/cmTC_dfab2.dir/CheckIncludeFiles.c.o] Error 1
make[1]: Leaving directory '/home/pi/newBuild/cmake-3.4.1/CMakeFiles/CMakeTmp'
Makefile:126: recipe for target 'cmTC_dfab2/fast' failed
make: *** [cmTC_dfab2/fast] Error 2

Source:
/* */
#include <stdio.h>
#include <inttypes.h>
#include <sys/ioctl.h>
#include <sys/param.h>
#include <sys/poll.h>
#include <sys/resource.h>
#include <sys/select.h>
#include <sys/socket.h>
#include <sys/sockio.h>


int main(void){return 0;}

Determining if files stdio.h;inttypes.h;sys/ioctl.h;sys/param.h;sys/poll.h;sys/resource.h;sys/select.h;sys/socket.h;sys/stat.h;sys/time.h;sys/types.h;sys/uio.h;sys/un.h;sys/utime.h exist failed with the following output:
Change Dir: /home/pi/newBuild/cmake-3.4.1/CMakeFiles/CMakeTmp

Run Build Command:"/usr/bin/make" "cmTC_226eb/fast"
make -f CMakeFiles/cmTC_226eb.dir/build.make CMakeFiles/cmTC_226eb.dir/build
make[1]: Entering directory '/home/pi/newBuild/cmake-3.4.1/CMakeFiles/CMakeTmp'
Building C object CMakeFiles/cmTC_226eb.dir/CheckIncludeFiles.c.o
/usr/bin/gcc    -w    -o CMakeFiles/cmTC_226eb.dir/CheckIncludeFiles.c.o   -c /home/pi/newBuild/cmake-3.4.1/CMakeFiles/CMakeTmp/CheckIncludeFiles.c
/home/pi/newBuild/cmake-3.4.1/CMakeFiles/CMakeTmp/CheckIncludeFiles.c:15:23: fatal error: sys/utime.h: No such file or directory
 #include <sys/utime.h>
                       ^
compilation terminated.
CMakeFiles/cmTC_226eb.dir/build.make:65: recipe for target 'CMakeFiles/cmTC_226eb.dir/CheckIncludeFiles.c.o' failed
make[1]: *** [CMakeFiles/cmTC_226eb.dir/CheckIncludeFiles.c.o] Error 1
make[1]: Leaving directory '/home/pi/newBuild/cmake-3.4.1/CMakeFiles/CMakeTmp'
Makefile:126: recipe for target 'cmTC_226eb/fast' failed
make: *** [cmTC_226eb/fast] Error 2

Source:
/* */
#include <stdio.h>
#include <inttypes.h>
#include <sys/ioctl.h>
#include <sys/param.h>
#include <sys/poll.h>
#include <sys/resource.h>
#include <sys/select.h>
#include <sys/socket.h>
#include <sys/stat.h>
#include <sys/time.h>
#include <sys/types.h>
#include <sys/uio.h>
#include <sys/un.h>
#include <sys/utime.h>


int main(void){return 0;}

Determining if files stdio.h;inttypes.h;sys/ioctl.h;sys/param.h;sys/poll.h;sys/resource.h;sys/select.h;sys/socket.h;sys/stat.h;sys/time.h;sys/types.h;sys/uio.h;sys/un.h;alloca.h;arpa/inet.h;arpa/tftp.h;assert.h;crypto.h exist failed with the following output:
Change Dir: /home/pi/newBuild/cmake-3.4.1/CMakeFiles/CMakeTmp

Run Build Command:"/usr/bin/make" "cmTC_de01f/fast"
make -f CMakeFiles/cmTC_de01f.dir/build.make CMakeFiles/cmTC_de01f.dir/build
make[1]: Entering directory '/home/pi/newBuild/cmake-3.4.1/CMakeFiles/CMakeTmp'
Building C object CMakeFiles/cmTC_de01f.dir/CheckIncludeFiles.c.o
/usr/bin/gcc    -w    -o CMakeFiles/cmTC_de01f.dir/CheckIncludeFiles.c.o   -c /home/pi/newBuild/cmake-3.4.1/CMakeFiles/CMakeTmp/CheckIncludeFiles.c
/home/pi/newBuild/cmake-3.4.1/CMakeFiles/CMakeTmp/CheckIncludeFiles.c:19:20: fatal error: crypto.h: No such file or directory
 #include <crypto.h>
                    ^
compilation terminated.
CMakeFiles/cmTC_de01f.dir/build.make:65: recipe for target 'CMakeFiles/cmTC_de01f.dir/CheckIncludeFiles.c.o' failed
make[1]: *** [CMakeFiles/cmTC_de01f.dir/CheckIncludeFiles.c.o] Error 1
make[1]: Leaving directory '/home/pi/newBuild/cmake-3.4.1/CMakeFiles/CMakeTmp'
Makefile:126: recipe for target 'cmTC_de01f/fast' failed
make: *** [cmTC_de01f/fast] Error 2

Source:
/* */
#include <stdio.h>
#include <inttypes.h>
#include <sys/ioctl.h>
#include <sys/param.h>
#include <sys/poll.h>
#include <sys/resource.h>
#include <sys/select.h>
#include <sys/socket.h>
#include <sys/stat.h>
#include <sys/time.h>
#include <sys/types.h>
#include <sys/uio.h>
#include <sys/un.h>
#include <alloca.h>
#include <arpa/inet.h>
#include <arpa/tftp.h>
#include <assert.h>
#include <crypto.h>


int main(void){return 0;}

Determining if files stdio.h;inttypes.h;sys/ioctl.h;sys/param.h;sys/poll.h;sys/resource.h;sys/select.h;sys/socket.h;sys/stat.h;sys/time.h;sys/types.h;sys/uio.h;sys/un.h;alloca.h;arpa/inet.h;arpa/tftp.h;assert.h;des.h exist failed with the following output:
Change Dir: /home/pi/newBuild/cmake-3.4.1/CMakeFiles/CMakeTmp

Run Build Command:"/usr/bin/make" "cmTC_612de/fast"
make -f CMakeFiles/cmTC_612de.dir/build.make CMakeFiles/cmTC_612de.dir/build
make[1]: Entering directory '/home/pi/newBuild/cmake-3.4.1/CMakeFiles/CMakeTmp'
Building C object CMakeFiles/cmTC_612de.dir/CheckIncludeFiles.c.o
/usr/bin/gcc    -w    -o CMakeFiles/cmTC_612de.dir/CheckIncludeFiles.c.o   -c /home/pi/newBuild/cmake-3.4.1/CMakeFiles/CMakeTmp/CheckIncludeFiles.c
/home/pi/newBuild/cmake-3.4.1/CMakeFiles/CMakeTmp/CheckIncludeFiles.c:19:17: fatal error: des.h: No such file or directory
 #include <des.h>
                 ^
compilation terminated.
CMakeFiles/cmTC_612de.dir/build.make:65: recipe for target 'CMakeFiles/cmTC_612de.dir/CheckIncludeFiles.c.o' failed
make[1]: *** [CMakeFiles/cmTC_612de.dir/CheckIncludeFiles.c.o] Error 1
make[1]: Leaving directory '/home/pi/newBuild/cmake-3.4.1/CMakeFiles/CMakeTmp'
Makefile:126: recipe for target 'cmTC_612de/fast' failed
make: *** [cmTC_612de/fast] Error 2

Source:
/* */
#include <stdio.h>
#include <inttypes.h>
#include <sys/ioctl.h>
#include <sys/param.h>
#include <sys/poll.h>
#include <sys/resource.h>
#include <sys/select.h>
#include <sys/socket.h>
#include <sys/stat.h>
#include <sys/time.h>
#include <sys/types.h>
#include <sys/uio.h>
#include <sys/un.h>
#include <alloca.h>
#include <arpa/inet.h>
#include <arpa/tftp.h>
#include <assert.h>
#include <des.h>


int main(void){return 0;}

Determining if files stdio.h;inttypes.h;sys/ioctl.h;sys/param.h;sys/poll.h;sys/resource.h;sys/select.h;sys/socket.h;sys/stat.h;sys/time.h;sys/types.h;sys/uio.h;sys/un.h;alloca.h;arpa/inet.h;arpa/tftp.h;assert.h;err.h;errno.h;fcntl.h;idn-free.h exist failed with the following output:
Change Dir: /home/pi/newBuild/cmake-3.4.1/CMakeFiles/CMakeTmp

Run Build Command:"/usr/bin/make" "cmTC_b82ba/fast"
make -f CMakeFiles/cmTC_b82ba.dir/build.make CMakeFiles/cmTC_b82ba.dir/build
make[1]: Entering directory '/home/pi/newBuild/cmake-3.4.1/CMakeFiles/CMakeTmp'
Building C object CMakeFiles/cmTC_b82ba.dir/CheckIncludeFiles.c.o
/usr/bin/gcc    -w    -o CMakeFiles/cmTC_b82ba.dir/CheckIncludeFiles.c.o   -c /home/pi/newBuild/cmake-3.4.1/CMakeFiles/CMakeTmp/CheckIncludeFiles.c
/home/pi/newBuild/cmake-3.4.1/CMakeFiles/CMakeTmp/CheckIncludeFiles.c:22:22: fatal error: idn-free.h: No such file or directory
 #include <idn-free.h>
                      ^
compilation terminated.
CMakeFiles/cmTC_b82ba.dir/build.make:65: recipe for target 'CMakeFiles/cmTC_b82ba.dir/CheckIncludeFiles.c.o' failed
make[1]: *** [CMakeFiles/cmTC_b82ba.dir/CheckIncludeFiles.c.o] Error 1
make[1]: Leaving directory '/home/pi/newBuild/cmake-3.4.1/CMakeFiles/CMakeTmp'
Makefile:126: recipe for target 'cmTC_b82ba/fast' failed
make: *** [cmTC_b82ba/fast] Error 2

Source:
/* */
#include <stdio.h>
#include <inttypes.h>
#include <sys/ioctl.h>
#include <sys/param.h>
#include <sys/poll.h>
#include <sys/resource.h>
#include <sys/select.h>
#include <sys/socket.h>
#include <sys/stat.h>
#include <sys/time.h>
#include <sys/types.h>
#include <sys/uio.h>
#include <sys/un.h>
#include <alloca.h>
#include <arpa/inet.h>
#include <arpa/tftp.h>
#include <assert.h>
#include <err.h>
#include <errno.h>
#include <fcntl.h>
#include <idn-free.h>


int main(void){return 0;}

Determining if files stdio.h;inttypes.h;sys/ioctl.h;sys/param.h;sys/poll.h;sys/resource.h;sys/select.h;sys/socket.h;sys/stat.h;sys/time.h;sys/types.h;sys/uio.h;sys/un.h;alloca.h;arpa/inet.h;arpa/tftp.h;assert.h;err.h;errno.h;fcntl.h;ifaddrs.h;io.h exist failed with the following output:
Change Dir: /home/pi/newBuild/cmake-3.4.1/CMakeFiles/CMakeTmp

Run Build Command:"/usr/bin/make" "cmTC_b0bca/fast"
make -f CMakeFiles/cmTC_b0bca.dir/build.make CMakeFiles/cmTC_b0bca.dir/build
make[1]: Entering directory '/home/pi/newBuild/cmake-3.4.1/CMakeFiles/CMakeTmp'
Building C object CMakeFiles/cmTC_b0bca.dir/CheckIncludeFiles.c.o
/usr/bin/gcc    -w    -o CMakeFiles/cmTC_b0bca.dir/CheckIncludeFiles.c.o   -c /home/pi/newBuild/cmake-3.4.1/CMakeFiles/CMakeTmp/CheckIncludeFiles.c
/home/pi/newBuild/cmake-3.4.1/CMakeFiles/CMakeTmp/CheckIncludeFiles.c:23:16: fatal error: io.h: No such file or directory
 #include <io.h>
                ^
compilation terminated.
CMakeFiles/cmTC_b0bca.dir/build.make:65: recipe for target 'CMakeFiles/cmTC_b0bca.dir/CheckIncludeFiles.c.o' failed
make[1]: *** [CMakeFiles/cmTC_b0bca.dir/CheckIncludeFiles.c.o] Error 1
make[1]: Leaving directory '/home/pi/newBuild/cmake-3.4.1/CMakeFiles/CMakeTmp'
Makefile:126: recipe for target 'cmTC_b0bca/fast' failed
make: *** [cmTC_b0bca/fast] Error 2

Source:
/* */
#include <stdio.h>
#include <inttypes.h>
#include <sys/ioctl.h>
#include <sys/param.h>
#include <sys/poll.h>
#include <sys/resource.h>
#include <sys/select.h>
#include <sys/socket.h>
#include <sys/stat.h>
#include <sys/time.h>
#include <sys/types.h>
#include <sys/uio.h>
#include <sys/un.h>
#include <alloca.h>
#include <arpa/inet.h>
#include <arpa/tftp.h>
#include <assert.h>
#include <err.h>
#include <errno.h>
#include <fcntl.h>
#include <ifaddrs.h>
#include <io.h>


int main(void){return 0;}

Determining if files stdio.h;inttypes.h;sys/ioctl.h;sys/param.h;sys/poll.h;sys/resource.h;sys/select.h;sys/socket.h;sys/stat.h;sys/time.h;sys/types.h;sys/uio.h;sys/un.h;alloca.h;arpa/inet.h;arpa/tftp.h;assert.h;err.h;errno.h;fcntl.h;ifaddrs.h;krb.h exist failed with the following output:
Change Dir: /home/pi/newBuild/cmake-3.4.1/CMakeFiles/CMakeTmp

Run Build Command:"/usr/bin/make" "cmTC_9000f/fast"
make -f CMakeFiles/cmTC_9000f.dir/build.make CMakeFiles/cmTC_9000f.dir/build
make[1]: Entering directory '/home/pi/newBuild/cmake-3.4.1/CMakeFiles/CMakeTmp'
Building C object CMakeFiles/cmTC_9000f.dir/CheckIncludeFiles.c.o
/usr/bin/gcc    -w    -o CMakeFiles/cmTC_9000f.dir/CheckIncludeFiles.c.o   -c /home/pi/newBuild/cmake-3.4.1/CMakeFiles/CMakeTmp/CheckIncludeFiles.c
/home/pi/newBuild/cmake-3.4.1/CMakeFiles/CMakeTmp/CheckIncludeFiles.c:23:17: fatal error: krb.h: No such file or directory
 #include <krb.h>
                 ^
compilation terminated.
CMakeFiles/cmTC_9000f.dir/build.make:65: recipe for target 'CMakeFiles/cmTC_9000f.dir/CheckIncludeFiles.c.o' failed
make[1]: *** [CMakeFiles/cmTC_9000f.dir/CheckIncludeFiles.c.o] Error 1
make[1]: Leaving directory '/home/pi/newBuild/cmake-3.4.1/CMakeFiles/CMakeTmp'
Makefile:126: recipe for target 'cmTC_9000f/fast' failed
make: *** [cmTC_9000f/fast] Error 2

Source:
/* */
#include <stdio.h>
#include <inttypes.h>
#include <sys/ioctl.h>
#include <sys/param.h>
#include <sys/poll.h>
#include <sys/resource.h>
#include <sys/select.h>
#include <sys/socket.h>
#include <sys/stat.h>
#include <sys/time.h>
#include <sys/types.h>
#include <sys/uio.h>
#include <sys/un.h>
#include <alloca.h>
#include <arpa/inet.h>
#include <arpa/tftp.h>
#include <assert.h>
#include <err.h>
#include <errno.h>
#include <fcntl.h>
#include <ifaddrs.h>
#include <krb.h>


int main(void){return 0;}

Determining if files stdio.h;inttypes.h;sys/ioctl.h;sys/param.h;sys/poll.h;sys/resource.h;sys/select.h;sys/socket.h;sys/stat.h;sys/time.h;sys/types.h;sys/uio.h;sys/un.h;alloca.h;arpa/inet.h;arpa/tftp.h;assert.h;err.h;errno.h;fcntl.h;ifaddrs.h;libgen.h;limits.h;locale.h;net/if.h;netdb.h;netinet/in.h;netinet/tcp.h;pem.h exist failed with the following output:
Change Dir: /home/pi/newBuild/cmake-3.4.1/CMakeFiles/CMakeTmp

Run Build Command:"/usr/bin/make" "cmTC_521f5/fast"
make -f CMakeFiles/cmTC_521f5.dir/build.make CMakeFiles/cmTC_521f5.dir/build
make[1]: Entering directory '/home/pi/newBuild/cmake-3.4.1/CMakeFiles/CMakeTmp'
Building C object CMakeFiles/cmTC_521f5.dir/CheckIncludeFiles.c.o
/usr/bin/gcc    -w    -o CMakeFiles/cmTC_521f5.dir/CheckIncludeFiles.c.o   -c /home/pi/newBuild/cmake-3.4.1/CMakeFiles/CMakeTmp/CheckIncludeFiles.c
/home/pi/newBuild/cmake-3.4.1/CMakeFiles/CMakeTmp/CheckIncludeFiles.c:30:17: fatal error: pem.h: No such file or directory
 #include <pem.h>
                 ^
compilation terminated.
CMakeFiles/cmTC_521f5.dir/build.make:65: recipe for target 'CMakeFiles/cmTC_521f5.dir/CheckIncludeFiles.c.o' failed
make[1]: *** [CMakeFiles/cmTC_521f5.dir/CheckIncludeFiles.c.o] Error 1
make[1]: Leaving directory '/home/pi/newBuild/cmake-3.4.1/CMakeFiles/CMakeTmp'
Makefile:126: recipe for target 'cmTC_521f5/fast' failed
make: *** [cmTC_521f5/fast] Error 2

Source:
/* */
#include <stdio.h>
#include <inttypes.h>
#include <sys/ioctl.h>
#include <sys/param.h>
#include <sys/poll.h>
#include <sys/resource.h>
#include <sys/select.h>
#include <sys/socket.h>
#include <sys/stat.h>
#include <sys/time.h>
#include <sys/types.h>
#include <sys/uio.h>
#include <sys/un.h>
#include <alloca.h>
#include <arpa/inet.h>
#include <arpa/tftp.h>
#include <assert.h>
#include <err.h>
#include <errno.h>
#include <fcntl.h>
#include <ifaddrs.h>
#include <libgen.h>
#include <limits.h>
#include <locale.h>
#include <net/if.h>
#include <netdb.h>
#include <netinet/in.h>
#include <netinet/tcp.h>
#include <pem.h>


int main(void){return 0;}

Determining if files stdio.h;inttypes.h;sys/ioctl.h;sys/param.h;sys/poll.h;sys/resource.h;sys/select.h;sys/socket.h;sys/stat.h;sys/time.h;sys/types.h;sys/uio.h;sys/un.h;alloca.h;arpa/inet.h;arpa/tftp.h;assert.h;err.h;errno.h;fcntl.h;ifaddrs.h;libgen.h;limits.h;locale.h;net/if.h;netdb.h;netinet/in.h;netinet/tcp.h;poll.h;pwd.h;rsa.h exist failed with the following output:
Change Dir: /home/pi/newBuild/cmake-3.4.1/CMakeFiles/CMakeTmp

Run Build Command:"/usr/bin/make" "cmTC_7a704/fast"
make -f CMakeFiles/cmTC_7a704.dir/build.make CMakeFiles/cmTC_7a704.dir/build
make[1]: Entering directory '/home/pi/newBuild/cmake-3.4.1/CMakeFiles/CMakeTmp'
Building C object CMakeFiles/cmTC_7a704.dir/CheckIncludeFiles.c.o
/usr/bin/gcc    -w    -o CMakeFiles/cmTC_7a704.dir/CheckIncludeFiles.c.o   -c /home/pi/newBuild/cmake-3.4.1/CMakeFiles/CMakeTmp/CheckIncludeFiles.c
/home/pi/newBuild/cmake-3.4.1/CMakeFiles/CMakeTmp/CheckIncludeFiles.c:32:17: fatal error: rsa.h: No such file or directory
 #include <rsa.h>
                 ^
compilation terminated.
CMakeFiles/cmTC_7a704.dir/build.make:65: recipe for target 'CMakeFiles/cmTC_7a704.dir/CheckIncludeFiles.c.o' failed
make[1]: *** [CMakeFiles/cmTC_7a704.dir/CheckIncludeFiles.c.o] Error 1
make[1]: Leaving directory '/home/pi/newBuild/cmake-3.4.1/CMakeFiles/CMakeTmp'
Makefile:126: recipe for target 'cmTC_7a704/fast' failed
make: *** [cmTC_7a704/fast] Error 2

Source:
/* */
#include <stdio.h>
#include <inttypes.h>
#include <sys/ioctl.h>
#include <sys/param.h>
#include <sys/poll.h>
#include <sys/resource.h>
#include <sys/select.h>
#include <sys/socket.h>
#include <sys/stat.h>
#include <sys/time.h>
#include <sys/types.h>
#include <sys/uio.h>
#include <sys/un.h>
#include <alloca.h>
#include <arpa/inet.h>
#include <arpa/tftp.h>
#include <assert.h>
#include <err.h>
#include <errno.h>
#include <fcntl.h>
#include <ifaddrs.h>
#include <libgen.h>
#include <limits.h>
#include <locale.h>
#include <net/if.h>
#include <netdb.h>
#include <netinet/in.h>
#include <netinet/tcp.h>
#include <poll.h>
#include <pwd.h>
#include <rsa.h>


int main(void){return 0;}

Determining if files stdio.h;inttypes.h;sys/ioctl.h;sys/param.h;sys/poll.h;sys/resource.h;sys/select.h;sys/socket.h;sys/stat.h;sys/time.h;sys/types.h;sys/uio.h;sys/un.h;alloca.h;arpa/inet.h;arpa/tftp.h;assert.h;err.h;errno.h;fcntl.h;ifaddrs.h;libgen.h;limits.h;locale.h;net/if.h;netdb.h;netinet/in.h;netinet/tcp.h;poll.h;pwd.h;setjmp.h;sgtty.h;signal.h;ssl.h exist failed with the following output:
Change Dir: /home/pi/newBuild/cmake-3.4.1/CMakeFiles/CMakeTmp

Run Build Command:"/usr/bin/make" "cmTC_69c35/fast"
make -f CMakeFiles/cmTC_69c35.dir/build.make CMakeFiles/cmTC_69c35.dir/build
make[1]: Entering directory '/home/pi/newBuild/cmake-3.4.1/CMakeFiles/CMakeTmp'
Building C object CMakeFiles/cmTC_69c35.dir/CheckIncludeFiles.c.o
/usr/bin/gcc    -w    -o CMakeFiles/cmTC_69c35.dir/CheckIncludeFiles.c.o   -c /home/pi/newBuild/cmake-3.4.1/CMakeFiles/CMakeTmp/CheckIncludeFiles.c
/home/pi/newBuild/cmake-3.4.1/CMakeFiles/CMakeTmp/CheckIncludeFiles.c:35:17: fatal error: ssl.h: No such file or directory
 #include <ssl.h>
                 ^
compilation terminated.
CMakeFiles/cmTC_69c35.dir/build.make:65: recipe for target 'CMakeFiles/cmTC_69c35.dir/CheckIncludeFiles.c.o' failed
make[1]: *** [CMakeFiles/cmTC_69c35.dir/CheckIncludeFiles.c.o] Error 1
make[1]: Leaving directory '/home/pi/newBuild/cmake-3.4.1/CMakeFiles/CMakeTmp'
Makefile:126: recipe for target 'cmTC_69c35/fast' failed
make: *** [cmTC_69c35/fast] Error 2

Source:
/* */
#include <stdio.h>
#include <inttypes.h>
#include <sys/ioctl.h>
#include <sys/param.h>
#include <sys/poll.h>
#include <sys/resource.h>
#include <sys/select.h>
#include <sys/socket.h>
#include <sys/stat.h>
#include <sys/time.h>
#include <sys/types.h>
#include <sys/uio.h>
#include <sys/un.h>
#include <alloca.h>
#include <arpa/inet.h>
#include <arpa/tftp.h>
#include <assert.h>
#include <err.h>
#include <errno.h>
#include <fcntl.h>
#include <ifaddrs.h>
#include <libgen.h>
#include <limits.h>
#include <locale.h>
#include <net/if.h>
#include <netdb.h>
#include <netinet/in.h>
#include <netinet/tcp.h>
#include <poll.h>
#include <pwd.h>
#include <setjmp.h>
#include <sgtty.h>
#include <signal.h>
#include <ssl.h>


int main(void){return 0;}

Determining if files stdio.h;inttypes.h;sys/ioctl.h;sys/param.h;sys/poll.h;sys/resource.h;sys/select.h;sys/socket.h;sys/stat.h;sys/time.h;sys/types.h;sys/uio.h;sys/un.h;alloca.h;arpa/inet.h;arpa/tftp.h;assert.h;err.h;errno.h;fcntl.h;ifaddrs.h;libgen.h;limits.h;locale.h;net/if.h;netdb.h;netinet/in.h;netinet/tcp.h;poll.h;pwd.h;setjmp.h;sgtty.h;signal.h;stdbool.h;stdint.h;stdio.h;stdlib.h;string.h;strings.h;stropts.h;termio.h;termios.h;time.h;tld.h exist failed with the following output:
Change Dir: /home/pi/newBuild/cmake-3.4.1/CMakeFiles/CMakeTmp

Run Build Command:"/usr/bin/make" "cmTC_dc3b7/fast"
make -f CMakeFiles/cmTC_dc3b7.dir/build.make CMakeFiles/cmTC_dc3b7.dir/build
make[1]: Entering directory '/home/pi/newBuild/cmake-3.4.1/CMakeFiles/CMakeTmp'
Building C object CMakeFiles/cmTC_dc3b7.dir/CheckIncludeFiles.c.o
/usr/bin/gcc    -w    -o CMakeFiles/cmTC_dc3b7.dir/CheckIncludeFiles.c.o   -c /home/pi/newBuild/cmake-3.4.1/CMakeFiles/CMakeTmp/CheckIncludeFiles.c
/home/pi/newBuild/cmake-3.4.1/CMakeFiles/CMakeTmp/CheckIncludeFiles.c:45:17: fatal error: tld.h: No such file or directory
 #include <tld.h>
                 ^
compilation terminated.
CMakeFiles/cmTC_dc3b7.dir/build.make:65: recipe for target 'CMakeFiles/cmTC_dc3b7.dir/CheckIncludeFiles.c.o' failed
make[1]: *** [CMakeFiles/cmTC_dc3b7.dir/CheckIncludeFiles.c.o] Error 1
make[1]: Leaving directory '/home/pi/newBuild/cmake-3.4.1/CMakeFiles/CMakeTmp'
Makefile:126: recipe for target 'cmTC_dc3b7/fast' failed
make: *** [cmTC_dc3b7/fast] Error 2

Source:
/* */
#include <stdio.h>
#include <inttypes.h>
#include <sys/ioctl.h>
#include <sys/param.h>
#include <sys/poll.h>
#include <sys/resource.h>
#include <sys/select.h>
#include <sys/socket.h>
#include <sys/stat.h>
#include <sys/time.h>
#include <sys/types.h>
#include <sys/uio.h>
#include <sys/un.h>
#include <alloca.h>
#include <arpa/inet.h>
#include <arpa/tftp.h>
#include <assert.h>
#include <err.h>
#include <errno.h>
#include <fcntl.h>
#include <ifaddrs.h>
#include <libgen.h>
#include <limits.h>
#include <locale.h>
#include <net/if.h>
#include <netdb.h>
#include <netinet/in.h>
#include <netinet/tcp.h>
#include <poll.h>
#include <pwd.h>
#include <setjmp.h>
#include <sgtty.h>
#include <signal.h>
#include <stdbool.h>
#include <stdint.h>
#include <stdio.h>
#include <stdlib.h>
#include <string.h>
#include <strings.h>
#include <stropts.h>
#include <termio.h>
#include <termios.h>
#include <time.h>
#include <tld.h>


int main(void){return 0;}

Determining if files stdio.h;inttypes.h;sys/ioctl.h;sys/param.h;sys/poll.h;sys/resource.h;sys/select.h;sys/socket.h;sys/stat.h;sys/time.h;sys/types.h;sys/uio.h;sys/un.h;alloca.h;arpa/inet.h;arpa/tftp.h;assert.h;err.h;errno.h;fcntl.h;ifaddrs.h;libgen.h;limits.h;locale.h;net/if.h;netdb.h;netinet/in.h;netinet/tcp.h;poll.h;pwd.h;setjmp.h;sgtty.h;signal.h;stdbool.h;stdint.h;stdio.h;stdlib.h;string.h;strings.h;stropts.h;termio.h;termios.h;time.h;unistd.h;utime.h;x509.h exist failed with the following output:
Change Dir: /home/pi/newBuild/cmake-3.4.1/CMakeFiles/CMakeTmp

Run Build Command:"/usr/bin/make" "cmTC_bec48/fast"
make -f CMakeFiles/cmTC_bec48.dir/build.make CMakeFiles/cmTC_bec48.dir/build
make[1]: Entering directory '/home/pi/newBuild/cmake-3.4.1/CMakeFiles/CMakeTmp'
Building C object CMakeFiles/cmTC_bec48.dir/CheckIncludeFiles.c.o
/usr/bin/gcc    -w    -o CMakeFiles/cmTC_bec48.dir/CheckIncludeFiles.c.o   -c /home/pi/newBuild/cmake-3.4.1/CMakeFiles/CMakeTmp/CheckIncludeFiles.c
/home/pi/newBuild/cmake-3.4.1/CMakeFiles/CMakeTmp/CheckIncludeFiles.c:47:18: fatal error: x509.h: No such file or directory
 #include <x509.h>
                  ^
compilation terminated.
CMakeFiles/cmTC_bec48.dir/build.make:65: recipe for target 'CMakeFiles/cmTC_bec48.dir/CheckIncludeFiles.c.o' failed
make[1]: *** [CMakeFiles/cmTC_bec48.dir/CheckIncludeFiles.c.o] Error 1
make[1]: Leaving directory '/home/pi/newBuild/cmake-3.4.1/CMakeFiles/CMakeTmp'
Makefile:126: recipe for target 'cmTC_bec48/fast' failed
make: *** [cmTC_bec48/fast] Error 2

Source:
/* */
#include <stdio.h>
#include <inttypes.h>
#include <sys/ioctl.h>
#include <sys/param.h>
#include <sys/poll.h>
#include <sys/resource.h>
#include <sys/select.h>
#include <sys/socket.h>
#include <sys/stat.h>
#include <sys/time.h>
#include <sys/types.h>
#include <sys/uio.h>
#include <sys/un.h>
#include <alloca.h>
#include <arpa/inet.h>
#include <arpa/tftp.h>
#include <assert.h>
#include <err.h>
#include <errno.h>
#include <fcntl.h>
#include <ifaddrs.h>
#include <libgen.h>
#include <limits.h>
#include <locale.h>
#include <net/if.h>
#include <netdb.h>
#include <netinet/in.h>
#include <netinet/tcp.h>
#include <poll.h>
#include <pwd.h>
#include <setjmp.h>
#include <sgtty.h>
#include <signal.h>
#include <stdbool.h>
#include <stdint.h>
#include <stdio.h>
#include <stdlib.h>
#include <string.h>
#include <strings.h>
#include <stropts.h>
#include <termio.h>
#include <termios.h>
#include <time.h>
#include <unistd.h>
#include <utime.h>
#include <x509.h>


int main(void){return 0;}

Determining if files stdio.h;inttypes.h;sys/ioctl.h;sys/param.h;sys/poll.h;sys/resource.h;sys/select.h;sys/socket.h;sys/stat.h;sys/time.h;sys/types.h;sys/uio.h;sys/un.h;alloca.h;arpa/inet.h;arpa/tftp.h;assert.h;err.h;errno.h;fcntl.h;ifaddrs.h;libgen.h;limits.h;locale.h;net/if.h;netdb.h;netinet/in.h;netinet/tcp.h;poll.h;pwd.h;setjmp.h;sgtty.h;signal.h;stdbool.h;stdint.h;stdio.h;stdlib.h;string.h;strings.h;stropts.h;termio.h;termios.h;time.h;unistd.h;utime.h;process.h exist failed with the following output:
Change Dir: /home/pi/newBuild/cmake-3.4.1/CMakeFiles/CMakeTmp

Run Build Command:"/usr/bin/make" "cmTC_28584/fast"
make -f CMakeFiles/cmTC_28584.dir/build.make CMakeFiles/cmTC_28584.dir/build
make[1]: Entering directory '/home/pi/newBuild/cmake-3.4.1/CMakeFiles/CMakeTmp'
Building C object CMakeFiles/cmTC_28584.dir/CheckIncludeFiles.c.o
/usr/bin/gcc    -w    -o CMakeFiles/cmTC_28584.dir/CheckIncludeFiles.c.o   -c /home/pi/newBuild/cmake-3.4.1/CMakeFiles/CMakeTmp/CheckIncludeFiles.c
/home/pi/newBuild/cmake-3.4.1/CMakeFiles/CMakeTmp/CheckIncludeFiles.c:47:21: fatal error: process.h: No such file or directory
 #include <process.h>
                     ^
compilation terminated.
CMakeFiles/cmTC_28584.dir/build.make:65: recipe for target 'CMakeFiles/cmTC_28584.dir/CheckIncludeFiles.c.o' failed
make[1]: *** [CMakeFiles/cmTC_28584.dir/CheckIncludeFiles.c.o] Error 1
make[1]: Leaving directory '/home/pi/newBuild/cmake-3.4.1/CMakeFiles/CMakeTmp'
Makefile:126: recipe for target 'cmTC_28584/fast' failed
make: *** [cmTC_28584/fast] Error 2

Source:
/* */
#include <stdio.h>
#include <inttypes.h>
#include <sys/ioctl.h>
#include <sys/param.h>
#include <sys/poll.h>
#include <sys/resource.h>
#include <sys/select.h>
#include <sys/socket.h>
#include <sys/stat.h>
#include <sys/time.h>
#include <sys/types.h>
#include <sys/uio.h>
#include <sys/un.h>
#include <alloca.h>
#include <arpa/inet.h>
#include <arpa/tftp.h>
#include <assert.h>
#include <err.h>
#include <errno.h>
#include <fcntl.h>
#include <ifaddrs.h>
#include <libgen.h>
#include <limits.h>
#include <locale.h>
#include <net/if.h>
#include <netdb.h>
#include <netinet/in.h>
#include <netinet/tcp.h>
#include <poll.h>
#include <pwd.h>
#include <setjmp.h>
#include <sgtty.h>
#include <signal.h>
#include <stdbool.h>
#include <stdint.h>
#include <stdio.h>
#include <stdlib.h>
#include <string.h>
#include <strings.h>
#include <stropts.h>
#include <termio.h>
#include <termios.h>
#include <time.h>
#include <unistd.h>
#include <utime.h>
#include <process.h>


int main(void){return 0;}

Determining if files stdio.h;inttypes.h;sys/ioctl.h;sys/param.h;sys/poll.h;sys/resource.h;sys/select.h;sys/socket.h;sys/stat.h;sys/time.h;sys/types.h;sys/uio.h;sys/un.h;alloca.h;arpa/inet.h;arpa/tftp.h;assert.h;err.h;errno.h;fcntl.h;ifaddrs.h;libgen.h;limits.h;locale.h;net/if.h;netdb.h;netinet/in.h;netinet/tcp.h;poll.h;pwd.h;setjmp.h;sgtty.h;signal.h;stdbool.h;stdint.h;stdio.h;stdlib.h;string.h;strings.h;stropts.h;termio.h;termios.h;time.h;unistd.h;utime.h;stddef.h;dlfcn.h;malloc.h;memory.h;netinet/if_ether.h;stdint.h;sockio.h exist failed with the following output:
Change Dir: /home/pi/newBuild/cmake-3.4.1/CMakeFiles/CMakeTmp

Run Build Command:"/usr/bin/make" "cmTC_8d67c/fast"
make -f CMakeFiles/cmTC_8d67c.dir/build.make CMakeFiles/cmTC_8d67c.dir/build
make[1]: Entering directory '/home/pi/newBuild/cmake-3.4.1/CMakeFiles/CMakeTmp'
Building C object CMakeFiles/cmTC_8d67c.dir/CheckIncludeFiles.c.o
/usr/bin/gcc    -w    -o CMakeFiles/cmTC_8d67c.dir/CheckIncludeFiles.c.o   -c /home/pi/newBuild/cmake-3.4.1/CMakeFiles/CMakeTmp/CheckIncludeFiles.c
/home/pi/newBuild/cmake-3.4.1/CMakeFiles/CMakeTmp/CheckIncludeFiles.c:53:20: fatal error: sockio.h: No such file or directory
 #include <sockio.h>
                    ^
compilation terminated.
CMakeFiles/cmTC_8d67c.dir/build.make:65: recipe for target 'CMakeFiles/cmTC_8d67c.dir/CheckIncludeFiles.c.o' failed
make[1]: *** [CMakeFiles/cmTC_8d67c.dir/CheckIncludeFiles.c.o] Error 1
make[1]: Leaving directory '/home/pi/newBuild/cmake-3.4.1/CMakeFiles/CMakeTmp'
Makefile:126: recipe for target 'cmTC_8d67c/fast' failed
make: *** [cmTC_8d67c/fast] Error 2

Source:
/* */
#include <stdio.h>
#include <inttypes.h>
#include <sys/ioctl.h>
#include <sys/param.h>
#include <sys/poll.h>
#include <sys/resource.h>
#include <sys/select.h>
#include <sys/socket.h>
#include <sys/stat.h>
#include <sys/time.h>
#include <sys/types.h>
#include <sys/uio.h>
#include <sys/un.h>
#include <alloca.h>
#include <arpa/inet.h>
#include <arpa/tftp.h>
#include <assert.h>
#include <err.h>
#include <errno.h>
#include <fcntl.h>
#include <ifaddrs.h>
#include <libgen.h>
#include <limits.h>
#include <locale.h>
#include <net/if.h>
#include <netdb.h>
#include <netinet/in.h>
#include <netinet/tcp.h>
#include <poll.h>
#include <pwd.h>
#include <setjmp.h>
#include <sgtty.h>
#include <signal.h>
#include <stdbool.h>
#include <stdint.h>
#include <stdio.h>
#include <stdlib.h>
#include <string.h>
#include <strings.h>
#include <stropts.h>
#include <termio.h>
#include <termios.h>
#include <time.h>
#include <unistd.h>
#include <utime.h>
#include <stddef.h>
#include <dlfcn.h>
#include <malloc.h>
#include <memory.h>
#include <netinet/if_ether.h>
#include <stdint.h>
#include <sockio.h>


int main(void){return 0;}

Determining if files stdio.h;inttypes.h;sys/ioctl.h;sys/param.h;sys/poll.h;sys/resource.h;sys/select.h;sys/socket.h;sys/stat.h;sys/time.h;sys/types.h;sys/uio.h;sys/un.h;alloca.h;arpa/inet.h;arpa/tftp.h;assert.h;err.h;errno.h;fcntl.h;ifaddrs.h;libgen.h;limits.h;locale.h;net/if.h;netdb.h;netinet/in.h;netinet/tcp.h;poll.h;pwd.h;setjmp.h;sgtty.h;signal.h;stdbool.h;stdint.h;stdio.h;stdlib.h;string.h;strings.h;stropts.h;termio.h;termios.h;time.h;unistd.h;utime.h;stddef.h;dlfcn.h;malloc.h;memory.h;netinet/if_ether.h;stdint.h;sys/utsname.h;idna.h exist failed with the following output:
Change Dir: /home/pi/newBuild/cmake-3.4.1/CMakeFiles/CMakeTmp

Run Build Command:"/usr/bin/make" "cmTC_d718a/fast"
make -f CMakeFiles/cmTC_d718a.dir/build.make CMakeFiles/cmTC_d718a.dir/build
make[1]: Entering directory '/home/pi/newBuild/cmake-3.4.1/CMakeFiles/CMakeTmp'
Building C object CMakeFiles/cmTC_d718a.dir/CheckIncludeFiles.c.o
/usr/bin/gcc    -w    -o CMakeFiles/cmTC_d718a.dir/CheckIncludeFiles.c.o   -c /home/pi/newBuild/cmake-3.4.1/CMakeFiles/CMakeTmp/CheckIncludeFiles.c
/home/pi/newBuild/cmake-3.4.1/CMakeFiles/CMakeTmp/CheckIncludeFiles.c:54:18: fatal error: idna.h: No such file or directory
 #include <idna.h>
                  ^
compilation terminated.
CMakeFiles/cmTC_d718a.dir/build.make:65: recipe for target 'CMakeFiles/cmTC_d718a.dir/CheckIncludeFiles.c.o' failed
make[1]: *** [CMakeFiles/cmTC_d718a.dir/CheckIncludeFiles.c.o] Error 1
make[1]: Leaving directory '/home/pi/newBuild/cmake-3.4.1/CMakeFiles/CMakeTmp'
Makefile:126: recipe for target 'cmTC_d718a/fast' failed
make: *** [cmTC_d718a/fast] Error 2

Source:
/* */
#include <stdio.h>
#include <inttypes.h>
#include <sys/ioctl.h>
#include <sys/param.h>
#include <sys/poll.h>
#include <sys/resource.h>
#include <sys/select.h>
#include <sys/socket.h>
#include <sys/stat.h>
#include <sys/time.h>
#include <sys/types.h>
#include <sys/uio.h>
#include <sys/un.h>
#include <alloca.h>
#include <arpa/inet.h>
#include <arpa/tftp.h>
#include <assert.h>
#include <err.h>
#include <errno.h>
#include <fcntl.h>
#include <ifaddrs.h>
#include <libgen.h>
#include <limits.h>
#include <locale.h>
#include <net/if.h>
#include <netdb.h>
#include <netinet/in.h>
#include <netinet/tcp.h>
#include <poll.h>
#include <pwd.h>
#include <setjmp.h>
#include <sgtty.h>
#include <signal.h>
#include <stdbool.h>
#include <stdint.h>
#include <stdio.h>
#include <stdlib.h>
#include <string.h>
#include <strings.h>
#include <stropts.h>
#include <termio.h>
#include <termios.h>
#include <time.h>
#include <unistd.h>
#include <utime.h>
#include <stddef.h>
#include <dlfcn.h>
#include <malloc.h>
#include <memory.h>
#include <netinet/if_ether.h>
#include <stdint.h>
#include <sys/utsname.h>
#include <idna.h>


int main(void){return 0;}

Determining size of __int64 failed with the following output:
Change Dir: /home/pi/newBuild/cmake-3.4.1/CMakeFiles/CMakeTmp

Run Build Command:"/usr/bin/make" "cmTC_3d77f/fast"
make -f CMakeFiles/cmTC_3d77f.dir/build.make CMakeFiles/cmTC_3d77f.dir/build
make[1]: Entering directory '/home/pi/newBuild/cmake-3.4.1/CMakeFiles/CMakeTmp'
Building C object CMakeFiles/cmTC_3d77f.dir/SIZEOF___INT64.c.o
/usr/bin/gcc    -w    -o CMakeFiles/cmTC_3d77f.dir/SIZEOF___INT64.c.o   -c /home/pi/newBuild/cmake-3.4.1/CMakeFiles/CheckTypeSize/SIZEOF___INT64.c
/home/pi/newBuild/cmake-3.4.1/CMakeFiles/CheckTypeSize/SIZEOF___INT64.c:17:22: error: ‘__int64’ undeclared here (not in a function)
 #define SIZE (sizeof(__int64))
                      ^
/home/pi/newBuild/cmake-3.4.1/CMakeFiles/CheckTypeSize/SIZEOF___INT64.c:19:12: note: in expansion of macro ‘SIZE’
   ('0' + ((SIZE / 10000)%10)),
            ^~~~
CMakeFiles/cmTC_3d77f.dir/build.make:65: recipe for target 'CMakeFiles/cmTC_3d77f.dir/SIZEOF___INT64.c.o' failed
make[1]: *** [CMakeFiles/cmTC_3d77f.dir/SIZEOF___INT64.c.o] Error 1
make[1]: Leaving directory '/home/pi/newBuild/cmake-3.4.1/CMakeFiles/CMakeTmp'
Makefile:126: recipe for target 'cmTC_3d77f/fast' failed
make: *** [cmTC_3d77f/fast] Error 2

/home/pi/newBuild/cmake-3.4.1/CMakeFiles/CheckTypeSize/SIZEOF___INT64.c:
#include <sys/types.h>
#include <stdint.h>
#include <stddef.h>


#undef KEY
#if defined(__i386)
# define KEY '_','_','i','3','8','6'
#elif defined(__x86_64)
# define KEY '_','_','x','8','6','_','6','4'
#elif defined(__ppc__)
# define KEY '_','_','p','p','c','_','_'
#elif defined(__ppc64__)
# define KEY '_','_','p','p','c','6','4','_','_'
#endif

#define SIZE (sizeof(__int64))
char info_size[] =  {'I', 'N', 'F', 'O', ':', 's','i','z','e','[',
  ('0' + ((SIZE / 10000)%10)),
  ('0' + ((SIZE / 1000)%10)),
  ('0' + ((SIZE / 100)%10)),
  ('0' + ((SIZE / 10)%10)),
  ('0' +  (SIZE    % 10)),
  ']',
#ifdef KEY
  ' ','k','e','y','[', KEY, ']',
#endif
  '\0'};

#ifdef __CLASSIC_C__
int main(argc, argv) int argc; char *argv[];
#else
int main(int argc, char *argv[])
#endif
{
  int require = 0;
  require += info_size[argc];
  (void)argv;
  return require;
}


Determining if the stricmp exist failed with the following output:
Change Dir: /home/pi/newBuild/cmake-3.4.1/CMakeFiles/CMakeTmp

Run Build Command:"/usr/bin/make" "cmTC_82270/fast"
make -f CMakeFiles/cmTC_82270.dir/build.make CMakeFiles/cmTC_82270.dir/build
make[1]: Entering directory '/home/pi/newBuild/cmake-3.4.1/CMakeFiles/CMakeTmp'
Building C object CMakeFiles/cmTC_82270.dir/CheckSymbolExists.c.o
/usr/bin/gcc    -w    -o CMakeFiles/cmTC_82270.dir/CheckSymbolExists.c.o   -c /home/pi/newBuild/cmake-3.4.1/CMakeFiles/CMakeTmp/CheckSymbolExists.c
/home/pi/newBuild/cmake-3.4.1/CMakeFiles/CMakeTmp/CheckSymbolExists.c: In function ‘main’:
/home/pi/newBuild/cmake-3.4.1/CMakeFiles/CMakeTmp/CheckSymbolExists.c:59:19: error: ‘stricmp’ undeclared (first use in this function)
   return ((int*)(&stricmp))[argc];
                   ^~~~~~~
/home/pi/newBuild/cmake-3.4.1/CMakeFiles/CMakeTmp/CheckSymbolExists.c:59:19: note: each undeclared identifier is reported only once for each function it appears in
CMakeFiles/cmTC_82270.dir/build.make:65: recipe for target 'CMakeFiles/cmTC_82270.dir/CheckSymbolExists.c.o' failed
make[1]: *** [CMakeFiles/cmTC_82270.dir/CheckSymbolExists.c.o] Error 1
make[1]: Leaving directory '/home/pi/newBuild/cmake-3.4.1/CMakeFiles/CMakeTmp'
Makefile:126: recipe for target 'cmTC_82270/fast' failed
make: *** [cmTC_82270/fast] Error 2

File /home/pi/newBuild/cmake-3.4.1/CMakeFiles/CMakeTmp/CheckSymbolExists.c:
/* */
#include <stdio.h>
#include <inttypes.h>
#include <sys/ioctl.h>
#include <sys/param.h>
#include <sys/poll.h>
#include <sys/resource.h>
#include <sys/select.h>
#include <sys/socket.h>
#include <sys/stat.h>
#include <sys/time.h>
#include <sys/types.h>
#include <sys/uio.h>
#include <sys/un.h>
#include <alloca.h>
#include <arpa/inet.h>
#include <arpa/tftp.h>
#include <assert.h>
#include <err.h>
#include <errno.h>
#include <fcntl.h>
#include <ifaddrs.h>
#include <libgen.h>
#include <limits.h>
#include <locale.h>
#include <net/if.h>
#include <netdb.h>
#include <netinet/in.h>
#include <netinet/tcp.h>
#include <poll.h>
#include <pwd.h>
#include <setjmp.h>
#include <sgtty.h>
#include <signal.h>
#include <stdbool.h>
#include <stdint.h>
#include <stdio.h>
#include <stdlib.h>
#include <string.h>
#include <strings.h>
#include <stropts.h>
#include <termio.h>
#include <termios.h>
#include <time.h>
#include <unistd.h>
#include <utime.h>
#include <stddef.h>
#include <dlfcn.h>
#include <malloc.h>
#include <memory.h>
#include <netinet/if_ether.h>
#include <stdint.h>
#include <sys/utsname.h>

int main(int argc, char** argv)
{
  (void)argv;
#ifndef stricmp
  return ((int*)(&stricmp))[argc];
#else
  (void)argc;
  return 0;
#endif
}

Determining if the strcmpi exist failed with the following output:
Change Dir: /home/pi/newBuild/cmake-3.4.1/CMakeFiles/CMakeTmp

Run Build Command:"/usr/bin/make" "cmTC_a1d33/fast"
make -f CMakeFiles/cmTC_a1d33.dir/build.make CMakeFiles/cmTC_a1d33.dir/build
make[1]: Entering directory '/home/pi/newBuild/cmake-3.4.1/CMakeFiles/CMakeTmp'
Building C object CMakeFiles/cmTC_a1d33.dir/CheckSymbolExists.c.o
/usr/bin/gcc    -w    -o CMakeFiles/cmTC_a1d33.dir/CheckSymbolExists.c.o   -c /home/pi/newBuild/cmake-3.4.1/CMakeFiles/CMakeTmp/CheckSymbolExists.c
/home/pi/newBuild/cmake-3.4.1/CMakeFiles/CMakeTmp/CheckSymbolExists.c: In function ‘main’:
/home/pi/newBuild/cmake-3.4.1/CMakeFiles/CMakeTmp/CheckSymbolExists.c:59:19: error: ‘strcmpi’ undeclared (first use in this function)
   return ((int*)(&strcmpi))[argc];
                   ^~~~~~~
/home/pi/newBuild/cmake-3.4.1/CMakeFiles/CMakeTmp/CheckSymbolExists.c:59:19: note: each undeclared identifier is reported only once for each function it appears in
CMakeFiles/cmTC_a1d33.dir/build.make:65: recipe for target 'CMakeFiles/cmTC_a1d33.dir/CheckSymbolExists.c.o' failed
make[1]: *** [CMakeFiles/cmTC_a1d33.dir/CheckSymbolExists.c.o] Error 1
make[1]: Leaving directory '/home/pi/newBuild/cmake-3.4.1/CMakeFiles/CMakeTmp'
Makefile:126: recipe for target 'cmTC_a1d33/fast' failed
make: *** [cmTC_a1d33/fast] Error 2

File /home/pi/newBuild/cmake-3.4.1/CMakeFiles/CMakeTmp/CheckSymbolExists.c:
/* */
#include <stdio.h>
#include <inttypes.h>
#include <sys/ioctl.h>
#include <sys/param.h>
#include <sys/poll.h>
#include <sys/resource.h>
#include <sys/select.h>
#include <sys/socket.h>
#include <sys/stat.h>
#include <sys/time.h>
#include <sys/types.h>
#include <sys/uio.h>
#include <sys/un.h>
#include <alloca.h>
#include <arpa/inet.h>
#include <arpa/tftp.h>
#include <assert.h>
#include <err.h>
#include <errno.h>
#include <fcntl.h>
#include <ifaddrs.h>
#include <libgen.h>
#include <limits.h>
#include <locale.h>
#include <net/if.h>
#include <netdb.h>
#include <netinet/in.h>
#include <netinet/tcp.h>
#include <poll.h>
#include <pwd.h>
#include <setjmp.h>
#include <sgtty.h>
#include <signal.h>
#include <stdbool.h>
#include <stdint.h>
#include <stdio.h>
#include <stdlib.h>
#include <string.h>
#include <strings.h>
#include <stropts.h>
#include <termio.h>
#include <termios.h>
#include <time.h>
#include <unistd.h>
#include <utime.h>
#include <stddef.h>
#include <dlfcn.h>
#include <malloc.h>
#include <memory.h>
#include <netinet/if_ether.h>
#include <stdint.h>
#include <sys/utsname.h>

int main(int argc, char** argv)
{
  (void)argv;
#ifndef strcmpi
  return ((int*)(&strcmpi))[argc];
#else
  (void)argc;
  return 0;
#endif
}

Determining if the strncmpi exist failed with the following output:
Change Dir: /home/pi/newBuild/cmake-3.4.1/CMakeFiles/CMakeTmp

Run Build Command:"/usr/bin/make" "cmTC_44ee9/fast"
make -f CMakeFiles/cmTC_44ee9.dir/build.make CMakeFiles/cmTC_44ee9.dir/build
make[1]: Entering directory '/home/pi/newBuild/cmake-3.4.1/CMakeFiles/CMakeTmp'
Building C object CMakeFiles/cmTC_44ee9.dir/CheckSymbolExists.c.o
/usr/bin/gcc    -w    -o CMakeFiles/cmTC_44ee9.dir/CheckSymbolExists.c.o   -c /home/pi/newBuild/cmake-3.4.1/CMakeFiles/CMakeTmp/CheckSymbolExists.c
/home/pi/newBuild/cmake-3.4.1/CMakeFiles/CMakeTmp/CheckSymbolExists.c: In function ‘main’:
/home/pi/newBuild/cmake-3.4.1/CMakeFiles/CMakeTmp/CheckSymbolExists.c:59:19: error: ‘strncmpi’ undeclared (first use in this function)
   return ((int*)(&strncmpi))[argc];
                   ^~~~~~~~
/home/pi/newBuild/cmake-3.4.1/CMakeFiles/CMakeTmp/CheckSymbolExists.c:59:19: note: each undeclared identifier is reported only once for each function it appears in
CMakeFiles/cmTC_44ee9.dir/build.make:65: recipe for target 'CMakeFiles/cmTC_44ee9.dir/CheckSymbolExists.c.o' failed
make[1]: *** [CMakeFiles/cmTC_44ee9.dir/CheckSymbolExists.c.o] Error 1
make[1]: Leaving directory '/home/pi/newBuild/cmake-3.4.1/CMakeFiles/CMakeTmp'
Makefile:126: recipe for target 'cmTC_44ee9/fast' failed
make: *** [cmTC_44ee9/fast] Error 2

File /home/pi/newBuild/cmake-3.4.1/CMakeFiles/CMakeTmp/CheckSymbolExists.c:
/* */
#include <stdio.h>
#include <inttypes.h>
#include <sys/ioctl.h>
#include <sys/param.h>
#include <sys/poll.h>
#include <sys/resource.h>
#include <sys/select.h>
#include <sys/socket.h>
#include <sys/stat.h>
#include <sys/time.h>
#include <sys/types.h>
#include <sys/uio.h>
#include <sys/un.h>
#include <alloca.h>
#include <arpa/inet.h>
#include <arpa/tftp.h>
#include <assert.h>
#include <err.h>
#include <errno.h>
#include <fcntl.h>
#include <ifaddrs.h>
#include <libgen.h>
#include <limits.h>
#include <locale.h>
#include <net/if.h>
#include <netdb.h>
#include <netinet/in.h>
#include <netinet/tcp.h>
#include <poll.h>
#include <pwd.h>
#include <setjmp.h>
#include <sgtty.h>
#include <signal.h>
#include <stdbool.h>
#include <stdint.h>
#include <stdio.h>
#include <stdlib.h>
#include <string.h>
#include <strings.h>
#include <stropts.h>
#include <termio.h>
#include <termios.h>
#include <time.h>
#include <unistd.h>
#include <utime.h>
#include <stddef.h>
#include <dlfcn.h>
#include <malloc.h>
#include <memory.h>
#include <netinet/if_ether.h>
#include <stdint.h>
#include <sys/utsname.h>

int main(int argc, char** argv)
{
  (void)argv;
#ifndef strncmpi
  return ((int*)(&strncmpi))[argc];
#else
  (void)argc;
  return 0;
#endif
}

Determining if the inet_ntoa_r exist failed with the following output:
Change Dir: /home/pi/newBuild/cmake-3.4.1/CMakeFiles/CMakeTmp

Run Build Command:"/usr/bin/make" "cmTC_c3683/fast"
make -f CMakeFiles/cmTC_c3683.dir/build.make CMakeFiles/cmTC_c3683.dir/build
make[1]: Entering directory '/home/pi/newBuild/cmake-3.4.1/CMakeFiles/CMakeTmp'
Building C object CMakeFiles/cmTC_c3683.dir/CheckSymbolExists.c.o
/usr/bin/gcc    -w    -o CMakeFiles/cmTC_c3683.dir/CheckSymbolExists.c.o   -c /home/pi/newBuild/cmake-3.4.1/CMakeFiles/CMakeTmp/CheckSymbolExists.c
/home/pi/newBuild/cmake-3.4.1/CMakeFiles/CMakeTmp/CheckSymbolExists.c: In function ‘main’:
/home/pi/newBuild/cmake-3.4.1/CMakeFiles/CMakeTmp/CheckSymbolExists.c:59:19: error: ‘inet_ntoa_r’ undeclared (first use in this function)
   return ((int*)(&inet_ntoa_r))[argc];
                   ^~~~~~~~~~~
/home/pi/newBuild/cmake-3.4.1/CMakeFiles/CMakeTmp/CheckSymbolExists.c:59:19: note: each undeclared identifier is reported only once for each function it appears in
CMakeFiles/cmTC_c3683.dir/build.make:65: recipe for target 'CMakeFiles/cmTC_c3683.dir/CheckSymbolExists.c.o' failed
make[1]: *** [CMakeFiles/cmTC_c3683.dir/CheckSymbolExists.c.o] Error 1
make[1]: Leaving directory '/home/pi/newBuild/cmake-3.4.1/CMakeFiles/CMakeTmp'
Makefile:126: recipe for target 'cmTC_c3683/fast' failed
make: *** [cmTC_c3683/fast] Error 2

File /home/pi/newBuild/cmake-3.4.1/CMakeFiles/CMakeTmp/CheckSymbolExists.c:
/* */
#include <stdio.h>
#include <inttypes.h>
#include <sys/ioctl.h>
#include <sys/param.h>
#include <sys/poll.h>
#include <sys/resource.h>
#include <sys/select.h>
#include <sys/socket.h>
#include <sys/stat.h>
#include <sys/time.h>
#include <sys/types.h>
#include <sys/uio.h>
#include <sys/un.h>
#include <alloca.h>
#include <arpa/inet.h>
#include <arpa/tftp.h>
#include <assert.h>
#include <err.h>
#include <errno.h>
#include <fcntl.h>
#include <ifaddrs.h>
#include <libgen.h>
#include <limits.h>
#include <locale.h>
#include <net/if.h>
#include <netdb.h>
#include <netinet/in.h>
#include <netinet/tcp.h>
#include <poll.h>
#include <pwd.h>
#include <setjmp.h>
#include <sgtty.h>
#include <signal.h>
#include <stdbool.h>
#include <stdint.h>
#include <stdio.h>
#include <stdlib.h>
#include <string.h>
#include <strings.h>
#include <stropts.h>
#include <termio.h>
#include <termios.h>
#include <time.h>
#include <unistd.h>
#include <utime.h>
#include <stddef.h>
#include <dlfcn.h>
#include <malloc.h>
#include <memory.h>
#include <netinet/if_ether.h>
#include <stdint.h>
#include <sys/utsname.h>

int main(int argc, char** argv)
{
  (void)argv;
#ifndef inet_ntoa_r
  return ((int*)(&inet_ntoa_r))[argc];
#else
  (void)argc;
  return 0;
#endif
}

Determining if the closesocket exist failed with the following output:
Change Dir: /home/pi/newBuild/cmake-3.4.1/CMakeFiles/CMakeTmp

Run Build Command:"/usr/bin/make" "cmTC_b16c2/fast"
make -f CMakeFiles/cmTC_b16c2.dir/build.make CMakeFiles/cmTC_b16c2.dir/build
make[1]: Entering directory '/home/pi/newBuild/cmake-3.4.1/CMakeFiles/CMakeTmp'
Building C object CMakeFiles/cmTC_b16c2.dir/CheckSymbolExists.c.o
/usr/bin/gcc    -w    -o CMakeFiles/cmTC_b16c2.dir/CheckSymbolExists.c.o   -c /home/pi/newBuild/cmake-3.4.1/CMakeFiles/CMakeTmp/CheckSymbolExists.c
/home/pi/newBuild/cmake-3.4.1/CMakeFiles/CMakeTmp/CheckSymbolExists.c: In function ‘main’:
/home/pi/newBuild/cmake-3.4.1/CMakeFiles/CMakeTmp/CheckSymbolExists.c:59:19: error: ‘closesocket’ undeclared (first use in this function)
   return ((int*)(&closesocket))[argc];
                   ^~~~~~~~~~~
/home/pi/newBuild/cmake-3.4.1/CMakeFiles/CMakeTmp/CheckSymbolExists.c:59:19: note: each undeclared identifier is reported only once for each function it appears in
CMakeFiles/cmTC_b16c2.dir/build.make:65: recipe for target 'CMakeFiles/cmTC_b16c2.dir/CheckSymbolExists.c.o' failed
make[1]: *** [CMakeFiles/cmTC_b16c2.dir/CheckSymbolExists.c.o] Error 1
make[1]: Leaving directory '/home/pi/newBuild/cmake-3.4.1/CMakeFiles/CMakeTmp'
Makefile:126: recipe for target 'cmTC_b16c2/fast' failed
make: *** [cmTC_b16c2/fast] Error 2

File /home/pi/newBuild/cmake-3.4.1/CMakeFiles/CMakeTmp/CheckSymbolExists.c:
/* */
#include <stdio.h>
#include <inttypes.h>
#include <sys/ioctl.h>
#include <sys/param.h>
#include <sys/poll.h>
#include <sys/resource.h>
#include <sys/select.h>
#include <sys/socket.h>
#include <sys/stat.h>
#include <sys/time.h>
#include <sys/types.h>
#include <sys/uio.h>
#include <sys/un.h>
#include <alloca.h>
#include <arpa/inet.h>
#include <arpa/tftp.h>
#include <assert.h>
#include <err.h>
#include <errno.h>
#include <fcntl.h>
#include <ifaddrs.h>
#include <libgen.h>
#include <limits.h>
#include <locale.h>
#include <net/if.h>
#include <netdb.h>
#include <netinet/in.h>
#include <netinet/tcp.h>
#include <poll.h>
#include <pwd.h>
#include <setjmp.h>
#include <sgtty.h>
#include <signal.h>
#include <stdbool.h>
#include <stdint.h>
#include <stdio.h>
#include <stdlib.h>
#include <string.h>
#include <strings.h>
#include <stropts.h>
#include <termio.h>
#include <termios.h>
#include <time.h>
#include <unistd.h>
#include <utime.h>
#include <stddef.h>
#include <dlfcn.h>
#include <malloc.h>
#include <memory.h>
#include <netinet/if_ether.h>
#include <stdint.h>
#include <sys/utsname.h>

int main(int argc, char** argv)
{
  (void)argv;
#ifndef closesocket
  return ((int*)(&closesocket))[argc];
#else
  (void)argc;
  return 0;
#endif
}

Determining if the getpass_r exist failed with the following output:
Change Dir: /home/pi/newBuild/cmake-3.4.1/CMakeFiles/CMakeTmp

Run Build Command:"/usr/bin/make" "cmTC_a786a/fast"
make -f CMakeFiles/cmTC_a786a.dir/build.make CMakeFiles/cmTC_a786a.dir/build
make[1]: Entering directory '/home/pi/newBuild/cmake-3.4.1/CMakeFiles/CMakeTmp'
Building C object CMakeFiles/cmTC_a786a.dir/CheckSymbolExists.c.o
/usr/bin/gcc    -w    -o CMakeFiles/cmTC_a786a.dir/CheckSymbolExists.c.o   -c /home/pi/newBuild/cmake-3.4.1/CMakeFiles/CMakeTmp/CheckSymbolExists.c
/home/pi/newBuild/cmake-3.4.1/CMakeFiles/CMakeTmp/CheckSymbolExists.c: In function ‘main’:
/home/pi/newBuild/cmake-3.4.1/CMakeFiles/CMakeTmp/CheckSymbolExists.c:59:19: error: ‘getpass_r’ undeclared (first use in this function)
   return ((int*)(&getpass_r))[argc];
                   ^~~~~~~~~
/home/pi/newBuild/cmake-3.4.1/CMakeFiles/CMakeTmp/CheckSymbolExists.c:59:19: note: each undeclared identifier is reported only once for each function it appears in
CMakeFiles/cmTC_a786a.dir/build.make:65: recipe for target 'CMakeFiles/cmTC_a786a.dir/CheckSymbolExists.c.o' failed
make[1]: *** [CMakeFiles/cmTC_a786a.dir/CheckSymbolExists.c.o] Error 1
make[1]: Leaving directory '/home/pi/newBuild/cmake-3.4.1/CMakeFiles/CMakeTmp'
Makefile:126: recipe for target 'cmTC_a786a/fast' failed
make: *** [cmTC_a786a/fast] Error 2

File /home/pi/newBuild/cmake-3.4.1/CMakeFiles/CMakeTmp/CheckSymbolExists.c:
/* */
#include <stdio.h>
#include <inttypes.h>
#include <sys/ioctl.h>
#include <sys/param.h>
#include <sys/poll.h>
#include <sys/resource.h>
#include <sys/select.h>
#include <sys/socket.h>
#include <sys/stat.h>
#include <sys/time.h>
#include <sys/types.h>
#include <sys/uio.h>
#include <sys/un.h>
#include <alloca.h>
#include <arpa/inet.h>
#include <arpa/tftp.h>
#include <assert.h>
#include <err.h>
#include <errno.h>
#include <fcntl.h>
#include <ifaddrs.h>
#include <libgen.h>
#include <limits.h>
#include <locale.h>
#include <net/if.h>
#include <netdb.h>
#include <netinet/in.h>
#include <netinet/tcp.h>
#include <poll.h>
#include <pwd.h>
#include <setjmp.h>
#include <sgtty.h>
#include <signal.h>
#include <stdbool.h>
#include <stdint.h>
#include <stdio.h>
#include <stdlib.h>
#include <string.h>
#include <strings.h>
#include <stropts.h>
#include <termio.h>
#include <termios.h>
#include <time.h>
#include <unistd.h>
#include <utime.h>
#include <stddef.h>
#include <dlfcn.h>
#include <malloc.h>
#include <memory.h>
#include <netinet/if_ether.h>
#include <stdint.h>
#include <sys/utsname.h>

int main(int argc, char** argv)
{
  (void)argv;
#ifndef getpass_r
  return ((int*)(&getpass_r))[argc];
#else
  (void)argc;
  return 0;
#endif
}

Determining if the strlcat exist failed with the following output:
Change Dir: /home/pi/newBuild/cmake-3.4.1/CMakeFiles/CMakeTmp

Run Build Command:"/usr/bin/make" "cmTC_5369e/fast"
make -f CMakeFiles/cmTC_5369e.dir/build.make CMakeFiles/cmTC_5369e.dir/build
make[1]: Entering directory '/home/pi/newBuild/cmake-3.4.1/CMakeFiles/CMakeTmp'
Building C object CMakeFiles/cmTC_5369e.dir/CheckSymbolExists.c.o
/usr/bin/gcc    -w    -o CMakeFiles/cmTC_5369e.dir/CheckSymbolExists.c.o   -c /home/pi/newBuild/cmake-3.4.1/CMakeFiles/CMakeTmp/CheckSymbolExists.c
/home/pi/newBuild/cmake-3.4.1/CMakeFiles/CMakeTmp/CheckSymbolExists.c: In function ‘main’:
/home/pi/newBuild/cmake-3.4.1/CMakeFiles/CMakeTmp/CheckSymbolExists.c:59:19: error: ‘strlcat’ undeclared (first use in this function)
   return ((int*)(&strlcat))[argc];
                   ^~~~~~~
/home/pi/newBuild/cmake-3.4.1/CMakeFiles/CMakeTmp/CheckSymbolExists.c:59:19: note: each undeclared identifier is reported only once for each function it appears in
CMakeFiles/cmTC_5369e.dir/build.make:65: recipe for target 'CMakeFiles/cmTC_5369e.dir/CheckSymbolExists.c.o' failed
make[1]: *** [CMakeFiles/cmTC_5369e.dir/CheckSymbolExists.c.o] Error 1
make[1]: Leaving directory '/home/pi/newBuild/cmake-3.4.1/CMakeFiles/CMakeTmp'
Makefile:126: recipe for target 'cmTC_5369e/fast' failed
make: *** [cmTC_5369e/fast] Error 2

File /home/pi/newBuild/cmake-3.4.1/CMakeFiles/CMakeTmp/CheckSymbolExists.c:
/* */
#include <stdio.h>
#include <inttypes.h>
#include <sys/ioctl.h>
#include <sys/param.h>
#include <sys/poll.h>
#include <sys/resource.h>
#include <sys/select.h>
#include <sys/socket.h>
#include <sys/stat.h>
#include <sys/time.h>
#include <sys/types.h>
#include <sys/uio.h>
#include <sys/un.h>
#include <alloca.h>
#include <arpa/inet.h>
#include <arpa/tftp.h>
#include <assert.h>
#include <err.h>
#include <errno.h>
#include <fcntl.h>
#include <ifaddrs.h>
#include <libgen.h>
#include <limits.h>
#include <locale.h>
#include <net/if.h>
#include <netdb.h>
#include <netinet/in.h>
#include <netinet/tcp.h>
#include <poll.h>
#include <pwd.h>
#include <setjmp.h>
#include <sgtty.h>
#include <signal.h>
#include <stdbool.h>
#include <stdint.h>
#include <stdio.h>
#include <stdlib.h>
#include <string.h>
#include <strings.h>
#include <stropts.h>
#include <termio.h>
#include <termios.h>
#include <time.h>
#include <unistd.h>
#include <utime.h>
#include <stddef.h>
#include <dlfcn.h>
#include <malloc.h>
#include <memory.h>
#include <netinet/if_ether.h>
#include <stdint.h>
#include <sys/utsname.h>

int main(int argc, char** argv)
{
  (void)argv;
#ifndef strlcat
  return ((int*)(&strlcat))[argc];
#else
  (void)argc;
  return 0;
#endif
}

Determining if the _strtoi64 exist failed with the following output:
Change Dir: /home/pi/newBuild/cmake-3.4.1/CMakeFiles/CMakeTmp

Run Build Command:"/usr/bin/make" "cmTC_05590/fast"
make -f CMakeFiles/cmTC_05590.dir/build.make CMakeFiles/cmTC_05590.dir/build
make[1]: Entering directory '/home/pi/newBuild/cmake-3.4.1/CMakeFiles/CMakeTmp'
Building C object CMakeFiles/cmTC_05590.dir/CheckSymbolExists.c.o
/usr/bin/gcc    -w    -o CMakeFiles/cmTC_05590.dir/CheckSymbolExists.c.o   -c /home/pi/newBuild/cmake-3.4.1/CMakeFiles/CMakeTmp/CheckSymbolExists.c
/home/pi/newBuild/cmake-3.4.1/CMakeFiles/CMakeTmp/CheckSymbolExists.c: In function ‘main’:
/home/pi/newBuild/cmake-3.4.1/CMakeFiles/CMakeTmp/CheckSymbolExists.c:59:19: error: ‘_strtoi64’ undeclared (first use in this function)
   return ((int*)(&_strtoi64))[argc];
                   ^~~~~~~~~
/home/pi/newBuild/cmake-3.4.1/CMakeFiles/CMakeTmp/CheckSymbolExists.c:59:19: note: each undeclared identifier is reported only once for each function it appears in
CMakeFiles/cmTC_05590.dir/build.make:65: recipe for target 'CMakeFiles/cmTC_05590.dir/CheckSymbolExists.c.o' failed
make[1]: *** [CMakeFiles/cmTC_05590.dir/CheckSymbolExists.c.o] Error 1
make[1]: Leaving directory '/home/pi/newBuild/cmake-3.4.1/CMakeFiles/CMakeTmp'
Makefile:126: recipe for target 'cmTC_05590/fast' failed
make: *** [cmTC_05590/fast] Error 2

File /home/pi/newBuild/cmake-3.4.1/CMakeFiles/CMakeTmp/CheckSymbolExists.c:
/* */
#include <stdio.h>
#include <inttypes.h>
#include <sys/ioctl.h>
#include <sys/param.h>
#include <sys/poll.h>
#include <sys/resource.h>
#include <sys/select.h>
#include <sys/socket.h>
#include <sys/stat.h>
#include <sys/time.h>
#include <sys/types.h>
#include <sys/uio.h>
#include <sys/un.h>
#include <alloca.h>
#include <arpa/inet.h>
#include <arpa/tftp.h>
#include <assert.h>
#include <err.h>
#include <errno.h>
#include <fcntl.h>
#include <ifaddrs.h>
#include <libgen.h>
#include <limits.h>
#include <locale.h>
#include <net/if.h>
#include <netdb.h>
#include <netinet/in.h>
#include <netinet/tcp.h>
#include <poll.h>
#include <pwd.h>
#include <setjmp.h>
#include <sgtty.h>
#include <signal.h>
#include <stdbool.h>
#include <stdint.h>
#include <stdio.h>
#include <stdlib.h>
#include <string.h>
#include <strings.h>
#include <stropts.h>
#include <termio.h>
#include <termios.h>
#include <time.h>
#include <unistd.h>
#include <utime.h>
#include <stddef.h>
#include <dlfcn.h>
#include <malloc.h>
#include <memory.h>
#include <netinet/if_ether.h>
#include <stdint.h>
#include <sys/utsname.h>

int main(int argc, char** argv)
{
  (void)argv;
#ifndef _strtoi64
  return ((int*)(&_strtoi64))[argc];
#else
  (void)argc;
  return 0;
#endif
}

Determining if the idn_free exist failed with the following output:
Change Dir: /home/pi/newBuild/cmake-3.4.1/CMakeFiles/CMakeTmp

Run Build Command:"/usr/bin/make" "cmTC_db46c/fast"
make -f CMakeFiles/cmTC_db46c.dir/build.make CMakeFiles/cmTC_db46c.dir/build
make[1]: Entering directory '/home/pi/newBuild/cmake-3.4.1/CMakeFiles/CMakeTmp'
Building C object CMakeFiles/cmTC_db46c.dir/CheckSymbolExists.c.o
/usr/bin/gcc    -w    -o CMakeFiles/cmTC_db46c.dir/CheckSymbolExists.c.o   -c /home/pi/newBuild/cmake-3.4.1/CMakeFiles/CMakeTmp/CheckSymbolExists.c
/home/pi/newBuild/cmake-3.4.1/CMakeFiles/CMakeTmp/CheckSymbolExists.c: In function ‘main’:
/home/pi/newBuild/cmake-3.4.1/CMakeFiles/CMakeTmp/CheckSymbolExists.c:59:19: error: ‘idn_free’ undeclared (first use in this function)
   return ((int*)(&idn_free))[argc];
                   ^~~~~~~~
/home/pi/newBuild/cmake-3.4.1/CMakeFiles/CMakeTmp/CheckSymbolExists.c:59:19: note: each undeclared identifier is reported only once for each function it appears in
CMakeFiles/cmTC_db46c.dir/build.make:65: recipe for target 'CMakeFiles/cmTC_db46c.dir/CheckSymbolExists.c.o' failed
make[1]: *** [CMakeFiles/cmTC_db46c.dir/CheckSymbolExists.c.o] Error 1
make[1]: Leaving directory '/home/pi/newBuild/cmake-3.4.1/CMakeFiles/CMakeTmp'
Makefile:126: recipe for target 'cmTC_db46c/fast' failed
make: *** [cmTC_db46c/fast] Error 2

File /home/pi/newBuild/cmake-3.4.1/CMakeFiles/CMakeTmp/CheckSymbolExists.c:
/* */
#include <stdio.h>
#include <inttypes.h>
#include <sys/ioctl.h>
#include <sys/param.h>
#include <sys/poll.h>
#include <sys/resource.h>
#include <sys/select.h>
#include <sys/socket.h>
#include <sys/stat.h>
#include <sys/time.h>
#include <sys/types.h>
#include <sys/uio.h>
#include <sys/un.h>
#include <alloca.h>
#include <arpa/inet.h>
#include <arpa/tftp.h>
#include <assert.h>
#include <err.h>
#include <errno.h>
#include <fcntl.h>
#include <ifaddrs.h>
#include <libgen.h>
#include <limits.h>
#include <locale.h>
#include <net/if.h>
#include <netdb.h>
#include <netinet/in.h>
#include <netinet/tcp.h>
#include <poll.h>
#include <pwd.h>
#include <setjmp.h>
#include <sgtty.h>
#include <signal.h>
#include <stdbool.h>
#include <stdint.h>
#include <stdio.h>
#include <stdlib.h>
#include <string.h>
#include <strings.h>
#include <stropts.h>
#include <termio.h>
#include <termios.h>
#include <time.h>
#include <unistd.h>
#include <utime.h>
#include <stddef.h>
#include <dlfcn.h>
#include <malloc.h>
#include <memory.h>
#include <netinet/if_ether.h>
#include <stdint.h>
#include <sys/utsname.h>

int main(int argc, char** argv)
{
  (void)argv;
#ifndef idn_free
  return ((int*)(&idn_free))[argc];
#else
  (void)argc;
  return 0;
#endif
}

Determining if the idna_strerror exist failed with the following output:
Change Dir: /home/pi/newBuild/cmake-3.4.1/CMakeFiles/CMakeTmp

Run Build Command:"/usr/bin/make" "cmTC_a9397/fast"
make -f CMakeFiles/cmTC_a9397.dir/build.make CMakeFiles/cmTC_a9397.dir/build
make[1]: Entering directory '/home/pi/newBuild/cmake-3.4.1/CMakeFiles/CMakeTmp'
Building C object CMakeFiles/cmTC_a9397.dir/CheckSymbolExists.c.o
/usr/bin/gcc    -w    -o CMakeFiles/cmTC_a9397.dir/CheckSymbolExists.c.o   -c /home/pi/newBuild/cmake-3.4.1/CMakeFiles/CMakeTmp/CheckSymbolExists.c
/home/pi/newBuild/cmake-3.4.1/CMakeFiles/CMakeTmp/CheckSymbolExists.c: In function ‘main’:
/home/pi/newBuild/cmake-3.4.1/CMakeFiles/CMakeTmp/CheckSymbolExists.c:59:19: error: ‘idna_strerror’ undeclared (first use in this function)
   return ((int*)(&idna_strerror))[argc];
                   ^~~~~~~~~~~~~
/home/pi/newBuild/cmake-3.4.1/CMakeFiles/CMakeTmp/CheckSymbolExists.c:59:19: note: each undeclared identifier is reported only once for each function it appears in
CMakeFiles/cmTC_a9397.dir/build.make:65: recipe for target 'CMakeFiles/cmTC_a9397.dir/CheckSymbolExists.c.o' failed
make[1]: *** [CMakeFiles/cmTC_a9397.dir/CheckSymbolExists.c.o] Error 1
make[1]: Leaving directory '/home/pi/newBuild/cmake-3.4.1/CMakeFiles/CMakeTmp'
Makefile:126: recipe for target 'cmTC_a9397/fast' failed
make: *** [cmTC_a9397/fast] Error 2

File /home/pi/newBuild/cmake-3.4.1/CMakeFiles/CMakeTmp/CheckSymbolExists.c:
/* */
#include <stdio.h>
#include <inttypes.h>
#include <sys/ioctl.h>
#include <sys/param.h>
#include <sys/poll.h>
#include <sys/resource.h>
#include <sys/select.h>
#include <sys/socket.h>
#include <sys/stat.h>
#include <sys/time.h>
#include <sys/types.h>
#include <sys/uio.h>
#include <sys/un.h>
#include <alloca.h>
#include <arpa/inet.h>
#include <arpa/tftp.h>
#include <assert.h>
#include <err.h>
#include <errno.h>
#include <fcntl.h>
#include <ifaddrs.h>
#include <libgen.h>
#include <limits.h>
#include <locale.h>
#include <net/if.h>
#include <netdb.h>
#include <netinet/in.h>
#include <netinet/tcp.h>
#include <poll.h>
#include <pwd.h>
#include <setjmp.h>
#include <sgtty.h>
#include <signal.h>
#include <stdbool.h>
#include <stdint.h>
#include <stdio.h>
#include <stdlib.h>
#include <string.h>
#include <strings.h>
#include <stropts.h>
#include <termio.h>
#include <termios.h>
#include <time.h>
#include <unistd.h>
#include <utime.h>
#include <stddef.h>
#include <dlfcn.h>
#include <malloc.h>
#include <memory.h>
#include <netinet/if_ether.h>
#include <stdint.h>
#include <sys/utsname.h>

int main(int argc, char** argv)
{
  (void)argv;
#ifndef idna_strerror
  return ((int*)(&idna_strerror))[argc];
#else
  (void)argc;
  return 0;
#endif
}

Determining if the tld_strerror exist failed with the following output:
Change Dir: /home/pi/newBuild/cmake-3.4.1/CMakeFiles/CMakeTmp

Run Build Command:"/usr/bin/make" "cmTC_8fcf4/fast"
make -f CMakeFiles/cmTC_8fcf4.dir/build.make CMakeFiles/cmTC_8fcf4.dir/build
make[1]: Entering directory '/home/pi/newBuild/cmake-3.4.1/CMakeFiles/CMakeTmp'
Building C object CMakeFiles/cmTC_8fcf4.dir/CheckSymbolExists.c.o
/usr/bin/gcc    -w    -o CMakeFiles/cmTC_8fcf4.dir/CheckSymbolExists.c.o   -c /home/pi/newBuild/cmake-3.4.1/CMakeFiles/CMakeTmp/CheckSymbolExists.c
/home/pi/newBuild/cmake-3.4.1/CMakeFiles/CMakeTmp/CheckSymbolExists.c: In function ‘main’:
/home/pi/newBuild/cmake-3.4.1/CMakeFiles/CMakeTmp/CheckSymbolExists.c:59:19: error: ‘tld_strerror’ undeclared (first use in this function)
   return ((int*)(&tld_strerror))[argc];
                   ^~~~~~~~~~~~
/home/pi/newBuild/cmake-3.4.1/CMakeFiles/CMakeTmp/CheckSymbolExists.c:59:19: note: each undeclared identifier is reported only once for each function it appears in
CMakeFiles/cmTC_8fcf4.dir/build.make:65: recipe for target 'CMakeFiles/cmTC_8fcf4.dir/CheckSymbolExists.c.o' failed
make[1]: *** [CMakeFiles/cmTC_8fcf4.dir/CheckSymbolExists.c.o] Error 1
make[1]: Leaving directory '/home/pi/newBuild/cmake-3.4.1/CMakeFiles/CMakeTmp'
Makefile:126: recipe for target 'cmTC_8fcf4/fast' failed
make: *** [cmTC_8fcf4/fast] Error 2

File /home/pi/newBuild/cmake-3.4.1/CMakeFiles/CMakeTmp/CheckSymbolExists.c:
/* */
#include <stdio.h>
#include <inttypes.h>
#include <sys/ioctl.h>
#include <sys/param.h>
#include <sys/poll.h>
#include <sys/resource.h>
#include <sys/select.h>
#include <sys/socket.h>
#include <sys/stat.h>
#include <sys/time.h>
#include <sys/types.h>
#include <sys/uio.h>
#include <sys/un.h>
#include <alloca.h>
#include <arpa/inet.h>
#include <arpa/tftp.h>
#include <assert.h>
#include <err.h>
#include <errno.h>
#include <fcntl.h>
#include <ifaddrs.h>
#include <libgen.h>
#include <limits.h>
#include <locale.h>
#include <net/if.h>
#include <netdb.h>
#include <netinet/in.h>
#include <netinet/tcp.h>
#include <poll.h>
#include <pwd.h>
#include <setjmp.h>
#include <sgtty.h>
#include <signal.h>
#include <stdbool.h>
#include <stdint.h>
#include <stdio.h>
#include <stdlib.h>
#include <string.h>
#include <strings.h>
#include <stropts.h>
#include <termio.h>
#include <termios.h>
#include <time.h>
#include <unistd.h>
#include <utime.h>
#include <stddef.h>
#include <dlfcn.h>
#include <malloc.h>
#include <memory.h>
#include <netinet/if_ether.h>
#include <stdint.h>
#include <sys/utsname.h>

int main(int argc, char** argv)
{
  (void)argv;
#ifndef tld_strerror
  return ((int*)(&tld_strerror))[argc];
#else
  (void)argc;
  return 0;
#endif
}

Performing Curl Test HAVE_IOCTLSOCKET failed with the following output:
Change Dir: /home/pi/newBuild/cmake-3.4.1/CMakeFiles/CMakeTmp

Run Build Command:"/usr/bin/make" "cmTC_5dbcc/fast"
make -f CMakeFiles/cmTC_5dbcc.dir/build.make CMakeFiles/cmTC_5dbcc.dir/build
make[1]: Entering directory '/home/pi/newBuild/cmake-3.4.1/CMakeFiles/CMakeTmp'
Building C object CMakeFiles/cmTC_5dbcc.dir/CurlTests.c.o
/usr/bin/gcc    -w -DHAVE_IOCTLSOCKET  -DHAVE_STDIO_H -DHAVE_INTTYPES_H -DHAVE_SYS_IOCTL_H -DHAVE_SYS_PARAM_H -DHAVE_SYS_POLL_H -DHAVE_SYS_RESOURCE_H -DHAVE_SYS_SELECT_H -DHAVE_SYS_SOCKET_H -DHAVE_SYS_STAT_H -DHAVE_SYS_TIME_H -DHAVE_SYS_TYPES_H -DHAVE_SYS_UIO_H -DHAVE_SYS_UN_H -DHAVE_ALLOCA_H -DHAVE_ARPA_INET_H -DHAVE_ARPA_TFTP_H -DHAVE_ASSERT_H -DHAVE_ERR_H -DHAVE_ERRNO_H -DHAVE_FCNTL_H -DHAVE_IFADDRS_H -DHAVE_LIBGEN_H -DHAVE_LIMITS_H -DHAVE_LOCALE_H -DHAVE_NET_IF_H -DHAVE_NETDB_H -DHAVE_NETINET_IN_H -DHAVE_NETINET_TCP_H -DHAVE_POLL_H -DHAVE_PWD_H -DHAVE_SETJMP_H -DHAVE_SGTTY_H -DHAVE_SIGNAL_H -DHAVE_STDBOOL_H -DHAVE_STDINT_H -DHAVE_STDIO_H -DHAVE_STDLIB_H -DHAVE_STRING_H -DHAVE_STRINGS_H -DHAVE_STROPTS_H -DHAVE_TERMIO_H -DHAVE_TERMIOS_H -DHAVE_TIME_H -DHAVE_UNISTD_H -DHAVE_UTIME_H -DHAVE_STDDEF_H -DHAVE_DLFCN_H -DHAVE_MALLOC_H -DHAVE_MEMORY_H -DHAVE_NETINET_IF_ETHER_H -DHAVE_STDINT_H -DHAVE_SYS_UTSNAME_H   -o CMakeFiles/cmTC_5dbcc.dir/CurlTests.c.o   -c /home/pi/newBuild/cmake-3.4.1/Utilities/cmcurl/CMake/CurlTests.c
/home/pi/newBuild/cmake-3.4.1/Utilities/cmcurl/CMake/CurlTests.c: In function ‘main’:
/home/pi/newBuild/cmake-3.4.1/Utilities/cmcurl/CMake/CurlTests.c:322:44: error: ‘FIONBIO’ undeclared (first use in this function)
  unsigned long flags = ioctlsocket(socket, FIONBIO, &flags);
                                            ^~~~~~~
/home/pi/newBuild/cmake-3.4.1/Utilities/cmcurl/CMake/CurlTests.c:322:44: note: each undeclared identifier is reported only once for each function it appears in
CMakeFiles/cmTC_5dbcc.dir/build.make:65: recipe for target 'CMakeFiles/cmTC_5dbcc.dir/CurlTests.c.o' failed
make[1]: *** [CMakeFiles/cmTC_5dbcc.dir/CurlTests.c.o] Error 1
make[1]: Leaving directory '/home/pi/newBuild/cmake-3.4.1/CMakeFiles/CMakeTmp'
Makefile:126: recipe for target 'cmTC_5dbcc/fast' failed
make: *** [cmTC_5dbcc/fast] Error 2

Performing Curl Test HAVE_IOCTLSOCKET_CAMEL failed with the following output:
Change Dir: /home/pi/newBuild/cmake-3.4.1/CMakeFiles/CMakeTmp

Run Build Command:"/usr/bin/make" "cmTC_a6e0c/fast"
make -f CMakeFiles/cmTC_a6e0c.dir/build.make CMakeFiles/cmTC_a6e0c.dir/build
make[1]: Entering directory '/home/pi/newBuild/cmake-3.4.1/CMakeFiles/CMakeTmp'
Building C object CMakeFiles/cmTC_a6e0c.dir/CurlTests.c.o
/usr/bin/gcc    -w -DHAVE_IOCTLSOCKET_CAMEL  -DHAVE_STDIO_H -DHAVE_INTTYPES_H -DHAVE_SYS_IOCTL_H -DHAVE_SYS_PARAM_H -DHAVE_SYS_POLL_H -DHAVE_SYS_RESOURCE_H -DHAVE_SYS_SELECT_H -DHAVE_SYS_SOCKET_H -DHAVE_SYS_STAT_H -DHAVE_SYS_TIME_H -DHAVE_SYS_TYPES_H -DHAVE_SYS_UIO_H -DHAVE_SYS_UN_H -DHAVE_ALLOCA_H -DHAVE_ARPA_INET_H -DHAVE_ARPA_TFTP_H -DHAVE_ASSERT_H -DHAVE_ERR_H -DHAVE_ERRNO_H -DHAVE_FCNTL_H -DHAVE_IFADDRS_H -DHAVE_LIBGEN_H -DHAVE_LIMITS_H -DHAVE_LOCALE_H -DHAVE_NET_IF_H -DHAVE_NETDB_H -DHAVE_NETINET_IN_H -DHAVE_NETINET_TCP_H -DHAVE_POLL_H -DHAVE_PWD_H -DHAVE_SETJMP_H -DHAVE_SGTTY_H -DHAVE_SIGNAL_H -DHAVE_STDBOOL_H -DHAVE_STDINT_H -DHAVE_STDIO_H -DHAVE_STDLIB_H -DHAVE_STRING_H -DHAVE_STRINGS_H -DHAVE_STROPTS_H -DHAVE_TERMIO_H -DHAVE_TERMIOS_H -DHAVE_TIME_H -DHAVE_UNISTD_H -DHAVE_UTIME_H -DHAVE_STDDEF_H -DHAVE_DLFCN_H -DHAVE_MALLOC_H -DHAVE_MEMORY_H -DHAVE_NETINET_IF_ETHER_H -DHAVE_STDINT_H -DHAVE_SYS_UTSNAME_H   -o CMakeFiles/cmTC_a6e0c.dir/CurlTests.c.o   -c /home/pi/newBuild/cmake-3.4.1/Utilities/cmcurl/CMake/CurlTests.c
Linking C executable cmTC_a6e0c
/home/pi/newBuild/cmake-3.4.1/Bootstrap.cmk/cmake -E cmake_link_script CMakeFiles/cmTC_a6e0c.dir/link.txt --verbose=1
/usr/bin/gcc    -w -DHAVE_IOCTLSOCKET_CAMEL  -DHAVE_STDIO_H -DHAVE_INTTYPES_H -DHAVE_SYS_IOCTL_H -DHAVE_SYS_PARAM_H -DHAVE_SYS_POLL_H -DHAVE_SYS_RESOURCE_H -DHAVE_SYS_SELECT_H -DHAVE_SYS_SOCKET_H -DHAVE_SYS_STAT_H -DHAVE_SYS_TIME_H -DHAVE_SYS_TYPES_H -DHAVE_SYS_UIO_H -DHAVE_SYS_UN_H -DHAVE_ALLOCA_H -DHAVE_ARPA_INET_H -DHAVE_ARPA_TFTP_H -DHAVE_ASSERT_H -DHAVE_ERR_H -DHAVE_ERRNO_H -DHAVE_FCNTL_H -DHAVE_IFADDRS_H -DHAVE_LIBGEN_H -DHAVE_LIMITS_H -DHAVE_LOCALE_H -DHAVE_NET_IF_H -DHAVE_NETDB_H -DHAVE_NETINET_IN_H -DHAVE_NETINET_TCP_H -DHAVE_POLL_H -DHAVE_PWD_H -DHAVE_SETJMP_H -DHAVE_SGTTY_H -DHAVE_SIGNAL_H -DHAVE_STDBOOL_H -DHAVE_STDINT_H -DHAVE_STDIO_H -DHAVE_STDLIB_H -DHAVE_STRING_H -DHAVE_STRINGS_H -DHAVE_STROPTS_H -DHAVE_TERMIO_H -DHAVE_TERMIOS_H -DHAVE_TIME_H -DHAVE_UNISTD_H -DHAVE_UTIME_H -DHAVE_STDDEF_H -DHAVE_DLFCN_H -DHAVE_MALLOC_H -DHAVE_MEMORY_H -DHAVE_NETINET_IF_ETHER_H -DHAVE_STDINT_H -DHAVE_SYS_UTSNAME_H    CMakeFiles/cmTC_a6e0c.dir/CurlTests.c.o  -o cmTC_a6e0c -rdynamic 
CMakeFiles/cmTC_a6e0c.dir/CurlTests.c.o: In function `main':
CurlTests.c:(.text+0x14): undefined reference to `IoctlSocket'
collect2: error: ld returned 1 exit status
CMakeFiles/cmTC_a6e0c.dir/build.make:97: recipe for target 'cmTC_a6e0c' failed
make[1]: *** [cmTC_a6e0c] Error 1
make[1]: Leaving directory '/home/pi/newBuild/cmake-3.4.1/CMakeFiles/CMakeTmp'
Makefile:126: recipe for target 'cmTC_a6e0c/fast' failed
make: *** [cmTC_a6e0c/fast] Error 2

Performing Curl Test HAVE_IOCTLSOCKET_CAMEL_FIONBIO failed with the following output:
Change Dir: /home/pi/newBuild/cmake-3.4.1/CMakeFiles/CMakeTmp

Run Build Command:"/usr/bin/make" "cmTC_71caf/fast"
make -f CMakeFiles/cmTC_71caf.dir/build.make CMakeFiles/cmTC_71caf.dir/build
make[1]: Entering directory '/home/pi/newBuild/cmake-3.4.1/CMakeFiles/CMakeTmp'
Building C object CMakeFiles/cmTC_71caf.dir/CurlTests.c.o
/usr/bin/gcc    -w -DHAVE_IOCTLSOCKET_CAMEL_FIONBIO  -DHAVE_STDIO_H -DHAVE_INTTYPES_H -DHAVE_SYS_IOCTL_H -DHAVE_SYS_PARAM_H -DHAVE_SYS_POLL_H -DHAVE_SYS_RESOURCE_H -DHAVE_SYS_SELECT_H -DHAVE_SYS_SOCKET_H -DHAVE_SYS_STAT_H -DHAVE_SYS_TIME_H -DHAVE_SYS_TYPES_H -DHAVE_SYS_UIO_H -DHAVE_SYS_UN_H -DHAVE_ALLOCA_H -DHAVE_ARPA_INET_H -DHAVE_ARPA_TFTP_H -DHAVE_ASSERT_H -DHAVE_ERR_H -DHAVE_ERRNO_H -DHAVE_FCNTL_H -DHAVE_IFADDRS_H -DHAVE_LIBGEN_H -DHAVE_LIMITS_H -DHAVE_LOCALE_H -DHAVE_NET_IF_H -DHAVE_NETDB_H -DHAVE_NETINET_IN_H -DHAVE_NETINET_TCP_H -DHAVE_POLL_H -DHAVE_PWD_H -DHAVE_SETJMP_H -DHAVE_SGTTY_H -DHAVE_SIGNAL_H -DHAVE_STDBOOL_H -DHAVE_STDINT_H -DHAVE_STDIO_H -DHAVE_STDLIB_H -DHAVE_STRING_H -DHAVE_STRINGS_H -DHAVE_STROPTS_H -DHAVE_TERMIO_H -DHAVE_TERMIOS_H -DHAVE_TIME_H -DHAVE_UNISTD_H -DHAVE_UTIME_H -DHAVE_STDDEF_H -DHAVE_DLFCN_H -DHAVE_MALLOC_H -DHAVE_MEMORY_H -DHAVE_NETINET_IF_ETHER_H -DHAVE_STDINT_H -DHAVE_SYS_UTSNAME_H   -o CMakeFiles/cmTC_71caf.dir/CurlTests.c.o   -c /home/pi/newBuild/cmake-3.4.1/Utilities/cmcurl/CMake/CurlTests.c
/home/pi/newBuild/cmake-3.4.1/Utilities/cmcurl/CMake/CurlTests.c: In function ‘main’:
/home/pi/newBuild/cmake-3.4.1/Utilities/cmcurl/CMake/CurlTests.c:378:32: error: ‘FIONBIO’ undeclared (first use in this function)
         if(0 != ioctlsocket(0, FIONBIO, &flags))
                                ^~~~~~~
/home/pi/newBuild/cmake-3.4.1/Utilities/cmcurl/CMake/CurlTests.c:378:32: note: each undeclared identifier is reported only once for each function it appears in
CMakeFiles/cmTC_71caf.dir/build.make:65: recipe for target 'CMakeFiles/cmTC_71caf.dir/CurlTests.c.o' failed
make[1]: *** [CMakeFiles/cmTC_71caf.dir/CurlTests.c.o] Error 1
make[1]: Leaving directory '/home/pi/newBuild/cmake-3.4.1/CMakeFiles/CMakeTmp'
Makefile:126: recipe for target 'cmTC_71caf/fast' failed
make: *** [cmTC_71caf/fast] Error 2

Performing Curl Test HAVE_IOCTLSOCKET_FIONBIO failed with the following output:
Change Dir: /home/pi/newBuild/cmake-3.4.1/CMakeFiles/CMakeTmp

Run Build Command:"/usr/bin/make" "cmTC_a7a68/fast"
make -f CMakeFiles/cmTC_a7a68.dir/build.make CMakeFiles/cmTC_a7a68.dir/build
make[1]: Entering directory '/home/pi/newBuild/cmake-3.4.1/CMakeFiles/CMakeTmp'
Building C object CMakeFiles/cmTC_a7a68.dir/CurlTests.c.o
/usr/bin/gcc    -w -DHAVE_IOCTLSOCKET_FIONBIO  -DHAVE_STDIO_H -DHAVE_INTTYPES_H -DHAVE_SYS_IOCTL_H -DHAVE_SYS_PARAM_H -DHAVE_SYS_POLL_H -DHAVE_SYS_RESOURCE_H -DHAVE_SYS_SELECT_H -DHAVE_SYS_SOCKET_H -DHAVE_SYS_STAT_H -DHAVE_SYS_TIME_H -DHAVE_SYS_TYPES_H -DHAVE_SYS_UIO_H -DHAVE_SYS_UN_H -DHAVE_ALLOCA_H -DHAVE_ARPA_INET_H -DHAVE_ARPA_TFTP_H -DHAVE_ASSERT_H -DHAVE_ERR_H -DHAVE_ERRNO_H -DHAVE_FCNTL_H -DHAVE_IFADDRS_H -DHAVE_LIBGEN_H -DHAVE_LIMITS_H -DHAVE_LOCALE_H -DHAVE_NET_IF_H -DHAVE_NETDB_H -DHAVE_NETINET_IN_H -DHAVE_NETINET_TCP_H -DHAVE_POLL_H -DHAVE_PWD_H -DHAVE_SETJMP_H -DHAVE_SGTTY_H -DHAVE_SIGNAL_H -DHAVE_STDBOOL_H -DHAVE_STDINT_H -DHAVE_STDIO_H -DHAVE_STDLIB_H -DHAVE_STRING_H -DHAVE_STRINGS_H -DHAVE_STROPTS_H -DHAVE_TERMIO_H -DHAVE_TERMIOS_H -DHAVE_TIME_H -DHAVE_UNISTD_H -DHAVE_UTIME_H -DHAVE_STDDEF_H -DHAVE_DLFCN_H -DHAVE_MALLOC_H -DHAVE_MEMORY_H -DHAVE_NETINET_IF_ETHER_H -DHAVE_STDINT_H -DHAVE_SYS_UTSNAME_H   -o CMakeFiles/cmTC_a7a68.dir/CurlTests.c.o   -c /home/pi/newBuild/cmake-3.4.1/Utilities/cmcurl/CMake/CurlTests.c
/home/pi/newBuild/cmake-3.4.1/Utilities/cmcurl/CMake/CurlTests.c: In function ‘main’:
/home/pi/newBuild/cmake-3.4.1/Utilities/cmcurl/CMake/CurlTests.c:405:32: error: ‘FIONBIO’ undeclared (first use in this function)
         if(0 != ioctlsocket(0, FIONBIO, &flags))
                                ^~~~~~~
/home/pi/newBuild/cmake-3.4.1/Utilities/cmcurl/CMake/CurlTests.c:405:32: note: each undeclared identifier is reported only once for each function it appears in
CMakeFiles/cmTC_a7a68.dir/build.make:65: recipe for target 'CMakeFiles/cmTC_a7a68.dir/CurlTests.c.o' failed
make[1]: *** [CMakeFiles/cmTC_a7a68.dir/CurlTests.c.o] Error 1
make[1]: Leaving directory '/home/pi/newBuild/cmake-3.4.1/CMakeFiles/CMakeTmp'
Makefile:126: recipe for target 'cmTC_a7a68/fast' failed
make: *** [cmTC_a7a68/fast] Error 2

Performing Curl Test HAVE_SETSOCKOPT_SO_NONBLOCK failed with the following output:
Change Dir: /home/pi/newBuild/cmake-3.4.1/CMakeFiles/CMakeTmp

Run Build Command:"/usr/bin/make" "cmTC_eb3c7/fast"
make -f CMakeFiles/cmTC_eb3c7.dir/build.make CMakeFiles/cmTC_eb3c7.dir/build
make[1]: Entering directory '/home/pi/newBuild/cmake-3.4.1/CMakeFiles/CMakeTmp'
Building C object CMakeFiles/cmTC_eb3c7.dir/CurlTests.c.o
/usr/bin/gcc    -w -DHAVE_SETSOCKOPT_SO_NONBLOCK  -DHAVE_STDIO_H -DHAVE_INTTYPES_H -DHAVE_SYS_IOCTL_H -DHAVE_SYS_PARAM_H -DHAVE_SYS_POLL_H -DHAVE_SYS_RESOURCE_H -DHAVE_SYS_SELECT_H -DHAVE_SYS_SOCKET_H -DHAVE_SYS_STAT_H -DHAVE_SYS_TIME_H -DHAVE_SYS_TYPES_H -DHAVE_SYS_UIO_H -DHAVE_SYS_UN_H -DHAVE_ALLOCA_H -DHAVE_ARPA_INET_H -DHAVE_ARPA_TFTP_H -DHAVE_ASSERT_H -DHAVE_ERR_H -DHAVE_ERRNO_H -DHAVE_FCNTL_H -DHAVE_IFADDRS_H -DHAVE_LIBGEN_H -DHAVE_LIMITS_H -DHAVE_LOCALE_H -DHAVE_NET_IF_H -DHAVE_NETDB_H -DHAVE_NETINET_IN_H -DHAVE_NETINET_TCP_H -DHAVE_POLL_H -DHAVE_PWD_H -DHAVE_SETJMP_H -DHAVE_SGTTY_H -DHAVE_SIGNAL_H -DHAVE_STDBOOL_H -DHAVE_STDINT_H -DHAVE_STDIO_H -DHAVE_STDLIB_H -DHAVE_STRING_H -DHAVE_STRINGS_H -DHAVE_STROPTS_H -DHAVE_TERMIO_H -DHAVE_TERMIOS_H -DHAVE_TIME_H -DHAVE_UNISTD_H -DHAVE_UTIME_H -DHAVE_STDDEF_H -DHAVE_DLFCN_H -DHAVE_MALLOC_H -DHAVE_MEMORY_H -DHAVE_NETINET_IF_ETHER_H -DHAVE_STDINT_H -DHAVE_SYS_UTSNAME_H   -o CMakeFiles/cmTC_eb3c7.dir/CurlTests.c.o   -c /home/pi/newBuild/cmake-3.4.1/Utilities/cmcurl/CMake/CurlTests.c
/home/pi/newBuild/cmake-3.4.1/Utilities/cmcurl/CMake/CurlTests.c: In function ‘main’:
/home/pi/newBuild/cmake-3.4.1/Utilities/cmcurl/CMake/CurlTests.c:501:43: error: ‘SO_NONBLOCK’ undeclared (first use in this function)
         if(0 != setsockopt(0, SOL_SOCKET, SO_NONBLOCK, 0, 0))
                                           ^~~~~~~~~~~
/home/pi/newBuild/cmake-3.4.1/Utilities/cmcurl/CMake/CurlTests.c:501:43: note: each undeclared identifier is reported only once for each function it appears in
CMakeFiles/cmTC_eb3c7.dir/build.make:65: recipe for target 'CMakeFiles/cmTC_eb3c7.dir/CurlTests.c.o' failed
make[1]: *** [CMakeFiles/cmTC_eb3c7.dir/CurlTests.c.o] Error 1
make[1]: Leaving directory '/home/pi/newBuild/cmake-3.4.1/CMakeFiles/CMakeTmp'
Makefile:126: recipe for target 'cmTC_eb3c7/fast' failed
make: *** [cmTC_eb3c7/fast] Error 2

Performing Curl Test HAVE_SOCKADDR_IN6_SIN6_SCOPE_ID failed with the following output:
Change Dir: /home/pi/newBuild/cmake-3.4.1/CMakeFiles/CMakeTmp

Run Build Command:"/usr/bin/make" "cmTC_dddeb/fast"
make -f CMakeFiles/cmTC_dddeb.dir/build.make CMakeFiles/cmTC_dddeb.dir/build
make[1]: Entering directory '/home/pi/newBuild/cmake-3.4.1/CMakeFiles/CMakeTmp'
Building C object CMakeFiles/cmTC_dddeb.dir/CurlTests.c.o
/usr/bin/gcc    -w -DHAVE_SOCKADDR_IN6_SIN6_SCOPE_ID  -DHAVE_STDIO_H -DHAVE_INTTYPES_H -DHAVE_SYS_IOCTL_H -DHAVE_SYS_PARAM_H -DHAVE_SYS_POLL_H -DHAVE_SYS_RESOURCE_H -DHAVE_SYS_SELECT_H -DHAVE_SYS_SOCKET_H -DHAVE_SYS_STAT_H -DHAVE_SYS_TIME_H -DHAVE_SYS_TYPES_H -DHAVE_SYS_UIO_H -DHAVE_SYS_UN_H -DHAVE_ALLOCA_H -DHAVE_ARPA_INET_H -DHAVE_ARPA_TFTP_H -DHAVE_ASSERT_H -DHAVE_ERR_H -DHAVE_ERRNO_H -DHAVE_FCNTL_H -DHAVE_IFADDRS_H -DHAVE_LIBGEN_H -DHAVE_LIMITS_H -DHAVE_LOCALE_H -DHAVE_NET_IF_H -DHAVE_NETDB_H -DHAVE_NETINET_IN_H -DHAVE_NETINET_TCP_H -DHAVE_POLL_H -DHAVE_PWD_H -DHAVE_SETJMP_H -DHAVE_SGTTY_H -DHAVE_SIGNAL_H -DHAVE_STDBOOL_H -DHAVE_STDINT_H -DHAVE_STDIO_H -DHAVE_STDLIB_H -DHAVE_STRING_H -DHAVE_STRINGS_H -DHAVE_STROPTS_H -DHAVE_TERMIO_H -DHAVE_TERMIOS_H -DHAVE_TIME_H -DHAVE_UNISTD_H -DHAVE_UTIME_H -DHAVE_STDDEF_H -DHAVE_DLFCN_H -DHAVE_MALLOC_H -DHAVE_MEMORY_H -DHAVE_NETINET_IF_ETHER_H -DHAVE_STDINT_H -DHAVE_SYS_UTSNAME_H   -o CMakeFiles/cmTC_dddeb.dir/CurlTests.c.o   -c /home/pi/newBuild/cmake-3.4.1/Utilities/cmcurl/CMake/CurlTests.c
Linking C executable cmTC_dddeb
/home/pi/newBuild/cmake-3.4.1/Bootstrap.cmk/cmake -E cmake_link_script CMakeFiles/cmTC_dddeb.dir/link.txt --verbose=1
/usr/bin/gcc    -w -DHAVE_SOCKADDR_IN6_SIN6_SCOPE_ID  -DHAVE_STDIO_H -DHAVE_INTTYPES_H -DHAVE_SYS_IOCTL_H -DHAVE_SYS_PARAM_H -DHAVE_SYS_POLL_H -DHAVE_SYS_RESOURCE_H -DHAVE_SYS_SELECT_H -DHAVE_SYS_SOCKET_H -DHAVE_SYS_STAT_H -DHAVE_SYS_TIME_H -DHAVE_SYS_TYPES_H -DHAVE_SYS_UIO_H -DHAVE_SYS_UN_H -DHAVE_ALLOCA_H -DHAVE_ARPA_INET_H -DHAVE_ARPA_TFTP_H -DHAVE_ASSERT_H -DHAVE_ERR_H -DHAVE_ERRNO_H -DHAVE_FCNTL_H -DHAVE_IFADDRS_H -DHAVE_LIBGEN_H -DHAVE_LIMITS_H -DHAVE_LOCALE_H -DHAVE_NET_IF_H -DHAVE_NETDB_H -DHAVE_NETINET_IN_H -DHAVE_NETINET_TCP_H -DHAVE_POLL_H -DHAVE_PWD_H -DHAVE_SETJMP_H -DHAVE_SGTTY_H -DHAVE_SIGNAL_H -DHAVE_STDBOOL_H -DHAVE_STDINT_H -DHAVE_STDIO_H -DHAVE_STDLIB_H -DHAVE_STRING_H -DHAVE_STRINGS_H -DHAVE_STROPTS_H -DHAVE_TERMIO_H -DHAVE_TERMIOS_H -DHAVE_TIME_H -DHAVE_UNISTD_H -DHAVE_UTIME_H -DHAVE_STDDEF_H -DHAVE_DLFCN_H -DHAVE_MALLOC_H -DHAVE_MEMORY_H -DHAVE_NETINET_IF_ETHER_H -DHAVE_STDINT_H -DHAVE_SYS_UTSNAME_H    CMakeFiles/cmTC_dddeb.dir/CurlTests.c.o  -o cmTC_dddeb -rdynamic 
/usr/lib/gcc/arm-linux-gnueabihf/6/../../../arm-linux-gnueabihf/crt1.o: In function `_start':
(.text+0x34): undefined reference to `main'
collect2: error: ld returned 1 exit status
CMakeFiles/cmTC_dddeb.dir/build.make:97: recipe for target 'cmTC_dddeb' failed
make[1]: *** [cmTC_dddeb] Error 1
make[1]: Leaving directory '/home/pi/newBuild/cmake-3.4.1/CMakeFiles/CMakeTmp'
Makefile:126: recipe for target 'cmTC_dddeb/fast' failed
make: *** [cmTC_dddeb/fast] Error 2

Performing Curl Test HAVE_O_NONBLOCK failed with the following output:
Change Dir: /home/pi/newBuild/cmake-3.4.1/CMakeFiles/CMakeTmp

Run Build Command:"/usr/bin/make" "cmTC_c4125/fast"
make -f CMakeFiles/cmTC_c4125.dir/build.make CMakeFiles/cmTC_c4125.dir/build
make[1]: Entering directory '/home/pi/newBuild/cmake-3.4.1/CMakeFiles/CMakeTmp'
Building C object CMakeFiles/cmTC_c4125.dir/CurlTests.c.o
/usr/bin/gcc    -w -DHAVE_O_NONBLOCK  -DHAVE_STDIO_H -DHAVE_INTTYPES_H -DHAVE_SYS_IOCTL_H -DHAVE_SYS_PARAM_H -DHAVE_SYS_POLL_H -DHAVE_SYS_RESOURCE_H -DHAVE_SYS_SELECT_H -DHAVE_SYS_SOCKET_H -DHAVE_SYS_STAT_H -DHAVE_SYS_TIME_H -DHAVE_SYS_TYPES_H -DHAVE_SYS_UIO_H -DHAVE_SYS_UN_H -DHAVE_ALLOCA_H -DHAVE_ARPA_INET_H -DHAVE_ARPA_TFTP_H -DHAVE_ASSERT_H -DHAVE_ERR_H -DHAVE_ERRNO_H -DHAVE_FCNTL_H -DHAVE_IFADDRS_H -DHAVE_LIBGEN_H -DHAVE_LIMITS_H -DHAVE_LOCALE_H -DHAVE_NET_IF_H -DHAVE_NETDB_H -DHAVE_NETINET_IN_H -DHAVE_NETINET_TCP_H -DHAVE_POLL_H -DHAVE_PWD_H -DHAVE_SETJMP_H -DHAVE_SGTTY_H -DHAVE_SIGNAL_H -DHAVE_STDBOOL_H -DHAVE_STDINT_H -DHAVE_STDIO_H -DHAVE_STDLIB_H -DHAVE_STRING_H -DHAVE_STRINGS_H -DHAVE_STROPTS_H -DHAVE_TERMIO_H -DHAVE_TERMIOS_H -DHAVE_TIME_H -DHAVE_UNISTD_H -DHAVE_UTIME_H -DHAVE_STDDEF_H -DHAVE_DLFCN_H -DHAVE_MALLOC_H -DHAVE_MEMORY_H -DHAVE_NETINET_IF_ETHER_H -DHAVE_STDINT_H -DHAVE_SYS_UTSNAME_H   -o CMakeFiles/cmTC_c4125.dir/CurlTests.c.o   -c /home/pi/newBuild/cmake-3.4.1/Utilities/cmcurl/CMake/CurlTests.c
Linking C executable cmTC_c4125
/home/pi/newBuild/cmake-3.4.1/Bootstrap.cmk/cmake -E cmake_link_script CMakeFiles/cmTC_c4125.dir/link.txt --verbose=1
/usr/bin/gcc    -w -DHAVE_O_NONBLOCK  -DHAVE_STDIO_H -DHAVE_INTTYPES_H -DHAVE_SYS_IOCTL_H -DHAVE_SYS_PARAM_H -DHAVE_SYS_POLL_H -DHAVE_SYS_RESOURCE_H -DHAVE_SYS_SELECT_H -DHAVE_SYS_SOCKET_H -DHAVE_SYS_STAT_H -DHAVE_SYS_TIME_H -DHAVE_SYS_TYPES_H -DHAVE_SYS_UIO_H -DHAVE_SYS_UN_H -DHAVE_ALLOCA_H -DHAVE_ARPA_INET_H -DHAVE_ARPA_TFTP_H -DHAVE_ASSERT_H -DHAVE_ERR_H -DHAVE_ERRNO_H -DHAVE_FCNTL_H -DHAVE_IFADDRS_H -DHAVE_LIBGEN_H -DHAVE_LIMITS_H -DHAVE_LOCALE_H -DHAVE_NET_IF_H -DHAVE_NETDB_H -DHAVE_NETINET_IN_H -DHAVE_NETINET_TCP_H -DHAVE_POLL_H -DHAVE_PWD_H -DHAVE_SETJMP_H -DHAVE_SGTTY_H -DHAVE_SIGNAL_H -DHAVE_STDBOOL_H -DHAVE_STDINT_H -DHAVE_STDIO_H -DHAVE_STDLIB_H -DHAVE_STRING_H -DHAVE_STRINGS_H -DHAVE_STROPTS_H -DHAVE_TERMIO_H -DHAVE_TERMIOS_H -DHAVE_TIME_H -DHAVE_UNISTD_H -DHAVE_UTIME_H -DHAVE_STDDEF_H -DHAVE_DLFCN_H -DHAVE_MALLOC_H -DHAVE_MEMORY_H -DHAVE_NETINET_IF_ETHER_H -DHAVE_STDINT_H -DHAVE_SYS_UTSNAME_H    CMakeFiles/cmTC_c4125.dir/CurlTests.c.o  -o cmTC_c4125 -rdynamic 
/usr/lib/gcc/arm-linux-gnueabihf/6/../../../arm-linux-gnueabihf/crt1.o: In function `_start':
(.text+0x34): undefined reference to `main'
collect2: error: ld returned 1 exit status
CMakeFiles/cmTC_c4125.dir/build.make:97: recipe for target 'cmTC_c4125' failed
make[1]: *** [cmTC_c4125] Error 1
make[1]: Leaving directory '/home/pi/newBuild/cmake-3.4.1/CMakeFiles/CMakeTmp'
Makefile:126: recipe for target 'cmTC_c4125/fast' failed
make: *** [cmTC_c4125/fast] Error 2

Performing Curl Test HAVE_GETHOSTBYADDR_R_5 failed with the following output:
Change Dir: /home/pi/newBuild/cmake-3.4.1/CMakeFiles/CMakeTmp

Run Build Command:"/usr/bin/make" "cmTC_ab8a1/fast"
make -f CMakeFiles/cmTC_ab8a1.dir/build.make CMakeFiles/cmTC_ab8a1.dir/build
make[1]: Entering directory '/home/pi/newBuild/cmake-3.4.1/CMakeFiles/CMakeTmp'
Building C object CMakeFiles/cmTC_ab8a1.dir/CurlTests.c.o
/usr/bin/gcc    -w -DHAVE_GETHOSTBYADDR_R_5  -DHAVE_STDIO_H -DHAVE_INTTYPES_H -DHAVE_SYS_IOCTL_H -DHAVE_SYS_PARAM_H -DHAVE_SYS_POLL_H -DHAVE_SYS_RESOURCE_H -DHAVE_SYS_SELECT_H -DHAVE_SYS_SOCKET_H -DHAVE_SYS_STAT_H -DHAVE_SYS_TIME_H -DHAVE_SYS_TYPES_H -DHAVE_SYS_UIO_H -DHAVE_SYS_UN_H -DHAVE_ALLOCA_H -DHAVE_ARPA_INET_H -DHAVE_ARPA_TFTP_H -DHAVE_ASSERT_H -DHAVE_ERR_H -DHAVE_ERRNO_H -DHAVE_FCNTL_H -DHAVE_IFADDRS_H -DHAVE_LIBGEN_H -DHAVE_LIMITS_H -DHAVE_LOCALE_H -DHAVE_NET_IF_H -DHAVE_NETDB_H -DHAVE_NETINET_IN_H -DHAVE_NETINET_TCP_H -DHAVE_POLL_H -DHAVE_PWD_H -DHAVE_SETJMP_H -DHAVE_SGTTY_H -DHAVE_SIGNAL_H -DHAVE_STDBOOL_H -DHAVE_STDINT_H -DHAVE_STDIO_H -DHAVE_STDLIB_H -DHAVE_STRING_H -DHAVE_STRINGS_H -DHAVE_STROPTS_H -DHAVE_TERMIO_H -DHAVE_TERMIOS_H -DHAVE_TIME_H -DHAVE_UNISTD_H -DHAVE_UTIME_H -DHAVE_STDDEF_H -DHAVE_DLFCN_H -DHAVE_MALLOC_H -DHAVE_MEMORY_H -DHAVE_NETINET_IF_ETHER_H -DHAVE_STDINT_H -DHAVE_SYS_UTSNAME_H   -o CMakeFiles/cmTC_ab8a1.dir/CurlTests.c.o   -c /home/pi/newBuild/cmake-3.4.1/Utilities/cmcurl/CMake/CurlTests.c
/home/pi/newBuild/cmake-3.4.1/Utilities/cmcurl/CMake/CurlTests.c: In function ‘main’:
/home/pi/newBuild/cmake-3.4.1/Utilities/cmcurl/CMake/CurlTests.c:106:23: error: storage size of ‘hdata’ isn’t known
   struct hostent_data hdata;
                       ^~~~~
/home/pi/newBuild/cmake-3.4.1/Utilities/cmcurl/CMake/CurlTests.c:127:8: error: too few arguments to function ‘gethostbyaddr_r’
   rc = gethostbyaddr_r(address, length, type, &h, &hdata);
        ^~~~~~~~~~~~~~~
In file included from /home/pi/newBuild/cmake-3.4.1/Utilities/cmcurl/CMake/CurlTests.c:93:0:
/usr/include/netdb.h:172:12: note: declared here
 extern int gethostbyaddr_r (const void *__restrict __addr, __socklen_t __len,
            ^~~~~~~~~~~~~~~
CMakeFiles/cmTC_ab8a1.dir/build.make:65: recipe for target 'CMakeFiles/cmTC_ab8a1.dir/CurlTests.c.o' failed
make[1]: *** [CMakeFiles/cmTC_ab8a1.dir/CurlTests.c.o] Error 1
make[1]: Leaving directory '/home/pi/newBuild/cmake-3.4.1/CMakeFiles/CMakeTmp'
Makefile:126: recipe for target 'cmTC_ab8a1/fast' failed
make: *** [cmTC_ab8a1/fast] Error 2

Performing Curl Test HAVE_GETHOSTBYADDR_R_7 failed with the following output:
Change Dir: /home/pi/newBuild/cmake-3.4.1/CMakeFiles/CMakeTmp

Run Build Command:"/usr/bin/make" "cmTC_0314a/fast"
make -f CMakeFiles/cmTC_0314a.dir/build.make CMakeFiles/cmTC_0314a.dir/build
make[1]: Entering directory '/home/pi/newBuild/cmake-3.4.1/CMakeFiles/CMakeTmp'
Building C object CMakeFiles/cmTC_0314a.dir/CurlTests.c.o
/usr/bin/gcc    -w -DHAVE_GETHOSTBYADDR_R_7  -DHAVE_STDIO_H -DHAVE_INTTYPES_H -DHAVE_SYS_IOCTL_H -DHAVE_SYS_PARAM_H -DHAVE_SYS_POLL_H -DHAVE_SYS_RESOURCE_H -DHAVE_SYS_SELECT_H -DHAVE_SYS_SOCKET_H -DHAVE_SYS_STAT_H -DHAVE_SYS_TIME_H -DHAVE_SYS_TYPES_H -DHAVE_SYS_UIO_H -DHAVE_SYS_UN_H -DHAVE_ALLOCA_H -DHAVE_ARPA_INET_H -DHAVE_ARPA_TFTP_H -DHAVE_ASSERT_H -DHAVE_ERR_H -DHAVE_ERRNO_H -DHAVE_FCNTL_H -DHAVE_IFADDRS_H -DHAVE_LIBGEN_H -DHAVE_LIMITS_H -DHAVE_LOCALE_H -DHAVE_NET_IF_H -DHAVE_NETDB_H -DHAVE_NETINET_IN_H -DHAVE_NETINET_TCP_H -DHAVE_POLL_H -DHAVE_PWD_H -DHAVE_SETJMP_H -DHAVE_SGTTY_H -DHAVE_SIGNAL_H -DHAVE_STDBOOL_H -DHAVE_STDINT_H -DHAVE_STDIO_H -DHAVE_STDLIB_H -DHAVE_STRING_H -DHAVE_STRINGS_H -DHAVE_STROPTS_H -DHAVE_TERMIO_H -DHAVE_TERMIOS_H -DHAVE_TIME_H -DHAVE_UNISTD_H -DHAVE_UTIME_H -DHAVE_STDDEF_H -DHAVE_DLFCN_H -DHAVE_MALLOC_H -DHAVE_MEMORY_H -DHAVE_NETINET_IF_ETHER_H -DHAVE_STDINT_H -DHAVE_SYS_UTSNAME_H   -o CMakeFiles/cmTC_0314a.dir/CurlTests.c.o   -c /home/pi/newBuild/cmake-3.4.1/Utilities/cmcurl/CMake/CurlTests.c
/home/pi/newBuild/cmake-3.4.1/Utilities/cmcurl/CMake/CurlTests.c: In function ‘main’:
/home/pi/newBuild/cmake-3.4.1/Utilities/cmcurl/CMake/CurlTests.c:130:8: error: too few arguments to function ‘gethostbyaddr_r’
   hp = gethostbyaddr_r(address, length, type, &h, buffer, 8192, &h_errnop);
        ^~~~~~~~~~~~~~~
In file included from /home/pi/newBuild/cmake-3.4.1/Utilities/cmcurl/CMake/CurlTests.c:93:0:
/usr/include/netdb.h:172:12: note: declared here
 extern int gethostbyaddr_r (const void *__restrict __addr, __socklen_t __len,
            ^~~~~~~~~~~~~~~
CMakeFiles/cmTC_0314a.dir/build.make:65: recipe for target 'CMakeFiles/cmTC_0314a.dir/CurlTests.c.o' failed
make[1]: *** [CMakeFiles/cmTC_0314a.dir/CurlTests.c.o] Error 1
make[1]: Leaving directory '/home/pi/newBuild/cmake-3.4.1/CMakeFiles/CMakeTmp'
Makefile:126: recipe for target 'cmTC_0314a/fast' failed
make: *** [cmTC_0314a/fast] Error 2

Performing Curl Test HAVE_GETHOSTBYADDR_R_5_REENTRANT failed with the following output:
Change Dir: /home/pi/newBuild/cmake-3.4.1/CMakeFiles/CMakeTmp

Run Build Command:"/usr/bin/make" "cmTC_3f261/fast"
make -f CMakeFiles/cmTC_3f261.dir/build.make CMakeFiles/cmTC_3f261.dir/build
make[1]: Entering directory '/home/pi/newBuild/cmake-3.4.1/CMakeFiles/CMakeTmp'
Building C object CMakeFiles/cmTC_3f261.dir/CurlTests.c.o
/usr/bin/gcc    -w -DHAVE_GETHOSTBYADDR_R_5_REENTRANT  -DHAVE_STDIO_H -DHAVE_INTTYPES_H -DHAVE_SYS_IOCTL_H -DHAVE_SYS_PARAM_H -DHAVE_SYS_POLL_H -DHAVE_SYS_RESOURCE_H -DHAVE_SYS_SELECT_H -DHAVE_SYS_SOCKET_H -DHAVE_SYS_STAT_H -DHAVE_SYS_TIME_H -DHAVE_SYS_TYPES_H -DHAVE_SYS_UIO_H -DHAVE_SYS_UN_H -DHAVE_ALLOCA_H -DHAVE_ARPA_INET_H -DHAVE_ARPA_TFTP_H -DHAVE_ASSERT_H -DHAVE_ERR_H -DHAVE_ERRNO_H -DHAVE_FCNTL_H -DHAVE_IFADDRS_H -DHAVE_LIBGEN_H -DHAVE_LIMITS_H -DHAVE_LOCALE_H -DHAVE_NET_IF_H -DHAVE_NETDB_H -DHAVE_NETINET_IN_H -DHAVE_NETINET_TCP_H -DHAVE_POLL_H -DHAVE_PWD_H -DHAVE_SETJMP_H -DHAVE_SGTTY_H -DHAVE_SIGNAL_H -DHAVE_STDBOOL_H -DHAVE_STDINT_H -DHAVE_STDIO_H -DHAVE_STDLIB_H -DHAVE_STRING_H -DHAVE_STRINGS_H -DHAVE_STROPTS_H -DHAVE_TERMIO_H -DHAVE_TERMIOS_H -DHAVE_TIME_H -DHAVE_UNISTD_H -DHAVE_UTIME_H -DHAVE_STDDEF_H -DHAVE_DLFCN_H -DHAVE_MALLOC_H -DHAVE_MEMORY_H -DHAVE_NETINET_IF_ETHER_H -DHAVE_STDINT_H -DHAVE_SYS_UTSNAME_H   -o CMakeFiles/cmTC_3f261.dir/CurlTests.c.o   -c /home/pi/newBuild/cmake-3.4.1/Utilities/cmcurl/CMake/CurlTests.c
/home/pi/newBuild/cmake-3.4.1/Utilities/cmcurl/CMake/CurlTests.c: In function ‘main’:
/home/pi/newBuild/cmake-3.4.1/Utilities/cmcurl/CMake/CurlTests.c:106:23: error: storage size of ‘hdata’ isn’t known
   struct hostent_data hdata;
                       ^~~~~
/home/pi/newBuild/cmake-3.4.1/Utilities/cmcurl/CMake/CurlTests.c:127:8: error: too few arguments to function ‘gethostbyaddr_r’
   rc = gethostbyaddr_r(address, length, type, &h, &hdata);
        ^~~~~~~~~~~~~~~
In file included from /home/pi/newBuild/cmake-3.4.1/Utilities/cmcurl/CMake/CurlTests.c:93:0:
/usr/include/netdb.h:172:12: note: declared here
 extern int gethostbyaddr_r (const void *__restrict __addr, __socklen_t __len,
            ^~~~~~~~~~~~~~~
CMakeFiles/cmTC_3f261.dir/build.make:65: recipe for target 'CMakeFiles/cmTC_3f261.dir/CurlTests.c.o' failed
make[1]: *** [CMakeFiles/cmTC_3f261.dir/CurlTests.c.o] Error 1
make[1]: Leaving directory '/home/pi/newBuild/cmake-3.4.1/CMakeFiles/CMakeTmp'
Makefile:126: recipe for target 'cmTC_3f261/fast' failed
make: *** [cmTC_3f261/fast] Error 2

Performing Curl Test HAVE_GETHOSTBYADDR_R_7_REENTRANT failed with the following output:
Change Dir: /home/pi/newBuild/cmake-3.4.1/CMakeFiles/CMakeTmp

Run Build Command:"/usr/bin/make" "cmTC_d07bc/fast"
make -f CMakeFiles/cmTC_d07bc.dir/build.make CMakeFiles/cmTC_d07bc.dir/build
make[1]: Entering directory '/home/pi/newBuild/cmake-3.4.1/CMakeFiles/CMakeTmp'
Building C object CMakeFiles/cmTC_d07bc.dir/CurlTests.c.o
/usr/bin/gcc    -w -DHAVE_GETHOSTBYADDR_R_7_REENTRANT  -DHAVE_STDIO_H -DHAVE_INTTYPES_H -DHAVE_SYS_IOCTL_H -DHAVE_SYS_PARAM_H -DHAVE_SYS_POLL_H -DHAVE_SYS_RESOURCE_H -DHAVE_SYS_SELECT_H -DHAVE_SYS_SOCKET_H -DHAVE_SYS_STAT_H -DHAVE_SYS_TIME_H -DHAVE_SYS_TYPES_H -DHAVE_SYS_UIO_H -DHAVE_SYS_UN_H -DHAVE_ALLOCA_H -DHAVE_ARPA_INET_H -DHAVE_ARPA_TFTP_H -DHAVE_ASSERT_H -DHAVE_ERR_H -DHAVE_ERRNO_H -DHAVE_FCNTL_H -DHAVE_IFADDRS_H -DHAVE_LIBGEN_H -DHAVE_LIMITS_H -DHAVE_LOCALE_H -DHAVE_NET_IF_H -DHAVE_NETDB_H -DHAVE_NETINET_IN_H -DHAVE_NETINET_TCP_H -DHAVE_POLL_H -DHAVE_PWD_H -DHAVE_SETJMP_H -DHAVE_SGTTY_H -DHAVE_SIGNAL_H -DHAVE_STDBOOL_H -DHAVE_STDINT_H -DHAVE_STDIO_H -DHAVE_STDLIB_H -DHAVE_STRING_H -DHAVE_STRINGS_H -DHAVE_STROPTS_H -DHAVE_TERMIO_H -DHAVE_TERMIOS_H -DHAVE_TIME_H -DHAVE_UNISTD_H -DHAVE_UTIME_H -DHAVE_STDDEF_H -DHAVE_DLFCN_H -DHAVE_MALLOC_H -DHAVE_MEMORY_H -DHAVE_NETINET_IF_ETHER_H -DHAVE_STDINT_H -DHAVE_SYS_UTSNAME_H   -o CMakeFiles/cmTC_d07bc.dir/CurlTests.c.o   -c /home/pi/newBuild/cmake-3.4.1/Utilities/cmcurl/CMake/CurlTests.c
/home/pi/newBuild/cmake-3.4.1/Utilities/cmcurl/CMake/CurlTests.c: In function ‘main’:
/home/pi/newBuild/cmake-3.4.1/Utilities/cmcurl/CMake/CurlTests.c:130:8: error: too few arguments to function ‘gethostbyaddr_r’
   hp = gethostbyaddr_r(address, length, type, &h, buffer, 8192, &h_errnop);
        ^~~~~~~~~~~~~~~
In file included from /home/pi/newBuild/cmake-3.4.1/Utilities/cmcurl/CMake/CurlTests.c:93:0:
/usr/include/netdb.h:172:12: note: declared here
 extern int gethostbyaddr_r (const void *__restrict __addr, __socklen_t __len,
            ^~~~~~~~~~~~~~~
CMakeFiles/cmTC_d07bc.dir/build.make:65: recipe for target 'CMakeFiles/cmTC_d07bc.dir/CurlTests.c.o' failed
make[1]: *** [CMakeFiles/cmTC_d07bc.dir/CurlTests.c.o] Error 1
make[1]: Leaving directory '/home/pi/newBuild/cmake-3.4.1/CMakeFiles/CMakeTmp'
Makefile:126: recipe for target 'cmTC_d07bc/fast' failed
make: *** [cmTC_d07bc/fast] Error 2

Performing Curl Test HAVE_GETHOSTBYNAME_R_3 failed with the following output:
Change Dir: /home/pi/newBuild/cmake-3.4.1/CMakeFiles/CMakeTmp

Run Build Command:"/usr/bin/make" "cmTC_fd3c7/fast"
make -f CMakeFiles/cmTC_fd3c7.dir/build.make CMakeFiles/cmTC_fd3c7.dir/build
make[1]: Entering directory '/home/pi/newBuild/cmake-3.4.1/CMakeFiles/CMakeTmp'
Building C object CMakeFiles/cmTC_fd3c7.dir/CurlTests.c.o
/usr/bin/gcc    -w -DHAVE_GETHOSTBYNAME_R_3  -DHAVE_STDIO_H -DHAVE_INTTYPES_H -DHAVE_SYS_IOCTL_H -DHAVE_SYS_PARAM_H -DHAVE_SYS_POLL_H -DHAVE_SYS_RESOURCE_H -DHAVE_SYS_SELECT_H -DHAVE_SYS_SOCKET_H -DHAVE_SYS_STAT_H -DHAVE_SYS_TIME_H -DHAVE_SYS_TYPES_H -DHAVE_SYS_UIO_H -DHAVE_SYS_UN_H -DHAVE_ALLOCA_H -DHAVE_ARPA_INET_H -DHAVE_ARPA_TFTP_H -DHAVE_ASSERT_H -DHAVE_ERR_H -DHAVE_ERRNO_H -DHAVE_FCNTL_H -DHAVE_IFADDRS_H -DHAVE_LIBGEN_H -DHAVE_LIMITS_H -DHAVE_LOCALE_H -DHAVE_NET_IF_H -DHAVE_NETDB_H -DHAVE_NETINET_IN_H -DHAVE_NETINET_TCP_H -DHAVE_POLL_H -DHAVE_PWD_H -DHAVE_SETJMP_H -DHAVE_SGTTY_H -DHAVE_SIGNAL_H -DHAVE_STDBOOL_H -DHAVE_STDINT_H -DHAVE_STDIO_H -DHAVE_STDLIB_H -DHAVE_STRING_H -DHAVE_STRINGS_H -DHAVE_STROPTS_H -DHAVE_TERMIO_H -DHAVE_TERMIOS_H -DHAVE_TIME_H -DHAVE_UNISTD_H -DHAVE_UTIME_H -DHAVE_STDDEF_H -DHAVE_DLFCN_H -DHAVE_MALLOC_H -DHAVE_MEMORY_H -DHAVE_NETINET_IF_ETHER_H -DHAVE_STDINT_H -DHAVE_SYS_UTSNAME_H   -o CMakeFiles/cmTC_fd3c7.dir/CurlTests.c.o   -c /home/pi/newBuild/cmake-3.4.1/Utilities/cmcurl/CMake/CurlTests.c
/home/pi/newBuild/cmake-3.4.1/Utilities/cmcurl/CMake/CurlTests.c: In function ‘main’:
/home/pi/newBuild/cmake-3.4.1/Utilities/cmcurl/CMake/CurlTests.c:106:23: error: storage size of ‘hdata’ isn’t known
   struct hostent_data hdata;
                       ^~~~~
/home/pi/newBuild/cmake-3.4.1/Utilities/cmcurl/CMake/CurlTests.c:139:8: error: too few arguments to function ‘gethostbyname_r’
   rc = gethostbyname_r(address, &h, &hdata);
        ^~~~~~~~~~~~~~~
In file included from /home/pi/newBuild/cmake-3.4.1/Utilities/cmcurl/CMake/CurlTests.c:93:0:
/usr/include/netdb.h:179:12: note: declared here
 extern int gethostbyname_r (const char *__restrict __name,
            ^~~~~~~~~~~~~~~
CMakeFiles/cmTC_fd3c7.dir/build.make:65: recipe for target 'CMakeFiles/cmTC_fd3c7.dir/CurlTests.c.o' failed
make[1]: *** [CMakeFiles/cmTC_fd3c7.dir/CurlTests.c.o] Error 1
make[1]: Leaving directory '/home/pi/newBuild/cmake-3.4.1/CMakeFiles/CMakeTmp'
Makefile:126: recipe for target 'cmTC_fd3c7/fast' failed
make: *** [cmTC_fd3c7/fast] Error 2

Performing Curl Test HAVE_GETHOSTBYNAME_R_5 failed with the following output:
Change Dir: /home/pi/newBuild/cmake-3.4.1/CMakeFiles/CMakeTmp

Run Build Command:"/usr/bin/make" "cmTC_c6f1b/fast"
make -f CMakeFiles/cmTC_c6f1b.dir/build.make CMakeFiles/cmTC_c6f1b.dir/build
make[1]: Entering directory '/home/pi/newBuild/cmake-3.4.1/CMakeFiles/CMakeTmp'
Building C object CMakeFiles/cmTC_c6f1b.dir/CurlTests.c.o
/usr/bin/gcc    -w -DHAVE_GETHOSTBYNAME_R_5  -DHAVE_STDIO_H -DHAVE_INTTYPES_H -DHAVE_SYS_IOCTL_H -DHAVE_SYS_PARAM_H -DHAVE_SYS_POLL_H -DHAVE_SYS_RESOURCE_H -DHAVE_SYS_SELECT_H -DHAVE_SYS_SOCKET_H -DHAVE_SYS_STAT_H -DHAVE_SYS_TIME_H -DHAVE_SYS_TYPES_H -DHAVE_SYS_UIO_H -DHAVE_SYS_UN_H -DHAVE_ALLOCA_H -DHAVE_ARPA_INET_H -DHAVE_ARPA_TFTP_H -DHAVE_ASSERT_H -DHAVE_ERR_H -DHAVE_ERRNO_H -DHAVE_FCNTL_H -DHAVE_IFADDRS_H -DHAVE_LIBGEN_H -DHAVE_LIMITS_H -DHAVE_LOCALE_H -DHAVE_NET_IF_H -DHAVE_NETDB_H -DHAVE_NETINET_IN_H -DHAVE_NETINET_TCP_H -DHAVE_POLL_H -DHAVE_PWD_H -DHAVE_SETJMP_H -DHAVE_SGTTY_H -DHAVE_SIGNAL_H -DHAVE_STDBOOL_H -DHAVE_STDINT_H -DHAVE_STDIO_H -DHAVE_STDLIB_H -DHAVE_STRING_H -DHAVE_STRINGS_H -DHAVE_STROPTS_H -DHAVE_TERMIO_H -DHAVE_TERMIOS_H -DHAVE_TIME_H -DHAVE_UNISTD_H -DHAVE_UTIME_H -DHAVE_STDDEF_H -DHAVE_DLFCN_H -DHAVE_MALLOC_H -DHAVE_MEMORY_H -DHAVE_NETINET_IF_ETHER_H -DHAVE_STDINT_H -DHAVE_SYS_UTSNAME_H   -o CMakeFiles/cmTC_c6f1b.dir/CurlTests.c.o   -c /home/pi/newBuild/cmake-3.4.1/Utilities/cmcurl/CMake/CurlTests.c
/home/pi/newBuild/cmake-3.4.1/Utilities/cmcurl/CMake/CurlTests.c: In function ‘main’:
/home/pi/newBuild/cmake-3.4.1/Utilities/cmcurl/CMake/CurlTests.c:142:8: error: too few arguments to function ‘gethostbyname_r’
   rc = gethostbyname_r(address, &h, buffer, 8192, &h_errnop);
        ^~~~~~~~~~~~~~~
In file included from /home/pi/newBuild/cmake-3.4.1/Utilities/cmcurl/CMake/CurlTests.c:93:0:
/usr/include/netdb.h:179:12: note: declared here
 extern int gethostbyname_r (const char *__restrict __name,
            ^~~~~~~~~~~~~~~
CMakeFiles/cmTC_c6f1b.dir/build.make:65: recipe for target 'CMakeFiles/cmTC_c6f1b.dir/CurlTests.c.o' failed
make[1]: *** [CMakeFiles/cmTC_c6f1b.dir/CurlTests.c.o] Error 1
make[1]: Leaving directory '/home/pi/newBuild/cmake-3.4.1/CMakeFiles/CMakeTmp'
Makefile:126: recipe for target 'cmTC_c6f1b/fast' failed
make: *** [cmTC_c6f1b/fast] Error 2

Performing Curl Test HAVE_GETHOSTBYNAME_R_3_REENTRANT failed with the following output:
Change Dir: /home/pi/newBuild/cmake-3.4.1/CMakeFiles/CMakeTmp

Run Build Command:"/usr/bin/make" "cmTC_0fbe1/fast"
make -f CMakeFiles/cmTC_0fbe1.dir/build.make CMakeFiles/cmTC_0fbe1.dir/build
make[1]: Entering directory '/home/pi/newBuild/cmake-3.4.1/CMakeFiles/CMakeTmp'
Building C object CMakeFiles/cmTC_0fbe1.dir/CurlTests.c.o
/usr/bin/gcc    -w -DHAVE_GETHOSTBYNAME_R_3_REENTRANT  -DHAVE_STDIO_H -DHAVE_INTTYPES_H -DHAVE_SYS_IOCTL_H -DHAVE_SYS_PARAM_H -DHAVE_SYS_POLL_H -DHAVE_SYS_RESOURCE_H -DHAVE_SYS_SELECT_H -DHAVE_SYS_SOCKET_H -DHAVE_SYS_STAT_H -DHAVE_SYS_TIME_H -DHAVE_SYS_TYPES_H -DHAVE_SYS_UIO_H -DHAVE_SYS_UN_H -DHAVE_ALLOCA_H -DHAVE_ARPA_INET_H -DHAVE_ARPA_TFTP_H -DHAVE_ASSERT_H -DHAVE_ERR_H -DHAVE_ERRNO_H -DHAVE_FCNTL_H -DHAVE_IFADDRS_H -DHAVE_LIBGEN_H -DHAVE_LIMITS_H -DHAVE_LOCALE_H -DHAVE_NET_IF_H -DHAVE_NETDB_H -DHAVE_NETINET_IN_H -DHAVE_NETINET_TCP_H -DHAVE_POLL_H -DHAVE_PWD_H -DHAVE_SETJMP_H -DHAVE_SGTTY_H -DHAVE_SIGNAL_H -DHAVE_STDBOOL_H -DHAVE_STDINT_H -DHAVE_STDIO_H -DHAVE_STDLIB_H -DHAVE_STRING_H -DHAVE_STRINGS_H -DHAVE_STROPTS_H -DHAVE_TERMIO_H -DHAVE_TERMIOS_H -DHAVE_TIME_H -DHAVE_UNISTD_H -DHAVE_UTIME_H -DHAVE_STDDEF_H -DHAVE_DLFCN_H -DHAVE_MALLOC_H -DHAVE_MEMORY_H -DHAVE_NETINET_IF_ETHER_H -DHAVE_STDINT_H -DHAVE_SYS_UTSNAME_H   -o CMakeFiles/cmTC_0fbe1.dir/CurlTests.c.o   -c /home/pi/newBuild/cmake-3.4.1/Utilities/cmcurl/CMake/CurlTests.c
/home/pi/newBuild/cmake-3.4.1/Utilities/cmcurl/CMake/CurlTests.c: In function ‘main’:
/home/pi/newBuild/cmake-3.4.1/Utilities/cmcurl/CMake/CurlTests.c:106:23: error: storage size of ‘hdata’ isn’t known
   struct hostent_data hdata;
                       ^~~~~
/home/pi/newBuild/cmake-3.4.1/Utilities/cmcurl/CMake/CurlTests.c:139:8: error: too few arguments to function ‘gethostbyname_r’
   rc = gethostbyname_r(address, &h, &hdata);
        ^~~~~~~~~~~~~~~
In file included from /home/pi/newBuild/cmake-3.4.1/Utilities/cmcurl/CMake/CurlTests.c:93:0:
/usr/include/netdb.h:179:12: note: declared here
 extern int gethostbyname_r (const char *__restrict __name,
            ^~~~~~~~~~~~~~~
CMakeFiles/cmTC_0fbe1.dir/build.make:65: recipe for target 'CMakeFiles/cmTC_0fbe1.dir/CurlTests.c.o' failed
make[1]: *** [CMakeFiles/cmTC_0fbe1.dir/CurlTests.c.o] Error 1
make[1]: Leaving directory '/home/pi/newBuild/cmake-3.4.1/CMakeFiles/CMakeTmp'
Makefile:126: recipe for target 'cmTC_0fbe1/fast' failed
make: *** [cmTC_0fbe1/fast] Error 2

Performing Curl Test HAVE_GETHOSTBYNAME_R_5_REENTRANT failed with the following output:
Change Dir: /home/pi/newBuild/cmake-3.4.1/CMakeFiles/CMakeTmp

Run Build Command:"/usr/bin/make" "cmTC_089db/fast"
make -f CMakeFiles/cmTC_089db.dir/build.make CMakeFiles/cmTC_089db.dir/build
make[1]: Entering directory '/home/pi/newBuild/cmake-3.4.1/CMakeFiles/CMakeTmp'
Building C object CMakeFiles/cmTC_089db.dir/CurlTests.c.o
/usr/bin/gcc    -w -DHAVE_GETHOSTBYNAME_R_5_REENTRANT  -DHAVE_STDIO_H -DHAVE_INTTYPES_H -DHAVE_SYS_IOCTL_H -DHAVE_SYS_PARAM_H -DHAVE_SYS_POLL_H -DHAVE_SYS_RESOURCE_H -DHAVE_SYS_SELECT_H -DHAVE_SYS_SOCKET_H -DHAVE_SYS_STAT_H -DHAVE_SYS_TIME_H -DHAVE_SYS_TYPES_H -DHAVE_SYS_UIO_H -DHAVE_SYS_UN_H -DHAVE_ALLOCA_H -DHAVE_ARPA_INET_H -DHAVE_ARPA_TFTP_H -DHAVE_ASSERT_H -DHAVE_ERR_H -DHAVE_ERRNO_H -DHAVE_FCNTL_H -DHAVE_IFADDRS_H -DHAVE_LIBGEN_H -DHAVE_LIMITS_H -DHAVE_LOCALE_H -DHAVE_NET_IF_H -DHAVE_NETDB_H -DHAVE_NETINET_IN_H -DHAVE_NETINET_TCP_H -DHAVE_POLL_H -DHAVE_PWD_H -DHAVE_SETJMP_H -DHAVE_SGTTY_H -DHAVE_SIGNAL_H -DHAVE_STDBOOL_H -DHAVE_STDINT_H -DHAVE_STDIO_H -DHAVE_STDLIB_H -DHAVE_STRING_H -DHAVE_STRINGS_H -DHAVE_STROPTS_H -DHAVE_TERMIO_H -DHAVE_TERMIOS_H -DHAVE_TIME_H -DHAVE_UNISTD_H -DHAVE_UTIME_H -DHAVE_STDDEF_H -DHAVE_DLFCN_H -DHAVE_MALLOC_H -DHAVE_MEMORY_H -DHAVE_NETINET_IF_ETHER_H -DHAVE_STDINT_H -DHAVE_SYS_UTSNAME_H   -o CMakeFiles/cmTC_089db.dir/CurlTests.c.o   -c /home/pi/newBuild/cmake-3.4.1/Utilities/cmcurl/CMake/CurlTests.c
/home/pi/newBuild/cmake-3.4.1/Utilities/cmcurl/CMake/CurlTests.c: In function ‘main’:
/home/pi/newBuild/cmake-3.4.1/Utilities/cmcurl/CMake/CurlTests.c:142:8: error: too few arguments to function ‘gethostbyname_r’
   rc = gethostbyname_r(address, &h, buffer, 8192, &h_errnop);
        ^~~~~~~~~~~~~~~
In file included from /home/pi/newBuild/cmake-3.4.1/Utilities/cmcurl/CMake/CurlTests.c:93:0:
/usr/include/netdb.h:179:12: note: declared here
 extern int gethostbyname_r (const char *__restrict __name,
            ^~~~~~~~~~~~~~~
CMakeFiles/cmTC_089db.dir/build.make:65: recipe for target 'CMakeFiles/cmTC_089db.dir/CurlTests.c.o' failed
make[1]: *** [CMakeFiles/cmTC_089db.dir/CurlTests.c.o] Error 1
make[1]: Leaving directory '/home/pi/newBuild/cmake-3.4.1/CMakeFiles/CMakeTmp'
Makefile:126: recipe for target 'cmTC_089db/fast' failed
make: *** [cmTC_089db/fast] Error 2

Performing Curl Test HAVE_INET_NTOA_R_DECL failed with the following output:
Change Dir: /home/pi/newBuild/cmake-3.4.1/CMakeFiles/CMakeTmp

Run Build Command:"/usr/bin/make" "cmTC_011d1/fast"
make -f CMakeFiles/cmTC_011d1.dir/build.make CMakeFiles/cmTC_011d1.dir/build
make[1]: Entering directory '/home/pi/newBuild/cmake-3.4.1/CMakeFiles/CMakeTmp'
Building C object CMakeFiles/cmTC_011d1.dir/CurlTests.c.o
/usr/bin/gcc    -w -DHAVE_INET_NTOA_R_DECL  -DHAVE_STDIO_H -DHAVE_INTTYPES_H -DHAVE_SYS_IOCTL_H -DHAVE_SYS_PARAM_H -DHAVE_SYS_POLL_H -DHAVE_SYS_RESOURCE_H -DHAVE_SYS_SELECT_H -DHAVE_SYS_SOCKET_H -DHAVE_SYS_STAT_H -DHAVE_SYS_TIME_H -DHAVE_SYS_TYPES_H -DHAVE_SYS_UIO_H -DHAVE_SYS_UN_H -DHAVE_ALLOCA_H -DHAVE_ARPA_INET_H -DHAVE_ARPA_TFTP_H -DHAVE_ASSERT_H -DHAVE_ERR_H -DHAVE_ERRNO_H -DHAVE_FCNTL_H -DHAVE_IFADDRS_H -DHAVE_LIBGEN_H -DHAVE_LIMITS_H -DHAVE_LOCALE_H -DHAVE_NET_IF_H -DHAVE_NETDB_H -DHAVE_NETINET_IN_H -DHAVE_NETINET_TCP_H -DHAVE_POLL_H -DHAVE_PWD_H -DHAVE_SETJMP_H -DHAVE_SGTTY_H -DHAVE_SIGNAL_H -DHAVE_STDBOOL_H -DHAVE_STDINT_H -DHAVE_STDIO_H -DHAVE_STDLIB_H -DHAVE_STRING_H -DHAVE_STRINGS_H -DHAVE_STROPTS_H -DHAVE_TERMIO_H -DHAVE_TERMIOS_H -DHAVE_TIME_H -DHAVE_UNISTD_H -DHAVE_UTIME_H -DHAVE_STDDEF_H -DHAVE_DLFCN_H -DHAVE_MALLOC_H -DHAVE_MEMORY_H -DHAVE_NETINET_IF_ETHER_H -DHAVE_STDINT_H -DHAVE_SYS_UTSNAME_H   -o CMakeFiles/cmTC_011d1.dir/CurlTests.c.o   -c /home/pi/newBuild/cmake-3.4.1/Utilities/cmcurl/CMake/CurlTests.c
/home/pi/newBuild/cmake-3.4.1/Utilities/cmcurl/CMake/CurlTests.c: In function ‘main’:
/home/pi/newBuild/cmake-3.4.1/Utilities/cmcurl/CMake/CurlTests.c:242:21: error: ‘inet_ntoa_r’ undeclared (first use in this function)
   func = (func_type)inet_ntoa_r;
                     ^~~~~~~~~~~
/home/pi/newBuild/cmake-3.4.1/Utilities/cmcurl/CMake/CurlTests.c:242:21: note: each undeclared identifier is reported only once for each function it appears in
CMakeFiles/cmTC_011d1.dir/build.make:65: recipe for target 'CMakeFiles/cmTC_011d1.dir/CurlTests.c.o' failed
make[1]: *** [CMakeFiles/cmTC_011d1.dir/CurlTests.c.o] Error 1
make[1]: Leaving directory '/home/pi/newBuild/cmake-3.4.1/CMakeFiles/CMakeTmp'
Makefile:126: recipe for target 'cmTC_011d1/fast' failed
make: *** [cmTC_011d1/fast] Error 2

Performing Curl Test HAVE_INET_NTOA_R_DECL_REENTRANT failed with the following output:
Change Dir: /home/pi/newBuild/cmake-3.4.1/CMakeFiles/CMakeTmp

Run Build Command:"/usr/bin/make" "cmTC_7afbf/fast"
make -f CMakeFiles/cmTC_7afbf.dir/build.make CMakeFiles/cmTC_7afbf.dir/build
make[1]: Entering directory '/home/pi/newBuild/cmake-3.4.1/CMakeFiles/CMakeTmp'
Building C object CMakeFiles/cmTC_7afbf.dir/CurlTests.c.o
/usr/bin/gcc    -w -DHAVE_INET_NTOA_R_DECL_REENTRANT  -DHAVE_STDIO_H -DHAVE_INTTYPES_H -DHAVE_SYS_IOCTL_H -DHAVE_SYS_PARAM_H -DHAVE_SYS_POLL_H -DHAVE_SYS_RESOURCE_H -DHAVE_SYS_SELECT_H -DHAVE_SYS_SOCKET_H -DHAVE_SYS_STAT_H -DHAVE_SYS_TIME_H -DHAVE_SYS_TYPES_H -DHAVE_SYS_UIO_H -DHAVE_SYS_UN_H -DHAVE_ALLOCA_H -DHAVE_ARPA_INET_H -DHAVE_ARPA_TFTP_H -DHAVE_ASSERT_H -DHAVE_ERR_H -DHAVE_ERRNO_H -DHAVE_FCNTL_H -DHAVE_IFADDRS_H -DHAVE_LIBGEN_H -DHAVE_LIMITS_H -DHAVE_LOCALE_H -DHAVE_NET_IF_H -DHAVE_NETDB_H -DHAVE_NETINET_IN_H -DHAVE_NETINET_TCP_H -DHAVE_POLL_H -DHAVE_PWD_H -DHAVE_SETJMP_H -DHAVE_SGTTY_H -DHAVE_SIGNAL_H -DHAVE_STDBOOL_H -DHAVE_STDINT_H -DHAVE_STDIO_H -DHAVE_STDLIB_H -DHAVE_STRING_H -DHAVE_STRINGS_H -DHAVE_STROPTS_H -DHAVE_TERMIO_H -DHAVE_TERMIOS_H -DHAVE_TIME_H -DHAVE_UNISTD_H -DHAVE_UTIME_H -DHAVE_STDDEF_H -DHAVE_DLFCN_H -DHAVE_MALLOC_H -DHAVE_MEMORY_H -DHAVE_NETINET_IF_ETHER_H -DHAVE_STDINT_H -DHAVE_SYS_UTSNAME_H   -o CMakeFiles/cmTC_7afbf.dir/CurlTests.c.o   -c /home/pi/newBuild/cmake-3.4.1/Utilities/cmcurl/CMake/CurlTests.c
/home/pi/newBuild/cmake-3.4.1/Utilities/cmcurl/CMake/CurlTests.c: In function ‘main’:
/home/pi/newBuild/cmake-3.4.1/Utilities/cmcurl/CMake/CurlTests.c:257:22: error: ‘inet_ntoa_r’ undeclared (first use in this function)
   func = (func_type)&inet_ntoa_r;
                      ^~~~~~~~~~~
/home/pi/newBuild/cmake-3.4.1/Utilities/cmcurl/CMake/CurlTests.c:257:22: note: each undeclared identifier is reported only once for each function it appears in
CMakeFiles/cmTC_7afbf.dir/build.make:65: recipe for target 'CMakeFiles/cmTC_7afbf.dir/CurlTests.c.o' failed
make[1]: *** [CMakeFiles/cmTC_7afbf.dir/CurlTests.c.o] Error 1
make[1]: Leaving directory '/home/pi/newBuild/cmake-3.4.1/CMakeFiles/CMakeTmp'
Makefile:126: recipe for target 'cmTC_7afbf/fast' failed
make: *** [cmTC_7afbf/fast] Error 2

Performing Curl Test HAVE_GLIBC_STRERROR_R failed with the following output:
Change Dir: /home/pi/newBuild/cmake-3.4.1/CMakeFiles/CMakeTmp

Run Build Command:"/usr/bin/make" "cmTC_1de0e/fast"
make -f CMakeFiles/cmTC_1de0e.dir/build.make CMakeFiles/cmTC_1de0e.dir/build
make[1]: Entering directory '/home/pi/newBuild/cmake-3.4.1/CMakeFiles/CMakeTmp'
Building C object CMakeFiles/cmTC_1de0e.dir/CurlTests.c.o
/usr/bin/gcc    -w -DHAVE_GLIBC_STRERROR_R   -o CMakeFiles/cmTC_1de0e.dir/CurlTests.c.o   -c /home/pi/newBuild/cmake-3.4.1/Utilities/cmcurl/CMake/CurlTests.c
Linking C executable cmTC_1de0e
/home/pi/newBuild/cmake-3.4.1/Bootstrap.cmk/cmake -E cmake_link_script CMakeFiles/cmTC_1de0e.dir/link.txt --verbose=1
/usr/bin/gcc    -w -DHAVE_GLIBC_STRERROR_R    CMakeFiles/cmTC_1de0e.dir/CurlTests.c.o  -o cmTC_1de0e -rdynamic 
make[1]: Leaving directory '/home/pi/newBuild/cmake-3.4.1/CMakeFiles/CMakeTmp'
There was a problem running this test


Determining size of curl_off_t failed with the following output:
Change Dir: /home/pi/newBuild/cmake-3.4.1/CMakeFiles/CMakeTmp

Run Build Command:"/usr/bin/make" "cmTC_aa0fb/fast"
make -f CMakeFiles/cmTC_aa0fb.dir/build.make CMakeFiles/cmTC_aa0fb.dir/build
make[1]: Entering directory '/home/pi/newBuild/cmake-3.4.1/CMakeFiles/CMakeTmp'
Building C object CMakeFiles/cmTC_aa0fb.dir/SIZEOF_CURL_OFF_T.c.o
/usr/bin/gcc    -w -D_FILE_OFFSET_BITS=64   -o CMakeFiles/cmTC_aa0fb.dir/SIZEOF_CURL_OFF_T.c.o   -c /home/pi/newBuild/cmake-3.4.1/CMakeFiles/CheckTypeSize/SIZEOF_CURL_OFF_T.c
/home/pi/newBuild/cmake-3.4.1/CMakeFiles/CheckTypeSize/SIZEOF_CURL_OFF_T.c:4:70: fatal error: /home/pi/newBuild/cmake-3.4.1/Utilities/cmcurl/curl/curl.h: No such file or directory
 #include "/home/pi/newBuild/cmake-3.4.1/Utilities/cmcurl/curl/curl.h"
                                                                      ^
compilation terminated.
CMakeFiles/cmTC_aa0fb.dir/build.make:65: recipe for target 'CMakeFiles/cmTC_aa0fb.dir/SIZEOF_CURL_OFF_T.c.o' failed
make[1]: *** [CMakeFiles/cmTC_aa0fb.dir/SIZEOF_CURL_OFF_T.c.o] Error 1
make[1]: Leaving directory '/home/pi/newBuild/cmake-3.4.1/CMakeFiles/CMakeTmp'
Makefile:126: recipe for target 'cmTC_aa0fb/fast' failed
make: *** [cmTC_aa0fb/fast] Error 2

/home/pi/newBuild/cmake-3.4.1/CMakeFiles/CheckTypeSize/SIZEOF_CURL_OFF_T.c:
#include <sys/types.h>
#include <stdint.h>
#include <stddef.h>
#include "/home/pi/newBuild/cmake-3.4.1/Utilities/cmcurl/curl/curl.h"


#undef KEY
#if defined(__i386)
# define KEY '_','_','i','3','8','6'
#elif defined(__x86_64)
# define KEY '_','_','x','8','6','_','6','4'
#elif defined(__ppc__)
# define KEY '_','_','p','p','c','_','_'
#elif defined(__ppc64__)
# define KEY '_','_','p','p','c','6','4','_','_'
#endif

#define SIZE (sizeof(curl_off_t))
char info_size[] =  {'I', 'N', 'F', 'O', ':', 's','i','z','e','[',
  ('0' + ((SIZE / 10000)%10)),
  ('0' + ((SIZE / 1000)%10)),
  ('0' + ((SIZE / 100)%10)),
  ('0' + ((SIZE / 10)%10)),
  ('0' +  (SIZE    % 10)),
  ']',
#ifdef KEY
  ' ','k','e','y','[', KEY, ']',
#endif
  '\0'};

#ifdef __CLASSIC_C__
int main(argc, argv) int argc; char *argv[];
#else
int main(int argc, char *argv[])
#endif
{
  int require = 0;
  require += info_size[argc];
  (void)argv;
  return require;
}


Performing C SOURCE FILE Test HAVE_INLINE failed with the following output:
Change Dir: /home/pi/newBuild/cmake-3.4.1/CMakeFiles/CMakeTmp

Run Build Command:"/usr/bin/make" "cmTC_bdd8f/fast"
make -f CMakeFiles/cmTC_bdd8f.dir/build.make CMakeFiles/cmTC_bdd8f.dir/build
make[1]: Entering directory '/home/pi/newBuild/cmake-3.4.1/CMakeFiles/CMakeTmp'
Building C object CMakeFiles/cmTC_bdd8f.dir/src.c.o
/usr/bin/gcc    -DHAVE_INLINE   -o CMakeFiles/cmTC_bdd8f.dir/src.c.o   -c /home/pi/newBuild/cmake-3.4.1/CMakeFiles/CMakeTmp/src.c
Linking C executable cmTC_bdd8f
/home/pi/newBuild/cmake-3.4.1/Bootstrap.cmk/cmake -E cmake_link_script CMakeFiles/cmTC_bdd8f.dir/link.txt --verbose=1
/usr/bin/gcc   -DHAVE_INLINE    CMakeFiles/cmTC_bdd8f.dir/src.c.o  -o cmTC_bdd8f -rdynamic 
CMakeFiles/cmTC_bdd8f.dir/src.c.o: In function `main':
src.c:(.text+0x8): undefined reference to `test'
collect2: error: ld returned 1 exit status
CMakeFiles/cmTC_bdd8f.dir/build.make:97: recipe for target 'cmTC_bdd8f' failed
make[1]: *** [cmTC_bdd8f] Error 1
make[1]: Leaving directory '/home/pi/newBuild/cmake-3.4.1/CMakeFiles/CMakeTmp'
Makefile:126: recipe for target 'cmTC_bdd8f/fast' failed
make: *** [cmTC_bdd8f/fast] Error 2

Source file was:
inline int test (void) {return 0;}
int main (void) {return test();}
Performing C SOURCE FILE Test HAVE___INLINE failed with the following output:
Change Dir: /home/pi/newBuild/cmake-3.4.1/CMakeFiles/CMakeTmp

Run Build Command:"/usr/bin/make" "cmTC_740ba/fast"
make -f CMakeFiles/cmTC_740ba.dir/build.make CMakeFiles/cmTC_740ba.dir/build
make[1]: Entering directory '/home/pi/newBuild/cmake-3.4.1/CMakeFiles/CMakeTmp'
Building C object CMakeFiles/cmTC_740ba.dir/src.c.o
/usr/bin/gcc    -DHAVE___INLINE   -o CMakeFiles/cmTC_740ba.dir/src.c.o   -c /home/pi/newBuild/cmake-3.4.1/CMakeFiles/CMakeTmp/src.c
Linking C executable cmTC_740ba
/home/pi/newBuild/cmake-3.4.1/Bootstrap.cmk/cmake -E cmake_link_script CMakeFiles/cmTC_740ba.dir/link.txt --verbose=1
/usr/bin/gcc   -DHAVE___INLINE    CMakeFiles/cmTC_740ba.dir/src.c.o  -o cmTC_740ba -rdynamic 
CMakeFiles/cmTC_740ba.dir/src.c.o: In function `main':
src.c:(.text+0x8): undefined reference to `test'
collect2: error: ld returned 1 exit status
CMakeFiles/cmTC_740ba.dir/build.make:97: recipe for target 'cmTC_740ba' failed
make[1]: *** [cmTC_740ba] Error 1
make[1]: Leaving directory '/home/pi/newBuild/cmake-3.4.1/CMakeFiles/CMakeTmp'
Makefile:126: recipe for target 'cmTC_740ba/fast' failed
make: *** [cmTC_740ba/fast] Error 2

Source file was:
__inline int test (void) {return 0;}
int main (void) {return test();}
Determining if the system is big endian passed with the following output:
Change Dir: /home/pi/newBuild/cmake-3.4.1/CMakeFiles/CMakeTmp

Run Build Command:"/usr/bin/make" "cmTC_a1412/fast"
make -f CMakeFiles/cmTC_a1412.dir/build.make CMakeFiles/cmTC_a1412.dir/build
make[1]: Entering directory '/home/pi/newBuild/cmake-3.4.1/CMakeFiles/CMakeTmp'
Building C object CMakeFiles/cmTC_a1412.dir/TestEndianess.c.o
/usr/bin/gcc     -o CMakeFiles/cmTC_a1412.dir/TestEndianess.c.o   -c /home/pi/newBuild/cmake-3.4.1/CMakeFiles/CMakeTmp/TestEndianess.c
Linking C executable cmTC_a1412
/home/pi/newBuild/cmake-3.4.1/Bootstrap.cmk/cmake -E cmake_link_script CMakeFiles/cmTC_a1412.dir/link.txt --verbose=1
/usr/bin/gcc       CMakeFiles/cmTC_a1412.dir/TestEndianess.c.o  -o cmTC_a1412 -rdynamic 
make[1]: Leaving directory '/home/pi/newBuild/cmake-3.4.1/CMakeFiles/CMakeTmp'

TestEndianess.c:
/* A 16 bit integer is required. */
typedef unsigned short cmakeint16;

/* On a little endian machine, these 16bit ints will give "THIS IS LITTLE ENDIAN."
   On a big endian machine the characters will be exchanged pairwise. */
const cmakeint16 info_little[] =  {0x4854, 0x5349, 0x4920, 0x2053, 0x494c, 0x5454, 0x454c, 0x4520, 0x444e, 0x4149, 0x2e4e, 0x0000};

/* on a big endian machine, these 16bit ints will give "THIS IS BIG ENDIAN."
   On a little endian machine the characters will be exchanged pairwise. */
const cmakeint16 info_big[] =     {0x5448, 0x4953, 0x2049, 0x5320, 0x4249, 0x4720, 0x454e, 0x4449, 0x414e, 0x2e2e, 0x0000};

#ifdef __CLASSIC_C__
int main(argc, argv) int argc; char *argv[];
#else
int main(int argc, char *argv[])
#endif
{
  int require = 0;
  require += info_little[argc];
  require += info_big[argc];
  (void)argv;
  return require;
}


Determining size of __int64 failed with the following output:
Change Dir: /home/pi/newBuild/cmake-3.4.1/CMakeFiles/CMakeTmp

Run Build Command:"/usr/bin/make" "cmTC_f36c6/fast"
make -f CMakeFiles/cmTC_f36c6.dir/build.make CMakeFiles/cmTC_f36c6.dir/build
make[1]: Entering directory '/home/pi/newBuild/cmake-3.4.1/CMakeFiles/CMakeTmp'
Building C object CMakeFiles/cmTC_f36c6.dir/__INT64.c.o
/usr/bin/gcc     -o CMakeFiles/cmTC_f36c6.dir/__INT64.c.o   -c /home/pi/newBuild/cmake-3.4.1/CMakeFiles/CheckTypeSize/__INT64.c
/home/pi/newBuild/cmake-3.4.1/CMakeFiles/CheckTypeSize/__INT64.c:17:22: error: ‘__int64’ undeclared here (not in a function)
 #define SIZE (sizeof(__int64))
                      ^
/home/pi/newBuild/cmake-3.4.1/CMakeFiles/CheckTypeSize/__INT64.c:19:12: note: in expansion of macro ‘SIZE’
   ('0' + ((SIZE / 10000)%10)),
            ^~~~
CMakeFiles/cmTC_f36c6.dir/build.make:65: recipe for target 'CMakeFiles/cmTC_f36c6.dir/__INT64.c.o' failed
make[1]: *** [CMakeFiles/cmTC_f36c6.dir/__INT64.c.o] Error 1
make[1]: Leaving directory '/home/pi/newBuild/cmake-3.4.1/CMakeFiles/CMakeTmp'
Makefile:126: recipe for target 'cmTC_f36c6/fast' failed
make: *** [cmTC_f36c6/fast] Error 2

/home/pi/newBuild/cmake-3.4.1/CMakeFiles/CheckTypeSize/__INT64.c:
#include <sys/types.h>
#include <stdint.h>
#include <stddef.h>


#undef KEY
#if defined(__i386)
# define KEY '_','_','i','3','8','6'
#elif defined(__x86_64)
# define KEY '_','_','x','8','6','_','6','4'
#elif defined(__ppc__)
# define KEY '_','_','p','p','c','_','_'
#elif defined(__ppc64__)
# define KEY '_','_','p','p','c','6','4','_','_'
#endif

#define SIZE (sizeof(__int64))
char info_size[] =  {'I', 'N', 'F', 'O', ':', 's','i','z','e','[',
  ('0' + ((SIZE / 10000)%10)),
  ('0' + ((SIZE / 1000)%10)),
  ('0' + ((SIZE / 100)%10)),
  ('0' + ((SIZE / 10)%10)),
  ('0' +  (SIZE    % 10)),
  ']',
#ifdef KEY
  ' ','k','e','y','[', KEY, ']',
#endif
  '\0'};

#ifdef __CLASSIC_C__
int main(argc, argv) int argc; char *argv[];
#else
int main(int argc, char *argv[])
#endif
{
  int require = 0;
  require += info_size[argc];
  (void)argv;
  return require;
}


Determining size of unsigned __int64 failed with the following output:
Change Dir: /home/pi/newBuild/cmake-3.4.1/CMakeFiles/CMakeTmp

Run Build Command:"/usr/bin/make" "cmTC_cfdd6/fast"
make -f CMakeFiles/cmTC_cfdd6.dir/build.make CMakeFiles/cmTC_cfdd6.dir/build
make[1]: Entering directory '/home/pi/newBuild/cmake-3.4.1/CMakeFiles/CMakeTmp'
Building C object CMakeFiles/cmTC_cfdd6.dir/UNSIGNED___INT64.c.o
/usr/bin/gcc     -o CMakeFiles/cmTC_cfdd6.dir/UNSIGNED___INT64.c.o   -c /home/pi/newBuild/cmake-3.4.1/CMakeFiles/CheckTypeSize/UNSIGNED___INT64.c
/home/pi/newBuild/cmake-3.4.1/CMakeFiles/CheckTypeSize/UNSIGNED___INT64.c:17:31: error: expected ‘)’ before ‘__int64’
 #define SIZE (sizeof(unsigned __int64))
                               ^
/home/pi/newBuild/cmake-3.4.1/CMakeFiles/CheckTypeSize/UNSIGNED___INT64.c:19:12: note: in expansion of macro ‘SIZE’
   ('0' + ((SIZE / 10000)%10)),
            ^~~~
/home/pi/newBuild/cmake-3.4.1/CMakeFiles/CheckTypeSize/UNSIGNED___INT64.c:17:31: error: expected ‘)’ before ‘__int64’
 #define SIZE (sizeof(unsigned __int64))
                               ^
/home/pi/newBuild/cmake-3.4.1/CMakeFiles/CheckTypeSize/UNSIGNED___INT64.c:20:12: note: in expansion of macro ‘SIZE’
   ('0' + ((SIZE / 1000)%10)),
            ^~~~
/home/pi/newBuild/cmake-3.4.1/CMakeFiles/CheckTypeSize/UNSIGNED___INT64.c:17:31: error: expected ‘)’ before ‘__int64’
 #define SIZE (sizeof(unsigned __int64))
                               ^
/home/pi/newBuild/cmake-3.4.1/CMakeFiles/CheckTypeSize/UNSIGNED___INT64.c:21:12: note: in expansion of macro ‘SIZE’
   ('0' + ((SIZE / 100)%10)),
            ^~~~
/home/pi/newBuild/cmake-3.4.1/CMakeFiles/CheckTypeSize/UNSIGNED___INT64.c:17:31: error: expected ‘)’ before ‘__int64’
 #define SIZE (sizeof(unsigned __int64))
                               ^
/home/pi/newBuild/cmake-3.4.1/CMakeFiles/CheckTypeSize/UNSIGNED___INT64.c:22:12: note: in expansion of macro ‘SIZE’
   ('0' + ((SIZE / 10)%10)),
            ^~~~
/home/pi/newBuild/cmake-3.4.1/CMakeFiles/CheckTypeSize/UNSIGNED___INT64.c:17:31: error: expected ‘)’ before ‘__int64’
 #define SIZE (sizeof(unsigned __int64))
                               ^
/home/pi/newBuild/cmake-3.4.1/CMakeFiles/CheckTypeSize/UNSIGNED___INT64.c:23:12: note: in expansion of macro ‘SIZE’
   ('0' +  (SIZE    % 10)),
            ^~~~
CMakeFiles/cmTC_cfdd6.dir/build.make:65: recipe for target 'CMakeFiles/cmTC_cfdd6.dir/UNSIGNED___INT64.c.o' failed
make[1]: *** [CMakeFiles/cmTC_cfdd6.dir/UNSIGNED___INT64.c.o] Error 1
make[1]: Leaving directory '/home/pi/newBuild/cmake-3.4.1/CMakeFiles/CMakeTmp'
Makefile:126: recipe for target 'cmTC_cfdd6/fast' failed
make: *** [cmTC_cfdd6/fast] Error 2

/home/pi/newBuild/cmake-3.4.1/CMakeFiles/CheckTypeSize/UNSIGNED___INT64.c:
#include <sys/types.h>
#include <stdint.h>
#include <stddef.h>


#undef KEY
#if defined(__i386)
# define KEY '_','_','i','3','8','6'
#elif defined(__x86_64)
# define KEY '_','_','x','8','6','_','6','4'
#elif defined(__ppc__)
# define KEY '_','_','p','p','c','_','_'
#elif defined(__ppc64__)
# define KEY '_','_','p','p','c','6','4','_','_'
#endif

#define SIZE (sizeof(unsigned __int64))
char info_size[] =  {'I', 'N', 'F', 'O', ':', 's','i','z','e','[',
  ('0' + ((SIZE / 10000)%10)),
  ('0' + ((SIZE / 1000)%10)),
  ('0' + ((SIZE / 100)%10)),
  ('0' + ((SIZE / 10)%10)),
  ('0' +  (SIZE    % 10)),
  ']',
#ifdef KEY
  ' ','k','e','y','[', KEY, ']',
#endif
  '\0'};

#ifdef __CLASSIC_C__
int main(argc, argv) int argc; char *argv[];
#else
int main(int argc, char *argv[])
#endif
{
  int require = 0;
  require += info_size[argc];
  (void)argv;
  return require;
}


Determining if the BZ2_bzCompressInit exist failed with the following output:
Change Dir: /home/pi/newBuild/cmake-3.4.1/CMakeFiles/CMakeTmp

Run Build Command:"/usr/bin/make" "cmTC_c3742/fast"
make -f CMakeFiles/cmTC_c3742.dir/build.make CMakeFiles/cmTC_c3742.dir/build
make[1]: Entering directory '/home/pi/newBuild/cmake-3.4.1/CMakeFiles/CMakeTmp'
Building C object CMakeFiles/cmTC_c3742.dir/CheckSymbolExists.c.o
/usr/bin/gcc   -I/home/pi/newBuild/cmake-3.4.1/Utilities/cmbzip2  -w    -o CMakeFiles/cmTC_c3742.dir/CheckSymbolExists.c.o   -c /home/pi/newBuild/cmake-3.4.1/CMakeFiles/CMakeTmp/CheckSymbolExists.c
Linking C executable cmTC_c3742
/home/pi/newBuild/cmake-3.4.1/Bootstrap.cmk/cmake -E cmake_link_script CMakeFiles/cmTC_c3742.dir/link.txt --verbose=1
/usr/bin/gcc   -w     CMakeFiles/cmTC_c3742.dir/CheckSymbolExists.c.o  -o cmTC_c3742 -rdynamic -lcmbzip2 
/usr/bin/ld: cannot find -lcmbzip2
collect2: error: ld returned 1 exit status
CMakeFiles/cmTC_c3742.dir/build.make:97: recipe for target 'cmTC_c3742' failed
make[1]: *** [cmTC_c3742] Error 1
make[1]: Leaving directory '/home/pi/newBuild/cmake-3.4.1/CMakeFiles/CMakeTmp'
Makefile:126: recipe for target 'cmTC_c3742/fast' failed
make: *** [cmTC_c3742/fast] Error 2

File /home/pi/newBuild/cmake-3.4.1/CMakeFiles/CMakeTmp/CheckSymbolExists.c:
/* */
#include <bzlib.h>

int main(int argc, char** argv)
{
  (void)argv;
#ifndef BZ2_bzCompressInit
  return ((int*)(&BZ2_bzCompressInit))[argc];
#else
  (void)argc;
  return 0;
#endif
}

Determining if files sys/types.h;ctype.h;copyfile.h exist failed with the following output:
Change Dir: /home/pi/newBuild/cmake-3.4.1/CMakeFiles/CMakeTmp

Run Build Command:"/usr/bin/make" "cmTC_71178/fast"
make -f CMakeFiles/cmTC_71178.dir/build.make CMakeFiles/cmTC_71178.dir/build
make[1]: Entering directory '/home/pi/newBuild/cmake-3.4.1/CMakeFiles/CMakeTmp'
Building C object CMakeFiles/cmTC_71178.dir/CheckIncludeFiles.c.o
/usr/bin/gcc    -w    -o CMakeFiles/cmTC_71178.dir/CheckIncludeFiles.c.o   -c /home/pi/newBuild/cmake-3.4.1/CMakeFiles/CMakeTmp/CheckIncludeFiles.c
/home/pi/newBuild/cmake-3.4.1/CMakeFiles/CMakeTmp/CheckIncludeFiles.c:4:22: fatal error: copyfile.h: No such file or directory
 #include <copyfile.h>
                      ^
compilation terminated.
CMakeFiles/cmTC_71178.dir/build.make:65: recipe for target 'CMakeFiles/cmTC_71178.dir/CheckIncludeFiles.c.o' failed
make[1]: *** [CMakeFiles/cmTC_71178.dir/CheckIncludeFiles.c.o] Error 1
make[1]: Leaving directory '/home/pi/newBuild/cmake-3.4.1/CMakeFiles/CMakeTmp'
Makefile:126: recipe for target 'cmTC_71178/fast' failed
make: *** [cmTC_71178/fast] Error 2

Source:
/* */
#include <sys/types.h>
#include <ctype.h>
#include <copyfile.h>


int main(void){return 0;}

Determining if files sys/types.h;ctype.h;direct.h exist failed with the following output:
Change Dir: /home/pi/newBuild/cmake-3.4.1/CMakeFiles/CMakeTmp

Run Build Command:"/usr/bin/make" "cmTC_6a197/fast"
make -f CMakeFiles/cmTC_6a197.dir/build.make CMakeFiles/cmTC_6a197.dir/build
make[1]: Entering directory '/home/pi/newBuild/cmake-3.4.1/CMakeFiles/CMakeTmp'
Building C object CMakeFiles/cmTC_6a197.dir/CheckIncludeFiles.c.o
/usr/bin/gcc    -w    -o CMakeFiles/cmTC_6a197.dir/CheckIncludeFiles.c.o   -c /home/pi/newBuild/cmake-3.4.1/CMakeFiles/CMakeTmp/CheckIncludeFiles.c
/home/pi/newBuild/cmake-3.4.1/CMakeFiles/CMakeTmp/CheckIncludeFiles.c:4:20: fatal error: direct.h: No such file or directory
 #include <direct.h>
                    ^
compilation terminated.
CMakeFiles/cmTC_6a197.dir/build.make:65: recipe for target 'CMakeFiles/cmTC_6a197.dir/CheckIncludeFiles.c.o' failed
make[1]: *** [CMakeFiles/cmTC_6a197.dir/CheckIncludeFiles.c.o] Error 1
make[1]: Leaving directory '/home/pi/newBuild/cmake-3.4.1/CMakeFiles/CMakeTmp'
Makefile:126: recipe for target 'cmTC_6a197/fast' failed
make: *** [cmTC_6a197/fast] Error 2

Source:
/* */
#include <sys/types.h>
#include <ctype.h>
#include <direct.h>


int main(void){return 0;}

Determining if files sys/types.h;ctype.h;dlfcn.h;errno.h;ext2fs/ext2_fs.h exist failed with the following output:
Change Dir: /home/pi/newBuild/cmake-3.4.1/CMakeFiles/CMakeTmp

Run Build Command:"/usr/bin/make" "cmTC_b1b55/fast"
make -f CMakeFiles/cmTC_b1b55.dir/build.make CMakeFiles/cmTC_b1b55.dir/build
make[1]: Entering directory '/home/pi/newBuild/cmake-3.4.1/CMakeFiles/CMakeTmp'
Building C object CMakeFiles/cmTC_b1b55.dir/CheckIncludeFiles.c.o
/usr/bin/gcc    -w    -o CMakeFiles/cmTC_b1b55.dir/CheckIncludeFiles.c.o   -c /home/pi/newBuild/cmake-3.4.1/CMakeFiles/CMakeTmp/CheckIncludeFiles.c
/home/pi/newBuild/cmake-3.4.1/CMakeFiles/CMakeTmp/CheckIncludeFiles.c:6:28: fatal error: ext2fs/ext2_fs.h: No such file or directory
 #include <ext2fs/ext2_fs.h>
                            ^
compilation terminated.
CMakeFiles/cmTC_b1b55.dir/build.make:65: recipe for target 'CMakeFiles/cmTC_b1b55.dir/CheckIncludeFiles.c.o' failed
make[1]: *** [CMakeFiles/cmTC_b1b55.dir/CheckIncludeFiles.c.o] Error 1
make[1]: Leaving directory '/home/pi/newBuild/cmake-3.4.1/CMakeFiles/CMakeTmp'
Makefile:126: recipe for target 'cmTC_b1b55/fast' failed
make: *** [cmTC_b1b55/fast] Error 2

Source:
/* */
#include <sys/types.h>
#include <ctype.h>
#include <dlfcn.h>
#include <errno.h>
#include <ext2fs/ext2_fs.h>


int main(void){return 0;}

Performing C SOURCE FILE Test HAVE_WORKING_EXT2_IOC_GETFLAGS failed with the following output:
Change Dir: /home/pi/newBuild/cmake-3.4.1/CMakeFiles/CMakeTmp

Run Build Command:"/usr/bin/make" "cmTC_4a53d/fast"
make -f CMakeFiles/cmTC_4a53d.dir/build.make CMakeFiles/cmTC_4a53d.dir/build
make[1]: Entering directory '/home/pi/newBuild/cmake-3.4.1/CMakeFiles/CMakeTmp'
Building C object CMakeFiles/cmTC_4a53d.dir/src.c.o
/usr/bin/gcc    -w -DHAVE_WORKING_EXT2_IOC_GETFLAGS   -o CMakeFiles/cmTC_4a53d.dir/src.c.o   -c /home/pi/newBuild/cmake-3.4.1/CMakeFiles/CMakeTmp/src.c
/home/pi/newBuild/cmake-3.4.1/CMakeFiles/CMakeTmp/src.c:2:28: fatal error: ext2fs/ext2_fs.h: No such file or directory
 #include <ext2fs/ext2_fs.h>
                            ^
compilation terminated.
CMakeFiles/cmTC_4a53d.dir/build.make:65: recipe for target 'CMakeFiles/cmTC_4a53d.dir/src.c.o' failed
make[1]: *** [CMakeFiles/cmTC_4a53d.dir/src.c.o] Error 1
make[1]: Leaving directory '/home/pi/newBuild/cmake-3.4.1/CMakeFiles/CMakeTmp'
Makefile:126: recipe for target 'cmTC_4a53d/fast' failed
make: *** [cmTC_4a53d/fast] Error 2

Source file was:
#include <sys/ioctl.h>
#include <ext2fs/ext2_fs.h>
int main(void) { return EXT2_IOC_GETFLAGS; }
Determining if files sys/types.h;ctype.h;dlfcn.h;errno.h;fcntl.h;grp.h;inttypes.h;langinfo.h;limits.h;linux/types.h;linux/fiemap.h;linux/fs.h;linux/magic.h;locale.h;memory.h;paths.h;poll.h;pwd.h;regex.h;signal.h;spawn.h;stdarg.h;stdint.h;stdlib.h;string.h;strings.h;sys/acl.h exist failed with the following output:
Change Dir: /home/pi/newBuild/cmake-3.4.1/CMakeFiles/CMakeTmp

Run Build Command:"/usr/bin/make" "cmTC_2cfb4/fast"
make -f CMakeFiles/cmTC_2cfb4.dir/build.make CMakeFiles/cmTC_2cfb4.dir/build
make[1]: Entering directory '/home/pi/newBuild/cmake-3.4.1/CMakeFiles/CMakeTmp'
Building C object CMakeFiles/cmTC_2cfb4.dir/CheckIncludeFiles.c.o
/usr/bin/gcc    -w    -o CMakeFiles/cmTC_2cfb4.dir/CheckIncludeFiles.c.o   -c /home/pi/newBuild/cmake-3.4.1/CMakeFiles/CMakeTmp/CheckIncludeFiles.c
/home/pi/newBuild/cmake-3.4.1/CMakeFiles/CMakeTmp/CheckIncludeFiles.c:28:21: fatal error: sys/acl.h: No such file or directory
 #include <sys/acl.h>
                     ^
compilation terminated.
CMakeFiles/cmTC_2cfb4.dir/build.make:65: recipe for target 'CMakeFiles/cmTC_2cfb4.dir/CheckIncludeFiles.c.o' failed
make[1]: *** [CMakeFiles/cmTC_2cfb4.dir/CheckIncludeFiles.c.o] Error 1
make[1]: Leaving directory '/home/pi/newBuild/cmake-3.4.1/CMakeFiles/CMakeTmp'
Makefile:126: recipe for target 'cmTC_2cfb4/fast' failed
make: *** [cmTC_2cfb4/fast] Error 2

Source:
/* */
#include <sys/types.h>
#include <ctype.h>
#include <dlfcn.h>
#include <errno.h>
#include <fcntl.h>
#include <grp.h>
#include <inttypes.h>
#include <langinfo.h>
#include <limits.h>
#include <linux/types.h>
#include <linux/fiemap.h>
#include <linux/fs.h>
#include <linux/magic.h>
#include <locale.h>
#include <memory.h>
#include <paths.h>
#include <poll.h>
#include <pwd.h>
#include <regex.h>
#include <signal.h>
#include <spawn.h>
#include <stdarg.h>
#include <stdint.h>
#include <stdlib.h>
#include <string.h>
#include <strings.h>
#include <sys/acl.h>


int main(void){return 0;}

Determining if files sys/types.h;ctype.h;dlfcn.h;errno.h;fcntl.h;grp.h;inttypes.h;langinfo.h;limits.h;linux/types.h;linux/fiemap.h;linux/fs.h;linux/magic.h;locale.h;memory.h;paths.h;poll.h;pwd.h;regex.h;signal.h;spawn.h;stdarg.h;stdint.h;stdlib.h;string.h;strings.h;sys/cdefs.h;sys/ioctl.h;sys/mkdev.h exist failed with the following output:
Change Dir: /home/pi/newBuild/cmake-3.4.1/CMakeFiles/CMakeTmp

Run Build Command:"/usr/bin/make" "cmTC_5764f/fast"
make -f CMakeFiles/cmTC_5764f.dir/build.make CMakeFiles/cmTC_5764f.dir/build
make[1]: Entering directory '/home/pi/newBuild/cmake-3.4.1/CMakeFiles/CMakeTmp'
Building C object CMakeFiles/cmTC_5764f.dir/CheckIncludeFiles.c.o
/usr/bin/gcc    -w    -o CMakeFiles/cmTC_5764f.dir/CheckIncludeFiles.c.o   -c /home/pi/newBuild/cmake-3.4.1/CMakeFiles/CMakeTmp/CheckIncludeFiles.c
/home/pi/newBuild/cmake-3.4.1/CMakeFiles/CMakeTmp/CheckIncludeFiles.c:30:23: fatal error: sys/mkdev.h: No such file or directory
 #include <sys/mkdev.h>
                       ^
compilation terminated.
CMakeFiles/cmTC_5764f.dir/build.make:65: recipe for target 'CMakeFiles/cmTC_5764f.dir/CheckIncludeFiles.c.o' failed
make[1]: *** [CMakeFiles/cmTC_5764f.dir/CheckIncludeFiles.c.o] Error 1
make[1]: Leaving directory '/home/pi/newBuild/cmake-3.4.1/CMakeFiles/CMakeTmp'
Makefile:126: recipe for target 'cmTC_5764f/fast' failed
make: *** [cmTC_5764f/fast] Error 2

Source:
/* */
#include <sys/types.h>
#include <ctype.h>
#include <dlfcn.h>
#include <errno.h>
#include <fcntl.h>
#include <grp.h>
#include <inttypes.h>
#include <langinfo.h>
#include <limits.h>
#include <linux/types.h>
#include <linux/fiemap.h>
#include <linux/fs.h>
#include <linux/magic.h>
#include <locale.h>
#include <memory.h>
#include <paths.h>
#include <poll.h>
#include <pwd.h>
#include <regex.h>
#include <signal.h>
#include <spawn.h>
#include <stdarg.h>
#include <stdint.h>
#include <stdlib.h>
#include <string.h>
#include <strings.h>
#include <sys/cdefs.h>
#include <sys/ioctl.h>
#include <sys/mkdev.h>


int main(void){return 0;}

Determining if files sys/types.h;ctype.h;dlfcn.h;errno.h;fcntl.h;grp.h;inttypes.h;langinfo.h;limits.h;linux/types.h;linux/fiemap.h;linux/fs.h;linux/magic.h;locale.h;memory.h;paths.h;poll.h;pwd.h;regex.h;signal.h;spawn.h;stdarg.h;stdint.h;stdlib.h;string.h;strings.h;sys/cdefs.h;sys/ioctl.h;sys/mount.h exist failed with the following output:
Change Dir: /home/pi/newBuild/cmake-3.4.1/CMakeFiles/CMakeTmp

Run Build Command:"/usr/bin/make" "cmTC_8ff8b/fast"
make -f CMakeFiles/cmTC_8ff8b.dir/build.make CMakeFiles/cmTC_8ff8b.dir/build
make[1]: Entering directory '/home/pi/newBuild/cmake-3.4.1/CMakeFiles/CMakeTmp'
Building C object CMakeFiles/cmTC_8ff8b.dir/CheckIncludeFiles.c.o
/usr/bin/gcc    -w    -o CMakeFiles/cmTC_8ff8b.dir/CheckIncludeFiles.c.o   -c /home/pi/newBuild/cmake-3.4.1/CMakeFiles/CMakeTmp/CheckIncludeFiles.c
In file included from /home/pi/newBuild/cmake-3.4.1/CMakeFiles/CMakeTmp/CheckIncludeFiles.c:13:0:
/usr/include/arm-linux-gnueabihf/sys/mount.h:35:3: error: expected identifier before numeric constant
   MS_RDONLY = 1,  /* Mount read-only.  */
   ^
CMakeFiles/cmTC_8ff8b.dir/build.make:65: recipe for target 'CMakeFiles/cmTC_8ff8b.dir/CheckIncludeFiles.c.o' failed
make[1]: *** [CMakeFiles/cmTC_8ff8b.dir/CheckIncludeFiles.c.o] Error 1
make[1]: Leaving directory '/home/pi/newBuild/cmake-3.4.1/CMakeFiles/CMakeTmp'
Makefile:126: recipe for target 'cmTC_8ff8b/fast' failed
make: *** [cmTC_8ff8b/fast] Error 2

Source:
/* */
#include <sys/types.h>
#include <ctype.h>
#include <dlfcn.h>
#include <errno.h>
#include <fcntl.h>
#include <grp.h>
#include <inttypes.h>
#include <langinfo.h>
#include <limits.h>
#include <linux/types.h>
#include <linux/fiemap.h>
#include <linux/fs.h>
#include <linux/magic.h>
#include <locale.h>
#include <memory.h>
#include <paths.h>
#include <poll.h>
#include <pwd.h>
#include <regex.h>
#include <signal.h>
#include <spawn.h>
#include <stdarg.h>
#include <stdint.h>
#include <stdlib.h>
#include <string.h>
#include <strings.h>
#include <sys/cdefs.h>
#include <sys/ioctl.h>
#include <sys/mount.h>


int main(void){return 0;}

Determining if files sys/types.h;ctype.h;dlfcn.h;errno.h;fcntl.h;grp.h;inttypes.h;langinfo.h;limits.h;linux/types.h;linux/fiemap.h;linux/fs.h;linux/magic.h;locale.h;memory.h;paths.h;poll.h;pwd.h;regex.h;signal.h;spawn.h;stdarg.h;stdint.h;stdlib.h;string.h;strings.h;sys/cdefs.h;sys/ioctl.h;sys/param.h;sys/poll.h;sys/select.h;sys/stat.h;sys/statfs.h;sys/statvfs.h;sys/time.h;sys/utsname.h;sys/vfs.h;sys/wait.h;time.h;unistd.h;utime.h;wchar.h;wctype.h;windows.h exist failed with the following output:
Change Dir: /home/pi/newBuild/cmake-3.4.1/CMakeFiles/CMakeTmp

Run Build Command:"/usr/bin/make" "cmTC_2d2cd/fast"
make -f CMakeFiles/cmTC_2d2cd.dir/build.make CMakeFiles/cmTC_2d2cd.dir/build
make[1]: Entering directory '/home/pi/newBuild/cmake-3.4.1/CMakeFiles/CMakeTmp'
Building C object CMakeFiles/cmTC_2d2cd.dir/CheckIncludeFiles.c.o
/usr/bin/gcc    -w    -o CMakeFiles/cmTC_2d2cd.dir/CheckIncludeFiles.c.o   -c /home/pi/newBuild/cmake-3.4.1/CMakeFiles/CMakeTmp/CheckIncludeFiles.c
/home/pi/newBuild/cmake-3.4.1/CMakeFiles/CMakeTmp/CheckIncludeFiles.c:45:21: fatal error: windows.h: No such file or directory
 #include <windows.h>
                     ^
compilation terminated.
CMakeFiles/cmTC_2d2cd.dir/build.make:65: recipe for target 'CMakeFiles/cmTC_2d2cd.dir/CheckIncludeFiles.c.o' failed
make[1]: *** [CMakeFiles/cmTC_2d2cd.dir/CheckIncludeFiles.c.o] Error 1
make[1]: Leaving directory '/home/pi/newBuild/cmake-3.4.1/CMakeFiles/CMakeTmp'
Makefile:126: recipe for target 'cmTC_2d2cd/fast' failed
make: *** [cmTC_2d2cd/fast] Error 2

Source:
/* */
#include <sys/types.h>
#include <ctype.h>
#include <dlfcn.h>
#include <errno.h>
#include <fcntl.h>
#include <grp.h>
#include <inttypes.h>
#include <langinfo.h>
#include <limits.h>
#include <linux/types.h>
#include <linux/fiemap.h>
#include <linux/fs.h>
#include <linux/magic.h>
#include <locale.h>
#include <memory.h>
#include <paths.h>
#include <poll.h>
#include <pwd.h>
#include <regex.h>
#include <signal.h>
#include <spawn.h>
#include <stdarg.h>
#include <stdint.h>
#include <stdlib.h>
#include <string.h>
#include <strings.h>
#include <sys/cdefs.h>
#include <sys/ioctl.h>
#include <sys/param.h>
#include <sys/poll.h>
#include <sys/select.h>
#include <sys/stat.h>
#include <sys/statfs.h>
#include <sys/statvfs.h>
#include <sys/time.h>
#include <sys/utsname.h>
#include <sys/vfs.h>
#include <sys/wait.h>
#include <time.h>
#include <unistd.h>
#include <utime.h>
#include <wchar.h>
#include <wctype.h>
#include <windows.h>


int main(void){return 0;}

Determining if files sys/types.h;ctype.h;dlfcn.h;errno.h;fcntl.h;grp.h;inttypes.h;langinfo.h;limits.h;linux/types.h;linux/fiemap.h;linux/fs.h;linux/magic.h;locale.h;memory.h;paths.h;poll.h;pwd.h;regex.h;signal.h;spawn.h;stdarg.h;stdint.h;stdlib.h;string.h;strings.h;sys/cdefs.h;sys/ioctl.h;sys/param.h;sys/poll.h;sys/select.h;sys/stat.h;sys/statfs.h;sys/statvfs.h;sys/time.h;sys/utsname.h;sys/vfs.h;sys/wait.h;time.h;unistd.h;utime.h;wchar.h;wctype.h;wincrypt.h exist failed with the following output:
Change Dir: /home/pi/newBuild/cmake-3.4.1/CMakeFiles/CMakeTmp

Run Build Command:"/usr/bin/make" "cmTC_413e1/fast"
make -f CMakeFiles/cmTC_413e1.dir/build.make CMakeFiles/cmTC_413e1.dir/build
make[1]: Entering directory '/home/pi/newBuild/cmake-3.4.1/CMakeFiles/CMakeTmp'
Building C object CMakeFiles/cmTC_413e1.dir/CheckIncludeFiles.c.o
/usr/bin/gcc    -w    -o CMakeFiles/cmTC_413e1.dir/CheckIncludeFiles.c.o   -c /home/pi/newBuild/cmake-3.4.1/CMakeFiles/CMakeTmp/CheckIncludeFiles.c
/home/pi/newBuild/cmake-3.4.1/CMakeFiles/CMakeTmp/CheckIncludeFiles.c:45:22: fatal error: wincrypt.h: No such file or directory
 #include <wincrypt.h>
                      ^
compilation terminated.
CMakeFiles/cmTC_413e1.dir/build.make:65: recipe for target 'CMakeFiles/cmTC_413e1.dir/CheckIncludeFiles.c.o' failed
make[1]: *** [CMakeFiles/cmTC_413e1.dir/CheckIncludeFiles.c.o] Error 1
make[1]: Leaving directory '/home/pi/newBuild/cmake-3.4.1/CMakeFiles/CMakeTmp'
Makefile:126: recipe for target 'cmTC_413e1/fast' failed
make: *** [cmTC_413e1/fast] Error 2

Source:
/* */
#include <sys/types.h>
#include <ctype.h>
#include <dlfcn.h>
#include <errno.h>
#include <fcntl.h>
#include <grp.h>
#include <inttypes.h>
#include <langinfo.h>
#include <limits.h>
#include <linux/types.h>
#include <linux/fiemap.h>
#include <linux/fs.h>
#include <linux/magic.h>
#include <locale.h>
#include <memory.h>
#include <paths.h>
#include <poll.h>
#include <pwd.h>
#include <regex.h>
#include <signal.h>
#include <spawn.h>
#include <stdarg.h>
#include <stdint.h>
#include <stdlib.h>
#include <string.h>
#include <strings.h>
#include <sys/cdefs.h>
#include <sys/ioctl.h>
#include <sys/param.h>
#include <sys/poll.h>
#include <sys/select.h>
#include <sys/stat.h>
#include <sys/statfs.h>
#include <sys/statvfs.h>
#include <sys/time.h>
#include <sys/utsname.h>
#include <sys/vfs.h>
#include <sys/wait.h>
#include <time.h>
#include <unistd.h>
#include <utime.h>
#include <wchar.h>
#include <wctype.h>
#include <wincrypt.h>


int main(void){return 0;}

Determining if files sys/types.h;ctype.h;dlfcn.h;errno.h;fcntl.h;grp.h;inttypes.h;langinfo.h;limits.h;linux/types.h;linux/fiemap.h;linux/fs.h;linux/magic.h;locale.h;memory.h;paths.h;poll.h;pwd.h;regex.h;signal.h;spawn.h;stdarg.h;stdint.h;stdlib.h;string.h;strings.h;sys/cdefs.h;sys/ioctl.h;sys/param.h;sys/poll.h;sys/select.h;sys/stat.h;sys/statfs.h;sys/statvfs.h;sys/time.h;sys/utsname.h;sys/vfs.h;sys/wait.h;time.h;unistd.h;utime.h;wchar.h;wctype.h;winioctl.h exist failed with the following output:
Change Dir: /home/pi/newBuild/cmake-3.4.1/CMakeFiles/CMakeTmp

Run Build Command:"/usr/bin/make" "cmTC_b22d8/fast"
make -f CMakeFiles/cmTC_b22d8.dir/build.make CMakeFiles/cmTC_b22d8.dir/build
make[1]: Entering directory '/home/pi/newBuild/cmake-3.4.1/CMakeFiles/CMakeTmp'
Building C object CMakeFiles/cmTC_b22d8.dir/CheckIncludeFiles.c.o
/usr/bin/gcc    -w    -o CMakeFiles/cmTC_b22d8.dir/CheckIncludeFiles.c.o   -c /home/pi/newBuild/cmake-3.4.1/CMakeFiles/CMakeTmp/CheckIncludeFiles.c
/home/pi/newBuild/cmake-3.4.1/CMakeFiles/CMakeTmp/CheckIncludeFiles.c:45:22: fatal error: winioctl.h: No such file or directory
 #include <winioctl.h>
                      ^
compilation terminated.
CMakeFiles/cmTC_b22d8.dir/build.make:65: recipe for target 'CMakeFiles/cmTC_b22d8.dir/CheckIncludeFiles.c.o' failed
make[1]: *** [CMakeFiles/cmTC_b22d8.dir/CheckIncludeFiles.c.o] Error 1
make[1]: Leaving directory '/home/pi/newBuild/cmake-3.4.1/CMakeFiles/CMakeTmp'
Makefile:126: recipe for target 'cmTC_b22d8/fast' failed
make: *** [cmTC_b22d8/fast] Error 2

Source:
/* */
#include <sys/types.h>
#include <ctype.h>
#include <dlfcn.h>
#include <errno.h>
#include <fcntl.h>
#include <grp.h>
#include <inttypes.h>
#include <langinfo.h>
#include <limits.h>
#include <linux/types.h>
#include <linux/fiemap.h>
#include <linux/fs.h>
#include <linux/magic.h>
#include <locale.h>
#include <memory.h>
#include <paths.h>
#include <poll.h>
#include <pwd.h>
#include <regex.h>
#include <signal.h>
#include <spawn.h>
#include <stdarg.h>
#include <stdint.h>
#include <stdlib.h>
#include <string.h>
#include <strings.h>
#include <sys/cdefs.h>
#include <sys/ioctl.h>
#include <sys/param.h>
#include <sys/poll.h>
#include <sys/select.h>
#include <sys/stat.h>
#include <sys/statfs.h>
#include <sys/statvfs.h>
#include <sys/time.h>
#include <sys/utsname.h>
#include <sys/vfs.h>
#include <sys/wait.h>
#include <time.h>
#include <unistd.h>
#include <utime.h>
#include <wchar.h>
#include <wctype.h>
#include <winioctl.h>


int main(void){return 0;}

Determining if the function MD5Init exists in the md failed with the following output:
Change Dir: /home/pi/newBuild/cmake-3.4.1/CMakeFiles/CMakeTmp

Run Build Command:"/usr/bin/make" "cmTC_b3cc0/fast"
make -f CMakeFiles/cmTC_b3cc0.dir/build.make CMakeFiles/cmTC_b3cc0.dir/build
make[1]: Entering directory '/home/pi/newBuild/cmake-3.4.1/CMakeFiles/CMakeTmp'
Building C object CMakeFiles/cmTC_b3cc0.dir/CheckFunctionExists.c.o
/usr/bin/gcc    -w -DCHECK_FUNCTION_EXISTS=MD5Init   -o CMakeFiles/cmTC_b3cc0.dir/CheckFunctionExists.c.o   -c /home/pi/newBuild/cmake-3.4.1/Modules/CheckFunctionExists.c
Linking C executable cmTC_b3cc0
/home/pi/newBuild/cmake-3.4.1/Bootstrap.cmk/cmake -E cmake_link_script CMakeFiles/cmTC_b3cc0.dir/link.txt --verbose=1
/usr/bin/gcc   -w -DCHECK_FUNCTION_EXISTS=MD5Init    CMakeFiles/cmTC_b3cc0.dir/CheckFunctionExists.c.o  -o cmTC_b3cc0 -rdynamic -lmd 
/usr/bin/ld: cannot find -lmd
collect2: error: ld returned 1 exit status
CMakeFiles/cmTC_b3cc0.dir/build.make:97: recipe for target 'cmTC_b3cc0' failed
make[1]: *** [cmTC_b3cc0] Error 1
make[1]: Leaving directory '/home/pi/newBuild/cmake-3.4.1/CMakeFiles/CMakeTmp'
Makefile:126: recipe for target 'cmTC_b3cc0/fast' failed
make: *** [cmTC_b3cc0/fast] Error 2


Determining if the _CrtSetReportMode exist failed with the following output:
Change Dir: /home/pi/newBuild/cmake-3.4.1/CMakeFiles/CMakeTmp

Run Build Command:"/usr/bin/make" "cmTC_7c7a5/fast"
make -f CMakeFiles/cmTC_7c7a5.dir/build.make CMakeFiles/cmTC_7c7a5.dir/build
make[1]: Entering directory '/home/pi/newBuild/cmake-3.4.1/CMakeFiles/CMakeTmp'
Building C object CMakeFiles/cmTC_7c7a5.dir/CheckSymbolExists.c.o
/usr/bin/gcc    -w  -fno-builtin   -o CMakeFiles/cmTC_7c7a5.dir/CheckSymbolExists.c.o   -c /home/pi/newBuild/cmake-3.4.1/CMakeFiles/CMakeTmp/CheckSymbolExists.c
/home/pi/newBuild/cmake-3.4.1/CMakeFiles/CMakeTmp/CheckSymbolExists.c:2:20: fatal error: crtdbg.h: No such file or directory
 #include <crtdbg.h>
                    ^
compilation terminated.
CMakeFiles/cmTC_7c7a5.dir/build.make:65: recipe for target 'CMakeFiles/cmTC_7c7a5.dir/CheckSymbolExists.c.o' failed
make[1]: *** [CMakeFiles/cmTC_7c7a5.dir/CheckSymbolExists.c.o] Error 1
make[1]: Leaving directory '/home/pi/newBuild/cmake-3.4.1/CMakeFiles/CMakeTmp'
Makefile:126: recipe for target 'cmTC_7c7a5/fast' failed
make: *** [cmTC_7c7a5/fast] Error 2

File /home/pi/newBuild/cmake-3.4.1/CMakeFiles/CMakeTmp/CheckSymbolExists.c:
/* */
#include <crtdbg.h>

int main(int argc, char** argv)
{
  (void)argv;
#ifndef _CrtSetReportMode
  return ((int*)(&_CrtSetReportMode))[argc];
#else
  (void)argc;
  return 0;
#endif
}

Determining if the function getvfsbyname exists failed with the following output:
Change Dir: /home/pi/newBuild/cmake-3.4.1/CMakeFiles/CMakeTmp

Run Build Command:"/usr/bin/make" "cmTC_ab1db/fast"
make -f CMakeFiles/cmTC_ab1db.dir/build.make CMakeFiles/cmTC_ab1db.dir/build
make[1]: Entering directory '/home/pi/newBuild/cmake-3.4.1/CMakeFiles/CMakeTmp'
Building C object CMakeFiles/cmTC_ab1db.dir/CheckFunctionExists.c.o
/usr/bin/gcc    -w -DCHECK_FUNCTION_EXISTS=getvfsbyname  -fno-builtin   -o CMakeFiles/cmTC_ab1db.dir/CheckFunctionExists.c.o   -c /home/pi/newBuild/cmake-3.4.1/Modules/CheckFunctionExists.c
Linking C executable cmTC_ab1db
/home/pi/newBuild/cmake-3.4.1/Bootstrap.cmk/cmake -E cmake_link_script CMakeFiles/cmTC_ab1db.dir/link.txt --verbose=1
/usr/bin/gcc   -w -DCHECK_FUNCTION_EXISTS=getvfsbyname  -fno-builtin    CMakeFiles/cmTC_ab1db.dir/CheckFunctionExists.c.o  -o cmTC_ab1db -rdynamic 
CMakeFiles/cmTC_ab1db.dir/CheckFunctionExists.c.o: In function `main':
CheckFunctionExists.c:(.text+0x14): undefined reference to `getvfsbyname'
collect2: error: ld returned 1 exit status
CMakeFiles/cmTC_ab1db.dir/build.make:97: recipe for target 'cmTC_ab1db' failed
make[1]: *** [cmTC_ab1db] Error 1
make[1]: Leaving directory '/home/pi/newBuild/cmake-3.4.1/CMakeFiles/CMakeTmp'
Makefile:126: recipe for target 'cmTC_ab1db/fast' failed
make: *** [cmTC_ab1db/fast] Error 2


Determining if the function lchflags exists failed with the following output:
Change Dir: /home/pi/newBuild/cmake-3.4.1/CMakeFiles/CMakeTmp

Run Build Command:"/usr/bin/make" "cmTC_5203a/fast"
make -f CMakeFiles/cmTC_5203a.dir/build.make CMakeFiles/cmTC_5203a.dir/build
make[1]: Entering directory '/home/pi/newBuild/cmake-3.4.1/CMakeFiles/CMakeTmp'
Building C object CMakeFiles/cmTC_5203a.dir/CheckFunctionExists.c.o
/usr/bin/gcc    -w -DCHECK_FUNCTION_EXISTS=lchflags  -fno-builtin   -o CMakeFiles/cmTC_5203a.dir/CheckFunctionExists.c.o   -c /home/pi/newBuild/cmake-3.4.1/Modules/CheckFunctionExists.c
Linking C executable cmTC_5203a
/home/pi/newBuild/cmake-3.4.1/Bootstrap.cmk/cmake -E cmake_link_script CMakeFiles/cmTC_5203a.dir/link.txt --verbose=1
/usr/bin/gcc   -w -DCHECK_FUNCTION_EXISTS=lchflags  -fno-builtin    CMakeFiles/cmTC_5203a.dir/CheckFunctionExists.c.o  -o cmTC_5203a -rdynamic 
CMakeFiles/cmTC_5203a.dir/CheckFunctionExists.c.o: In function `main':
CheckFunctionExists.c:(.text+0x14): undefined reference to `lchflags'
collect2: error: ld returned 1 exit status
CMakeFiles/cmTC_5203a.dir/build.make:97: recipe for target 'cmTC_5203a' failed
make[1]: *** [cmTC_5203a] Error 1
make[1]: Leaving directory '/home/pi/newBuild/cmake-3.4.1/CMakeFiles/CMakeTmp'
Makefile:126: recipe for target 'cmTC_5203a/fast' failed
make: *** [cmTC_5203a/fast] Error 2


Determining if the function strncpy_s exists failed with the following output:
Change Dir: /home/pi/newBuild/cmake-3.4.1/CMakeFiles/CMakeTmp

Run Build Command:"/usr/bin/make" "cmTC_37ad4/fast"
make -f CMakeFiles/cmTC_37ad4.dir/build.make CMakeFiles/cmTC_37ad4.dir/build
make[1]: Entering directory '/home/pi/newBuild/cmake-3.4.1/CMakeFiles/CMakeTmp'
Building C object CMakeFiles/cmTC_37ad4.dir/CheckFunctionExists.c.o
/usr/bin/gcc    -w -DCHECK_FUNCTION_EXISTS=strncpy_s  -fno-builtin   -o CMakeFiles/cmTC_37ad4.dir/CheckFunctionExists.c.o   -c /home/pi/newBuild/cmake-3.4.1/Modules/CheckFunctionExists.c
Linking C executable cmTC_37ad4
/home/pi/newBuild/cmake-3.4.1/Bootstrap.cmk/cmake -E cmake_link_script CMakeFiles/cmTC_37ad4.dir/link.txt --verbose=1
/usr/bin/gcc   -w -DCHECK_FUNCTION_EXISTS=strncpy_s  -fno-builtin    CMakeFiles/cmTC_37ad4.dir/CheckFunctionExists.c.o  -o cmTC_37ad4 -rdynamic 
CMakeFiles/cmTC_37ad4.dir/CheckFunctionExists.c.o: In function `main':
CheckFunctionExists.c:(.text+0x14): undefined reference to `strncpy_s'
collect2: error: ld returned 1 exit status
CMakeFiles/cmTC_37ad4.dir/build.make:97: recipe for target 'cmTC_37ad4' failed
make[1]: *** [cmTC_37ad4] Error 1
make[1]: Leaving directory '/home/pi/newBuild/cmake-3.4.1/CMakeFiles/CMakeTmp'
Makefile:126: recipe for target 'cmTC_37ad4/fast' failed
make: *** [cmTC_37ad4/fast] Error 2


Determining if the function _ctime64_s exists failed with the following output:
Change Dir: /home/pi/newBuild/cmake-3.4.1/CMakeFiles/CMakeTmp

Run Build Command:"/usr/bin/make" "cmTC_52662/fast"
make -f CMakeFiles/cmTC_52662.dir/build.make CMakeFiles/cmTC_52662.dir/build
make[1]: Entering directory '/home/pi/newBuild/cmake-3.4.1/CMakeFiles/CMakeTmp'
Building C object CMakeFiles/cmTC_52662.dir/CheckFunctionExists.c.o
/usr/bin/gcc    -w -DCHECK_FUNCTION_EXISTS=_ctime64_s  -fno-builtin   -o CMakeFiles/cmTC_52662.dir/CheckFunctionExists.c.o   -c /home/pi/newBuild/cmake-3.4.1/Modules/CheckFunctionExists.c
Linking C executable cmTC_52662
/home/pi/newBuild/cmake-3.4.1/Bootstrap.cmk/cmake -E cmake_link_script CMakeFiles/cmTC_52662.dir/link.txt --verbose=1
/usr/bin/gcc   -w -DCHECK_FUNCTION_EXISTS=_ctime64_s  -fno-builtin    CMakeFiles/cmTC_52662.dir/CheckFunctionExists.c.o  -o cmTC_52662 -rdynamic 
CMakeFiles/cmTC_52662.dir/CheckFunctionExists.c.o: In function `main':
CheckFunctionExists.c:(.text+0x14): undefined reference to `_ctime64_s'
collect2: error: ld returned 1 exit status
CMakeFiles/cmTC_52662.dir/build.make:97: recipe for target 'cmTC_52662' failed
make[1]: *** [cmTC_52662] Error 1
make[1]: Leaving directory '/home/pi/newBuild/cmake-3.4.1/CMakeFiles/CMakeTmp'
Makefile:126: recipe for target 'cmTC_52662/fast' failed
make: *** [cmTC_52662/fast] Error 2


Determining if the function _fseeki64 exists failed with the following output:
Change Dir: /home/pi/newBuild/cmake-3.4.1/CMakeFiles/CMakeTmp

Run Build Command:"/usr/bin/make" "cmTC_9230e/fast"
make -f CMakeFiles/cmTC_9230e.dir/build.make CMakeFiles/cmTC_9230e.dir/build
make[1]: Entering directory '/home/pi/newBuild/cmake-3.4.1/CMakeFiles/CMakeTmp'
Building C object CMakeFiles/cmTC_9230e.dir/CheckFunctionExists.c.o
/usr/bin/gcc    -w -DCHECK_FUNCTION_EXISTS=_fseeki64  -fno-builtin   -o CMakeFiles/cmTC_9230e.dir/CheckFunctionExists.c.o   -c /home/pi/newBuild/cmake-3.4.1/Modules/CheckFunctionExists.c
Linking C executable cmTC_9230e
/home/pi/newBuild/cmake-3.4.1/Bootstrap.cmk/cmake -E cmake_link_script CMakeFiles/cmTC_9230e.dir/link.txt --verbose=1
/usr/bin/gcc   -w -DCHECK_FUNCTION_EXISTS=_fseeki64  -fno-builtin    CMakeFiles/cmTC_9230e.dir/CheckFunctionExists.c.o  -o cmTC_9230e -rdynamic 
CMakeFiles/cmTC_9230e.dir/CheckFunctionExists.c.o: In function `main':
CheckFunctionExists.c:(.text+0x14): undefined reference to `_fseeki64'
collect2: error: ld returned 1 exit status
CMakeFiles/cmTC_9230e.dir/build.make:97: recipe for target 'cmTC_9230e' failed
make[1]: *** [cmTC_9230e] Error 1
make[1]: Leaving directory '/home/pi/newBuild/cmake-3.4.1/CMakeFiles/CMakeTmp'
Makefile:126: recipe for target 'cmTC_9230e/fast' failed
make: *** [cmTC_9230e/fast] Error 2


Determining if the function _get_timezone exists failed with the following output:
Change Dir: /home/pi/newBuild/cmake-3.4.1/CMakeFiles/CMakeTmp

Run Build Command:"/usr/bin/make" "cmTC_ae0af/fast"
make -f CMakeFiles/cmTC_ae0af.dir/build.make CMakeFiles/cmTC_ae0af.dir/build
make[1]: Entering directory '/home/pi/newBuild/cmake-3.4.1/CMakeFiles/CMakeTmp'
Building C object CMakeFiles/cmTC_ae0af.dir/CheckFunctionExists.c.o
/usr/bin/gcc    -w -DCHECK_FUNCTION_EXISTS=_get_timezone  -fno-builtin   -o CMakeFiles/cmTC_ae0af.dir/CheckFunctionExists.c.o   -c /home/pi/newBuild/cmake-3.4.1/Modules/CheckFunctionExists.c
Linking C executable cmTC_ae0af
/home/pi/newBuild/cmake-3.4.1/Bootstrap.cmk/cmake -E cmake_link_script CMakeFiles/cmTC_ae0af.dir/link.txt --verbose=1
/usr/bin/gcc   -w -DCHECK_FUNCTION_EXISTS=_get_timezone  -fno-builtin    CMakeFiles/cmTC_ae0af.dir/CheckFunctionExists.c.o  -o cmTC_ae0af -rdynamic 
CMakeFiles/cmTC_ae0af.dir/CheckFunctionExists.c.o: In function `main':
CheckFunctionExists.c:(.text+0x14): undefined reference to `_get_timezone'
collect2: error: ld returned 1 exit status
CMakeFiles/cmTC_ae0af.dir/build.make:97: recipe for target 'cmTC_ae0af' failed
make[1]: *** [cmTC_ae0af] Error 1
make[1]: Leaving directory '/home/pi/newBuild/cmake-3.4.1/CMakeFiles/CMakeTmp'
Makefile:126: recipe for target 'cmTC_ae0af/fast' failed
make: *** [cmTC_ae0af/fast] Error 2


Determining if the function _localtime64_s exists failed with the following output:
Change Dir: /home/pi/newBuild/cmake-3.4.1/CMakeFiles/CMakeTmp

Run Build Command:"/usr/bin/make" "cmTC_3f090/fast"
make -f CMakeFiles/cmTC_3f090.dir/build.make CMakeFiles/cmTC_3f090.dir/build
make[1]: Entering directory '/home/pi/newBuild/cmake-3.4.1/CMakeFiles/CMakeTmp'
Building C object CMakeFiles/cmTC_3f090.dir/CheckFunctionExists.c.o
/usr/bin/gcc    -w -DCHECK_FUNCTION_EXISTS=_localtime64_s  -fno-builtin   -o CMakeFiles/cmTC_3f090.dir/CheckFunctionExists.c.o   -c /home/pi/newBuild/cmake-3.4.1/Modules/CheckFunctionExists.c
Linking C executable cmTC_3f090
/home/pi/newBuild/cmake-3.4.1/Bootstrap.cmk/cmake -E cmake_link_script CMakeFiles/cmTC_3f090.dir/link.txt --verbose=1
/usr/bin/gcc   -w -DCHECK_FUNCTION_EXISTS=_localtime64_s  -fno-builtin    CMakeFiles/cmTC_3f090.dir/CheckFunctionExists.c.o  -o cmTC_3f090 -rdynamic 
CMakeFiles/cmTC_3f090.dir/CheckFunctionExists.c.o: In function `main':
CheckFunctionExists.c:(.text+0x14): undefined reference to `_localtime64_s'
collect2: error: ld returned 1 exit status
CMakeFiles/cmTC_3f090.dir/build.make:97: recipe for target 'cmTC_3f090' failed
make[1]: *** [cmTC_3f090] Error 1
make[1]: Leaving directory '/home/pi/newBuild/cmake-3.4.1/CMakeFiles/CMakeTmp'
Makefile:126: recipe for target 'cmTC_3f090/fast' failed
make: *** [cmTC_3f090/fast] Error 2


Determining if the function _mkgmtime64 exists failed with the following output:
Change Dir: /home/pi/newBuild/cmake-3.4.1/CMakeFiles/CMakeTmp

Run Build Command:"/usr/bin/make" "cmTC_7279d/fast"
make -f CMakeFiles/cmTC_7279d.dir/build.make CMakeFiles/cmTC_7279d.dir/build
make[1]: Entering directory '/home/pi/newBuild/cmake-3.4.1/CMakeFiles/CMakeTmp'
Building C object CMakeFiles/cmTC_7279d.dir/CheckFunctionExists.c.o
/usr/bin/gcc    -w -DCHECK_FUNCTION_EXISTS=_mkgmtime64  -fno-builtin   -o CMakeFiles/cmTC_7279d.dir/CheckFunctionExists.c.o   -c /home/pi/newBuild/cmake-3.4.1/Modules/CheckFunctionExists.c
Linking C executable cmTC_7279d
/home/pi/newBuild/cmake-3.4.1/Bootstrap.cmk/cmake -E cmake_link_script CMakeFiles/cmTC_7279d.dir/link.txt --verbose=1
/usr/bin/gcc   -w -DCHECK_FUNCTION_EXISTS=_mkgmtime64  -fno-builtin    CMakeFiles/cmTC_7279d.dir/CheckFunctionExists.c.o  -o cmTC_7279d -rdynamic 
CMakeFiles/cmTC_7279d.dir/CheckFunctionExists.c.o: In function `main':
CheckFunctionExists.c:(.text+0x14): undefined reference to `_mkgmtime64'
collect2: error: ld returned 1 exit status
CMakeFiles/cmTC_7279d.dir/build.make:97: recipe for target 'cmTC_7279d' failed
make[1]: *** [cmTC_7279d] Error 1
make[1]: Leaving directory '/home/pi/newBuild/cmake-3.4.1/CMakeFiles/CMakeTmp'
Makefile:126: recipe for target 'cmTC_7279d/fast' failed
make: *** [cmTC_7279d/fast] Error 2


Determining if the function cygwin_conv_path exists failed with the following output:
Change Dir: /home/pi/newBuild/cmake-3.4.1/CMakeFiles/CMakeTmp

Run Build Command:"/usr/bin/make" "cmTC_ee9ac/fast"
make -f CMakeFiles/cmTC_ee9ac.dir/build.make CMakeFiles/cmTC_ee9ac.dir/build
make[1]: Entering directory '/home/pi/newBuild/cmake-3.4.1/CMakeFiles/CMakeTmp'
Building C object CMakeFiles/cmTC_ee9ac.dir/CheckFunctionExists.c.o
/usr/bin/gcc    -w -DCHECK_FUNCTION_EXISTS=cygwin_conv_path  -fno-builtin   -o CMakeFiles/cmTC_ee9ac.dir/CheckFunctionExists.c.o   -c /home/pi/newBuild/cmake-3.4.1/Modules/CheckFunctionExists.c
Linking C executable cmTC_ee9ac
/home/pi/newBuild/cmake-3.4.1/Bootstrap.cmk/cmake -E cmake_link_script CMakeFiles/cmTC_ee9ac.dir/link.txt --verbose=1
/usr/bin/gcc   -w -DCHECK_FUNCTION_EXISTS=cygwin_conv_path  -fno-builtin    CMakeFiles/cmTC_ee9ac.dir/CheckFunctionExists.c.o  -o cmTC_ee9ac -rdynamic 
CMakeFiles/cmTC_ee9ac.dir/CheckFunctionExists.c.o: In function `main':
CheckFunctionExists.c:(.text+0x14): undefined reference to `cygwin_conv_path'
collect2: error: ld returned 1 exit status
CMakeFiles/cmTC_ee9ac.dir/build.make:97: recipe for target 'cmTC_ee9ac' failed
make[1]: *** [cmTC_ee9ac] Error 1
make[1]: Leaving directory '/home/pi/newBuild/cmake-3.4.1/CMakeFiles/CMakeTmp'
Makefile:126: recipe for target 'cmTC_ee9ac/fast' failed
make: *** [cmTC_ee9ac/fast] Error 2


Performing C SOURCE FILE Test MAJOR_IN_MKDEV failed with the following output:
Change Dir: /home/pi/newBuild/cmake-3.4.1/CMakeFiles/CMakeTmp

Run Build Command:"/usr/bin/make" "cmTC_ebfd2/fast"
make -f CMakeFiles/cmTC_ebfd2.dir/build.make CMakeFiles/cmTC_ebfd2.dir/build
make[1]: Entering directory '/home/pi/newBuild/cmake-3.4.1/CMakeFiles/CMakeTmp'
Building C object CMakeFiles/cmTC_ebfd2.dir/src.c.o
/usr/bin/gcc    -w -DMAJOR_IN_MKDEV   -o CMakeFiles/cmTC_ebfd2.dir/src.c.o   -c /home/pi/newBuild/cmake-3.4.1/CMakeFiles/CMakeTmp/src.c
/home/pi/newBuild/cmake-3.4.1/CMakeFiles/CMakeTmp/src.c:1:23: fatal error: sys/mkdev.h: No such file or directory
 #include <sys/mkdev.h>
                       ^
compilation terminated.
CMakeFiles/cmTC_ebfd2.dir/build.make:65: recipe for target 'CMakeFiles/cmTC_ebfd2.dir/src.c.o' failed
make[1]: *** [CMakeFiles/cmTC_ebfd2.dir/src.c.o] Error 1
make[1]: Leaving directory '/home/pi/newBuild/cmake-3.4.1/CMakeFiles/CMakeTmp'
Makefile:126: recipe for target 'cmTC_ebfd2/fast' failed
make: *** [cmTC_ebfd2/fast] Error 2

Source file was:
#include <sys/mkdev.h>
int main() { return major(256); }
Determining if the EFTYPE exist failed with the following output:
Change Dir: /home/pi/newBuild/cmake-3.4.1/CMakeFiles/CMakeTmp

Run Build Command:"/usr/bin/make" "cmTC_46327/fast"
make -f CMakeFiles/cmTC_46327.dir/build.make CMakeFiles/cmTC_46327.dir/build
make[1]: Entering directory '/home/pi/newBuild/cmake-3.4.1/CMakeFiles/CMakeTmp'
Building C object CMakeFiles/cmTC_46327.dir/CheckSymbolExists.c.o
/usr/bin/gcc    -w    -o CMakeFiles/cmTC_46327.dir/CheckSymbolExists.c.o   -c /home/pi/newBuild/cmake-3.4.1/CMakeFiles/CMakeTmp/CheckSymbolExists.c
/home/pi/newBuild/cmake-3.4.1/CMakeFiles/CMakeTmp/CheckSymbolExists.c: In function ‘main’:
/home/pi/newBuild/cmake-3.4.1/CMakeFiles/CMakeTmp/CheckSymbolExists.c:8:19: error: ‘EFTYPE’ undeclared (first use in this function)
   return ((int*)(&EFTYPE))[argc];
                   ^~~~~~
/home/pi/newBuild/cmake-3.4.1/CMakeFiles/CMakeTmp/CheckSymbolExists.c:8:19: note: each undeclared identifier is reported only once for each function it appears in
CMakeFiles/cmTC_46327.dir/build.make:65: recipe for target 'CMakeFiles/cmTC_46327.dir/CheckSymbolExists.c.o' failed
make[1]: *** [CMakeFiles/cmTC_46327.dir/CheckSymbolExists.c.o] Error 1
make[1]: Leaving directory '/home/pi/newBuild/cmake-3.4.1/CMakeFiles/CMakeTmp'
Makefile:126: recipe for target 'cmTC_46327/fast' failed
make: *** [cmTC_46327/fast] Error 2

File /home/pi/newBuild/cmake-3.4.1/CMakeFiles/CMakeTmp/CheckSymbolExists.c:
/* */
#include <errno.h>

int main(int argc, char** argv)
{
  (void)argv;
#ifndef EFTYPE
  return ((int*)(&EFTYPE))[argc];
#else
  (void)argc;
  return 0;
#endif
}

Determining if the D_MD_ORDER exist failed with the following output:
Change Dir: /home/pi/newBuild/cmake-3.4.1/CMakeFiles/CMakeTmp

Run Build Command:"/usr/bin/make" "cmTC_ae106/fast"
make -f CMakeFiles/cmTC_ae106.dir/build.make CMakeFiles/cmTC_ae106.dir/build
make[1]: Entering directory '/home/pi/newBuild/cmake-3.4.1/CMakeFiles/CMakeTmp'
Building C object CMakeFiles/cmTC_ae106.dir/CheckSymbolExists.c.o
/usr/bin/gcc    -w    -o CMakeFiles/cmTC_ae106.dir/CheckSymbolExists.c.o   -c /home/pi/newBuild/cmake-3.4.1/CMakeFiles/CMakeTmp/CheckSymbolExists.c
/home/pi/newBuild/cmake-3.4.1/CMakeFiles/CMakeTmp/CheckSymbolExists.c: In function ‘main’:
/home/pi/newBuild/cmake-3.4.1/CMakeFiles/CMakeTmp/CheckSymbolExists.c:8:19: error: ‘D_MD_ORDER’ undeclared (first use in this function)
   return ((int*)(&D_MD_ORDER))[argc];
                   ^~~~~~~~~~
/home/pi/newBuild/cmake-3.4.1/CMakeFiles/CMakeTmp/CheckSymbolExists.c:8:19: note: each undeclared identifier is reported only once for each function it appears in
CMakeFiles/cmTC_ae106.dir/build.make:65: recipe for target 'CMakeFiles/cmTC_ae106.dir/CheckSymbolExists.c.o' failed
make[1]: *** [CMakeFiles/cmTC_ae106.dir/CheckSymbolExists.c.o] Error 1
make[1]: Leaving directory '/home/pi/newBuild/cmake-3.4.1/CMakeFiles/CMakeTmp'
Makefile:126: recipe for target 'cmTC_ae106/fast' failed
make: *** [cmTC_ae106/fast] Error 2

File /home/pi/newBuild/cmake-3.4.1/CMakeFiles/CMakeTmp/CheckSymbolExists.c:
/* */
#include <langinfo.h>

int main(int argc, char** argv)
{
  (void)argv;
#ifndef D_MD_ORDER
  return ((int*)(&D_MD_ORDER))[argc];
#else
  (void)argc;
  return 0;
#endif
}

Performing C SOURCE FILE Test HAVE_STRUCT_TM___TM_GMTOFF failed with the following output:
Change Dir: /home/pi/newBuild/cmake-3.4.1/CMakeFiles/CMakeTmp

Run Build Command:"/usr/bin/make" "cmTC_76647/fast"
make -f CMakeFiles/cmTC_76647.dir/build.make CMakeFiles/cmTC_76647.dir/build
make[1]: Entering directory '/home/pi/newBuild/cmake-3.4.1/CMakeFiles/CMakeTmp'
Building C object CMakeFiles/cmTC_76647.dir/src.c.o
/usr/bin/gcc    -w -DHAVE_STRUCT_TM___TM_GMTOFF   -o CMakeFiles/cmTC_76647.dir/src.c.o   -c /home/pi/newBuild/cmake-3.4.1/CMakeFiles/CMakeTmp/src.c
/home/pi/newBuild/cmake-3.4.1/CMakeFiles/CMakeTmp/src.c: In function ‘main’:
/home/pi/newBuild/cmake-3.4.1/CMakeFiles/CMakeTmp/src.c:7:18: error: ‘struct tm’ has no member named ‘__tm_gmtoff’; did you mean ‘tm_gmtoff’?
    if (sizeof(tmp.__tm_gmtoff))
                  ^
CMakeFiles/cmTC_76647.dir/build.make:65: recipe for target 'CMakeFiles/cmTC_76647.dir/src.c.o' failed
make[1]: *** [CMakeFiles/cmTC_76647.dir/src.c.o] Error 1
make[1]: Leaving directory '/home/pi/newBuild/cmake-3.4.1/CMakeFiles/CMakeTmp'
Makefile:126: recipe for target 'cmTC_76647/fast' failed
make: *** [cmTC_76647/fast] Error 2

Source file was:

#include <time.h>

int main()
{
   static struct tm tmp;
   if (sizeof(tmp.__tm_gmtoff))
      return 0;
  return 0;
}

Performing C SOURCE FILE Test HAVE_STRUCT_STATFS_F_NAMEMAX failed with the following output:
Change Dir: /home/pi/newBuild/cmake-3.4.1/CMakeFiles/CMakeTmp

Run Build Command:"/usr/bin/make" "cmTC_ec1cd/fast"
make -f CMakeFiles/cmTC_ec1cd.dir/build.make CMakeFiles/cmTC_ec1cd.dir/build
make[1]: Entering directory '/home/pi/newBuild/cmake-3.4.1/CMakeFiles/CMakeTmp'
Building C object CMakeFiles/cmTC_ec1cd.dir/src.c.o
/usr/bin/gcc    -w -DHAVE_STRUCT_STATFS_F_NAMEMAX   -o CMakeFiles/cmTC_ec1cd.dir/src.c.o   -c /home/pi/newBuild/cmake-3.4.1/CMakeFiles/CMakeTmp/src.c
/home/pi/newBuild/cmake-3.4.1/CMakeFiles/CMakeTmp/src.c: In function ‘main’:
/home/pi/newBuild/cmake-3.4.1/CMakeFiles/CMakeTmp/src.c:7:25: error: storage size of ‘tmp’ isn’t known
    static struct statfs tmp;
                         ^~~
CMakeFiles/cmTC_ec1cd.dir/build.make:65: recipe for target 'CMakeFiles/cmTC_ec1cd.dir/src.c.o' failed
make[1]: *** [CMakeFiles/cmTC_ec1cd.dir/src.c.o] Error 1
make[1]: Leaving directory '/home/pi/newBuild/cmake-3.4.1/CMakeFiles/CMakeTmp'
Makefile:126: recipe for target 'cmTC_ec1cd/fast' failed
make: *** [cmTC_ec1cd/fast] Error 2

Source file was:

#include <sys/param.h>
#include <sys/mount.h>

int main()
{
   static struct statfs tmp;
   if (sizeof(tmp.f_namemax))
      return 0;
  return 0;
}

Performing C SOURCE FILE Test HAVE_STRUCT_STAT_ST_BIRTHTIME failed with the following output:
Change Dir: /home/pi/newBuild/cmake-3.4.1/CMakeFiles/CMakeTmp

Run Build Command:"/usr/bin/make" "cmTC_5c3b2/fast"
make -f CMakeFiles/cmTC_5c3b2.dir/build.make CMakeFiles/cmTC_5c3b2.dir/build
make[1]: Entering directory '/home/pi/newBuild/cmake-3.4.1/CMakeFiles/CMakeTmp'
Building C object CMakeFiles/cmTC_5c3b2.dir/src.c.o
/usr/bin/gcc    -w -DHAVE_STRUCT_STAT_ST_BIRTHTIME   -o CMakeFiles/cmTC_5c3b2.dir/src.c.o   -c /home/pi/newBuild/cmake-3.4.1/CMakeFiles/CMakeTmp/src.c
/home/pi/newBuild/cmake-3.4.1/CMakeFiles/CMakeTmp/src.c: In function ‘main’:
/home/pi/newBuild/cmake-3.4.1/CMakeFiles/CMakeTmp/src.c:8:18: error: ‘struct stat’ has no member named ‘st_birthtime’; did you mean ‘st_blksize’?
    if (sizeof(tmp.st_birthtime))
                  ^
CMakeFiles/cmTC_5c3b2.dir/build.make:65: recipe for target 'CMakeFiles/cmTC_5c3b2.dir/src.c.o' failed
make[1]: *** [CMakeFiles/cmTC_5c3b2.dir/src.c.o] Error 1
make[1]: Leaving directory '/home/pi/newBuild/cmake-3.4.1/CMakeFiles/CMakeTmp'
Makefile:126: recipe for target 'cmTC_5c3b2/fast' failed
make: *** [cmTC_5c3b2/fast] Error 2

Source file was:

#include <sys/types.h>
#include <sys/stat.h>

int main()
{
   static struct stat tmp;
   if (sizeof(tmp.st_birthtime))
      return 0;
  return 0;
}

Performing C SOURCE FILE Test HAVE_STRUCT_STAT_ST_BIRTHTIMESPEC_TV_NSEC failed with the following output:
Change Dir: /home/pi/newBuild/cmake-3.4.1/CMakeFiles/CMakeTmp

Run Build Command:"/usr/bin/make" "cmTC_a63df/fast"
make -f CMakeFiles/cmTC_a63df.dir/build.make CMakeFiles/cmTC_a63df.dir/build
make[1]: Entering directory '/home/pi/newBuild/cmake-3.4.1/CMakeFiles/CMakeTmp'
Building C object CMakeFiles/cmTC_a63df.dir/src.c.o
/usr/bin/gcc    -w -DHAVE_STRUCT_STAT_ST_BIRTHTIMESPEC_TV_NSEC   -o CMakeFiles/cmTC_a63df.dir/src.c.o   -c /home/pi/newBuild/cmake-3.4.1/CMakeFiles/CMakeTmp/src.c
/home/pi/newBuild/cmake-3.4.1/CMakeFiles/CMakeTmp/src.c: In function ‘main’:
/home/pi/newBuild/cmake-3.4.1/CMakeFiles/CMakeTmp/src.c:8:18: error: ‘struct stat’ has no member named ‘st_birthtimespec’
    if (sizeof(tmp.st_birthtimespec.tv_nsec))
                  ^
CMakeFiles/cmTC_a63df.dir/build.make:65: recipe for target 'CMakeFiles/cmTC_a63df.dir/src.c.o' failed
make[1]: *** [CMakeFiles/cmTC_a63df.dir/src.c.o] Error 1
make[1]: Leaving directory '/home/pi/newBuild/cmake-3.4.1/CMakeFiles/CMakeTmp'
Makefile:126: recipe for target 'cmTC_a63df/fast' failed
make: *** [cmTC_a63df/fast] Error 2

Source file was:

#include <sys/types.h>
#include <sys/stat.h>

int main()
{
   static struct stat tmp;
   if (sizeof(tmp.st_birthtimespec.tv_nsec))
      return 0;
  return 0;
}

Performing C SOURCE FILE Test HAVE_STRUCT_STAT_ST_MTIMESPEC_TV_NSEC failed with the following output:
Change Dir: /home/pi/newBuild/cmake-3.4.1/CMakeFiles/CMakeTmp

Run Build Command:"/usr/bin/make" "cmTC_0076b/fast"
make -f CMakeFiles/cmTC_0076b.dir/build.make CMakeFiles/cmTC_0076b.dir/build
make[1]: Entering directory '/home/pi/newBuild/cmake-3.4.1/CMakeFiles/CMakeTmp'
Building C object CMakeFiles/cmTC_0076b.dir/src.c.o
/usr/bin/gcc    -w -DHAVE_STRUCT_STAT_ST_MTIMESPEC_TV_NSEC   -o CMakeFiles/cmTC_0076b.dir/src.c.o   -c /home/pi/newBuild/cmake-3.4.1/CMakeFiles/CMakeTmp/src.c
/home/pi/newBuild/cmake-3.4.1/CMakeFiles/CMakeTmp/src.c: In function ‘main’:
/home/pi/newBuild/cmake-3.4.1/CMakeFiles/CMakeTmp/src.c:8:18: error: ‘struct stat’ has no member named ‘st_mtimespec’; did you mean ‘st_mtim’?
    if (sizeof(tmp.st_mtimespec.tv_nsec))
                  ^
CMakeFiles/cmTC_0076b.dir/build.make:65: recipe for target 'CMakeFiles/cmTC_0076b.dir/src.c.o' failed
make[1]: *** [CMakeFiles/cmTC_0076b.dir/src.c.o] Error 1
make[1]: Leaving directory '/home/pi/newBuild/cmake-3.4.1/CMakeFiles/CMakeTmp'
Makefile:126: recipe for target 'cmTC_0076b/fast' failed
make: *** [cmTC_0076b/fast] Error 2

Source file was:

#include <sys/types.h>
#include <sys/stat.h>

int main()
{
   static struct stat tmp;
   if (sizeof(tmp.st_mtimespec.tv_nsec))
      return 0;
  return 0;
}

Performing C SOURCE FILE Test HAVE_STRUCT_STAT_ST_MTIME_N failed with the following output:
Change Dir: /home/pi/newBuild/cmake-3.4.1/CMakeFiles/CMakeTmp

Run Build Command:"/usr/bin/make" "cmTC_0eab5/fast"
make -f CMakeFiles/cmTC_0eab5.dir/build.make CMakeFiles/cmTC_0eab5.dir/build
make[1]: Entering directory '/home/pi/newBuild/cmake-3.4.1/CMakeFiles/CMakeTmp'
Building C object CMakeFiles/cmTC_0eab5.dir/src.c.o
/usr/bin/gcc    -w -DHAVE_STRUCT_STAT_ST_MTIME_N   -o CMakeFiles/cmTC_0eab5.dir/src.c.o   -c /home/pi/newBuild/cmake-3.4.1/CMakeFiles/CMakeTmp/src.c
/home/pi/newBuild/cmake-3.4.1/CMakeFiles/CMakeTmp/src.c: In function ‘main’:
/home/pi/newBuild/cmake-3.4.1/CMakeFiles/CMakeTmp/src.c:8:18: error: ‘struct stat’ has no member named ‘st_mtime_n’; did you mean ‘st_mtim’?
    if (sizeof(tmp.st_mtime_n))
                  ^
CMakeFiles/cmTC_0eab5.dir/build.make:65: recipe for target 'CMakeFiles/cmTC_0eab5.dir/src.c.o' failed
make[1]: *** [CMakeFiles/cmTC_0eab5.dir/src.c.o] Error 1
make[1]: Leaving directory '/home/pi/newBuild/cmake-3.4.1/CMakeFiles/CMakeTmp'
Makefile:126: recipe for target 'cmTC_0eab5/fast' failed
make: *** [cmTC_0eab5/fast] Error 2

Source file was:

#include <sys/types.h>
#include <sys/stat.h>

int main()
{
   static struct stat tmp;
   if (sizeof(tmp.st_mtime_n))
      return 0;
  return 0;
}

Performing C SOURCE FILE Test HAVE_STRUCT_STAT_ST_UMTIME failed with the following output:
Change Dir: /home/pi/newBuild/cmake-3.4.1/CMakeFiles/CMakeTmp

Run Build Command:"/usr/bin/make" "cmTC_98656/fast"
make -f CMakeFiles/cmTC_98656.dir/build.make CMakeFiles/cmTC_98656.dir/build
make[1]: Entering directory '/home/pi/newBuild/cmake-3.4.1/CMakeFiles/CMakeTmp'
Building C object CMakeFiles/cmTC_98656.dir/src.c.o
/usr/bin/gcc    -w -DHAVE_STRUCT_STAT_ST_UMTIME   -o CMakeFiles/cmTC_98656.dir/src.c.o   -c /home/pi/newBuild/cmake-3.4.1/CMakeFiles/CMakeTmp/src.c
/home/pi/newBuild/cmake-3.4.1/CMakeFiles/CMakeTmp/src.c: In function ‘main’:
/home/pi/newBuild/cmake-3.4.1/CMakeFiles/CMakeTmp/src.c:8:18: error: ‘struct stat’ has no member named ‘st_umtime’; did you mean ‘st_mtim’?
    if (sizeof(tmp.st_umtime))
                  ^
CMakeFiles/cmTC_98656.dir/build.make:65: recipe for target 'CMakeFiles/cmTC_98656.dir/src.c.o' failed
make[1]: *** [CMakeFiles/cmTC_98656.dir/src.c.o] Error 1
make[1]: Leaving directory '/home/pi/newBuild/cmake-3.4.1/CMakeFiles/CMakeTmp'
Makefile:126: recipe for target 'cmTC_98656/fast' failed
make: *** [cmTC_98656/fast] Error 2

Source file was:

#include <sys/types.h>
#include <sys/stat.h>

int main()
{
   static struct stat tmp;
   if (sizeof(tmp.st_umtime))
      return 0;
  return 0;
}

Performing C SOURCE FILE Test HAVE_STRUCT_STAT_ST_MTIME_USEC failed with the following output:
Change Dir: /home/pi/newBuild/cmake-3.4.1/CMakeFiles/CMakeTmp

Run Build Command:"/usr/bin/make" "cmTC_a9b4c/fast"
make -f CMakeFiles/cmTC_a9b4c.dir/build.make CMakeFiles/cmTC_a9b4c.dir/build
make[1]: Entering directory '/home/pi/newBuild/cmake-3.4.1/CMakeFiles/CMakeTmp'
Building C object CMakeFiles/cmTC_a9b4c.dir/src.c.o
/usr/bin/gcc    -w -DHAVE_STRUCT_STAT_ST_MTIME_USEC   -o CMakeFiles/cmTC_a9b4c.dir/src.c.o   -c /home/pi/newBuild/cmake-3.4.1/CMakeFiles/CMakeTmp/src.c
/home/pi/newBuild/cmake-3.4.1/CMakeFiles/CMakeTmp/src.c: In function ‘main’:
/home/pi/newBuild/cmake-3.4.1/CMakeFiles/CMakeTmp/src.c:8:18: error: ‘struct stat’ has no member named ‘st_mtime_usec’; did you mean ‘st_mtim’?
    if (sizeof(tmp.st_mtime_usec))
                  ^
CMakeFiles/cmTC_a9b4c.dir/build.make:65: recipe for target 'CMakeFiles/cmTC_a9b4c.dir/src.c.o' failed
make[1]: *** [CMakeFiles/cmTC_a9b4c.dir/src.c.o] Error 1
make[1]: Leaving directory '/home/pi/newBuild/cmake-3.4.1/CMakeFiles/CMakeTmp'
Makefile:126: recipe for target 'cmTC_a9b4c/fast' failed
make: *** [cmTC_a9b4c/fast] Error 2

Source file was:

#include <sys/types.h>
#include <sys/stat.h>

int main()
{
   static struct stat tmp;
   if (sizeof(tmp.st_mtime_usec))
      return 0;
  return 0;
}

Performing C SOURCE FILE Test HAVE_STRUCT_STAT_ST_FLAGS failed with the following output:
Change Dir: /home/pi/newBuild/cmake-3.4.1/CMakeFiles/CMakeTmp

Run Build Command:"/usr/bin/make" "cmTC_d81c6/fast"
make -f CMakeFiles/cmTC_d81c6.dir/build.make CMakeFiles/cmTC_d81c6.dir/build
make[1]: Entering directory '/home/pi/newBuild/cmake-3.4.1/CMakeFiles/CMakeTmp'
Building C object CMakeFiles/cmTC_d81c6.dir/src.c.o
/usr/bin/gcc    -w -DHAVE_STRUCT_STAT_ST_FLAGS   -o CMakeFiles/cmTC_d81c6.dir/src.c.o   -c /home/pi/newBuild/cmake-3.4.1/CMakeFiles/CMakeTmp/src.c
/home/pi/newBuild/cmake-3.4.1/CMakeFiles/CMakeTmp/src.c: In function ‘main’:
/home/pi/newBuild/cmake-3.4.1/CMakeFiles/CMakeTmp/src.c:8:18: error: ‘struct stat’ has no member named ‘st_flags’; did you mean ‘st_nlink’?
    if (sizeof(tmp.st_flags))
                  ^
CMakeFiles/cmTC_d81c6.dir/build.make:65: recipe for target 'CMakeFiles/cmTC_d81c6.dir/src.c.o' failed
make[1]: *** [CMakeFiles/cmTC_d81c6.dir/src.c.o] Error 1
make[1]: Leaving directory '/home/pi/newBuild/cmake-3.4.1/CMakeFiles/CMakeTmp'
Makefile:126: recipe for target 'cmTC_d81c6/fast' failed
make: *** [cmTC_d81c6/fast] Error 2

Source file was:

#include <sys/types.h>
#include <sys/stat.h>

int main()
{
   static struct stat tmp;
   if (sizeof(tmp.st_flags))
      return 0;
  return 0;
}

Performing C SOURCE FILE Test HAVE_STRUCT_STATVFS_F_IOSIZE failed with the following output:
Change Dir: /home/pi/newBuild/cmake-3.4.1/CMakeFiles/CMakeTmp

Run Build Command:"/usr/bin/make" "cmTC_8464f/fast"
make -f CMakeFiles/cmTC_8464f.dir/build.make CMakeFiles/cmTC_8464f.dir/build
make[1]: Entering directory '/home/pi/newBuild/cmake-3.4.1/CMakeFiles/CMakeTmp'
Building C object CMakeFiles/cmTC_8464f.dir/src.c.o
/usr/bin/gcc    -w -DHAVE_STRUCT_STATVFS_F_IOSIZE   -o CMakeFiles/cmTC_8464f.dir/src.c.o   -c /home/pi/newBuild/cmake-3.4.1/CMakeFiles/CMakeTmp/src.c
/home/pi/newBuild/cmake-3.4.1/CMakeFiles/CMakeTmp/src.c: In function ‘main’:
/home/pi/newBuild/cmake-3.4.1/CMakeFiles/CMakeTmp/src.c:8:18: error: ‘struct statvfs’ has no member named ‘f_iosize’; did you mean ‘f_bsize’?
    if (sizeof(tmp.f_iosize))
                  ^
CMakeFiles/cmTC_8464f.dir/build.make:65: recipe for target 'CMakeFiles/cmTC_8464f.dir/src.c.o' failed
make[1]: *** [CMakeFiles/cmTC_8464f.dir/src.c.o] Error 1
make[1]: Leaving directory '/home/pi/newBuild/cmake-3.4.1/CMakeFiles/CMakeTmp'
Makefile:126: recipe for target 'cmTC_8464f/fast' failed
make: *** [cmTC_8464f/fast] Error 2

Source file was:

#include <sys/types.h>
#include <sys/statvfs.h>

int main()
{
   static struct statvfs tmp;
   if (sizeof(tmp.f_iosize))
      return 0;
  return 0;
}

Determining if the system is big endian passed with the following output:
Change Dir: /home/pi/newBuild/cmake-3.4.1/CMakeFiles/CMakeTmp

Run Build Command:"/usr/bin/make" "cmTC_edd15/fast"
make -f CMakeFiles/cmTC_edd15.dir/build.make CMakeFiles/cmTC_edd15.dir/build
make[1]: Entering directory '/home/pi/newBuild/cmake-3.4.1/CMakeFiles/CMakeTmp'
Building C object CMakeFiles/cmTC_edd15.dir/TestEndianess.c.o
/usr/bin/gcc     -o CMakeFiles/cmTC_edd15.dir/TestEndianess.c.o   -c /home/pi/newBuild/cmake-3.4.1/CMakeFiles/CMakeTmp/TestEndianess.c
Linking C executable cmTC_edd15
/home/pi/newBuild/cmake-3.4.1/Bootstrap.cmk/cmake -E cmake_link_script CMakeFiles/cmTC_edd15.dir/link.txt --verbose=1
/usr/bin/gcc       CMakeFiles/cmTC_edd15.dir/TestEndianess.c.o  -o cmTC_edd15 -rdynamic 
make[1]: Leaving directory '/home/pi/newBuild/cmake-3.4.1/CMakeFiles/CMakeTmp'

TestEndianess.c:
/* A 16 bit integer is required. */
typedef unsigned short cmakeint16;

/* On a little endian machine, these 16bit ints will give "THIS IS LITTLE ENDIAN."
   On a big endian machine the characters will be exchanged pairwise. */
const cmakeint16 info_little[] =  {0x4854, 0x5349, 0x4920, 0x2053, 0x494c, 0x5454, 0x454c, 0x4520, 0x444e, 0x4149, 0x2e4e, 0x0000};

/* on a big endian machine, these 16bit ints will give "THIS IS BIG ENDIAN."
   On a little endian machine the characters will be exchanged pairwise. */
const cmakeint16 info_big[] =     {0x5448, 0x4953, 0x2049, 0x5320, 0x4249, 0x4720, 0x454e, 0x4449, 0x414e, 0x2e2e, 0x0000};

#ifdef __CLASSIC_C__
int main(argc, argv) int argc; char *argv[];
#else
int main(int argc, char *argv[])
#endif
{
  int require = 0;
  require += info_little[argc];
  require += info_big[argc];
  (void)argv;
  return require;
}


Looking for a Fortran compiler failed with the following output:
-- The Fortran compiler identification is unknown
CMake Error at CMakeLists.txt:2 (project):
  No CMAKE_Fortran_COMPILER could be found.

  Tell CMake where to find the compiler by setting either the environment
  variable "FC" or the CMake cache entry CMAKE_Fortran_COMPILER to the full
  path to the compiler, or to the compiler name if it is in the PATH.


-- Configuring incomplete, errors occurred!
See also "/home/pi/newBuild/cmake-3.4.1/Tests/CMakeFiles/CheckFortran/CMakeFiles/CMakeOutput.log".
See also "/home/pi/newBuild/cmake-3.4.1/Tests/CMakeFiles/CheckFortran/CMakeFiles/CMakeError.log".

